#
# There is insufficient memory for the Java Runtime Environment to continue.
# Native memory allocation (mmap) failed to map 272629760 bytes for G1 virtual space
# Possible reasons:
#   The system is out of physical RAM or swap space
#   The process is running with CompressedOops enabled, and the Java Heap may be blocking the growth of the native heap
# Possible solutions:
#   Reduce memory load on the system
#   Increase physical memory or swap space
#   Check if swap backing store is full
#   Decrease Java heap size (-Xmx/-Xms)
#   Decrease number of Java threads
#   Decrease Java thread stack sizes (-Xss)
#   Set larger code cache with -XX:ReservedCodeCacheSize=
#   JVM is running with Zero Based Compressed Oops mode in which the Java heap is
#     placed in the first 32GB address space. The Java Heap base address is the
#     maximum limit for the native heap growth. Please use -XX:HeapBaseMinAddress
#     to set the Java Heap base and to place the Java Heap above 32GB virtual address.
# This output file may be truncated or incomplete.
#
#  Out of Memory Error (os_windows.cpp:3600), pid=22048, tid=12300
#
# JRE version: OpenJDK Runtime Environment (21.0+35) (build 21+35-2513)
# Java VM: OpenJDK 64-Bit Server VM (21+35-2513, mixed mode, sharing, tiered, compressed oops, compressed class ptrs, g1 gc, windows-amd64)
# No core dump will be written. Minidumps are not enabled by default on client versions of Windows
#

---------------  S U M M A R Y ------------

Command Line: --add-modules=javafx.controls,javafx.graphics,javafx.media --module-path=C:\Users\szimmn\.gradle\caches\modules-2\files-2.1\org.openjfx\javafx-controls\16\65cdeae29c67d25932dcc66ca4f7d269923631ba\javafx-controls-16-win.jar;C:\Users\szimmn\.gradle\caches\modules-2\files-2.1\org.openjfx\javafx-media\16\6d776658906fc25051734bc6b03f214cc72c808e\javafx-media-16-win.jar;C:\Users\szimmn\.gradle\caches\modules-2\files-2.1\org.openjfx\javafx-graphics\16\cd18f8477818b40cfdbcfec7e2fc15f632f0a2f\javafx-graphics-16-win.jar;C:\Users\szimmn\.gradle\caches\modules-2\files-2.1\org.openjfx\javafx-base\16\e0564fea3f27dd3a10fa62e5005612333fc244bc\javafx-base-16-win.jar -Dfile.encoding=UTF-8 -Duser.country=CH -Duser.language=de -Duser.variant ch.bbcag.main.Launcher

Host: 12th Gen Intel(R) Core(TM) i7-12700, 20 cores, 15G,  Windows 11 , 64 bit Build 22621 (10.0.22621.4391)
Time: Thu Feb 13 11:47:21 2025 Mitteleuropäische Zeit elapsed time: 47.686878 seconds (0d 0h 0m 47s)

---------------  T H R E A D  ---------------

Current thread (0x00000263004152e0):  VMThread "VM Thread"          [id=12300, stack(0x000000e27e500000,0x000000e27e600000) (1024K)]

Stack: [0x000000e27e500000,0x000000e27e600000]
Native frames: (J=compiled Java code, j=interpreted, Vv=VM code, C=native code)
V  [jvm.dll+0x6c8d39]
V  [jvm.dll+0x854091]
V  [jvm.dll+0x85630e]
V  [jvm.dll+0x8569e3]
V  [jvm.dll+0x2809a6]
V  [jvm.dll+0x6c5425]
V  [jvm.dll+0x6b9e1a]
V  [jvm.dll+0x3555ba]
V  [jvm.dll+0x35d206]
V  [jvm.dll+0x3adf6e]
V  [jvm.dll+0x3ae218]
V  [jvm.dll+0x328fcc]
V  [jvm.dll+0x329057]
V  [jvm.dll+0x36d90c]
V  [jvm.dll+0x36c10d]
V  [jvm.dll+0x328741]
V  [jvm.dll+0x36bb38]
V  [jvm.dll+0x85c4e8]
V  [jvm.dll+0x85d5e4]
V  [jvm.dll+0x85db20]
V  [jvm.dll+0x85ddc3]
V  [jvm.dll+0x7fd2c8]
V  [jvm.dll+0x6c748d]
C  [ucrtbase.dll+0x29333]
C  [KERNEL32.DLL+0x1259d]
C  [ntdll.dll+0x5af38]

VM_Operation (0x000000e27f3fd7c8): G1TryInitiateConcMark, mode: safepoint, requested by thread 0x0000026346cc1010


---------------  P R O C E S S  ---------------

Threads class SMR info:
_java_thread_list=0x000002630088ed00, length=18, elements={
0x000002635e0ac390, 0x00000263006a8d20, 0x00000263006a9c40, 0x000002630042d4d0,
0x000002630042e030, 0x00000263006aca10, 0x00000263006ad080, 0x00000263006b0430,
0x00000263006b22f0, 0x00000263007cd0a0, 0x000002634653ddc0, 0x000002634621a2d0,
0x0000026346935980, 0x00000263467a2ff0, 0x0000026346cc1010, 0x00000263472f69e0,
0x00000263475f6620, 0x00000263474cff20
}

Java Threads: ( => current thread )
  0x000002635e0ac390 JavaThread "main"                              [_thread_blocked, id=9304, stack(0x000000e27de00000,0x000000e27df00000) (1024K)]
  0x00000263006a8d20 JavaThread "Reference Handler"          daemon [_thread_blocked, id=4184, stack(0x000000e27e600000,0x000000e27e700000) (1024K)]
  0x00000263006a9c40 JavaThread "Finalizer"                  daemon [_thread_blocked, id=8016, stack(0x000000e27e700000,0x000000e27e800000) (1024K)]
  0x000002630042d4d0 JavaThread "Signal Dispatcher"          daemon [_thread_blocked, id=16452, stack(0x000000e27e800000,0x000000e27e900000) (1024K)]
  0x000002630042e030 JavaThread "Attach Listener"            daemon [_thread_blocked, id=18400, stack(0x000000e27e900000,0x000000e27ea00000) (1024K)]
  0x00000263006aca10 JavaThread "Service Thread"             daemon [_thread_blocked, id=15684, stack(0x000000e27ea00000,0x000000e27eb00000) (1024K)]
  0x00000263006ad080 JavaThread "Monitor Deflation Thread"   daemon [_thread_blocked, id=18676, stack(0x000000e27eb00000,0x000000e27ec00000) (1024K)]
  0x00000263006b0430 JavaThread "C2 CompilerThread0"         daemon [_thread_blocked, id=11056, stack(0x000000e27ec00000,0x000000e27ed00000) (1024K)]
  0x00000263006b22f0 JavaThread "C1 CompilerThread0"         daemon [_thread_blocked, id=22924, stack(0x000000e27ed00000,0x000000e27ee00000) (1024K)]
  0x00000263007cd0a0 JavaThread "Common-Cleaner"             daemon [_thread_blocked, id=3984, stack(0x000000e27f000000,0x000000e27f100000) (1024K)]
  0x000002634653ddc0 JavaThread "Notification Thread"        daemon [_thread_blocked, id=14144, stack(0x000000e27f600000,0x000000e27f700000) (1024K)]
  0x000002634621a2d0 JavaThread "JavaFX-Launcher"                   [_thread_blocked, id=3484, stack(0x000000e27f700000,0x000000e27f800000) (1024K)]
  0x0000026346935980 JavaThread "QuantumRenderer-0"          daemon [_thread_blocked, id=22708, stack(0x000000e27f800000,0x000000e27f900000) (1024K)]
  0x00000263467a2ff0 JavaThread "InvokeLaterDispatcher"      daemon [_thread_blocked, id=17944, stack(0x000000e27f100000,0x000000e27f200000) (1024K)]
  0x0000026346cc1010 JavaThread "JavaFX Application Thread"         [_thread_blocked, id=20872, stack(0x000000e27f300000,0x000000e27f400000) (1024K)]
  0x00000263472f69e0 JavaThread "Thread-2"                   daemon [_thread_blocked, id=1524, stack(0x000000e27f500000,0x000000e27f600000) (1024K)]
  0x00000263475f6620 JavaThread "Prism Font Disposer"        daemon [_thread_blocked, id=19956, stack(0x000000e200900000,0x000000e200a00000) (1024K)]
  0x00000263474cff20 JavaThread "Cleaner-0"                  daemon [_thread_blocked, id=13984, stack(0x000000e200e00000,0x000000e200f00000) (1024K)]
Total: 18

Other Threads:
=>0x00000263004152e0 VMThread "VM Thread"                           [id=12300, stack(0x000000e27e500000,0x000000e27e600000) (1024K)]
  0x00000263003fdbf0 WatcherThread "VM Periodic Task Thread"        [id=20952, stack(0x000000e27e400000,0x000000e27e500000) (1024K)]
  0x00000263604df960 WorkerThread "GC Thread#0"                     [id=21496, stack(0x000000e27df00000,0x000000e27e000000) (1024K)]
  0x0000026347290ad0 WorkerThread "GC Thread#1"                     [id=9348, stack(0x000000e27fd00000,0x000000e27fe00000) (1024K)]
  0x00000263472794f0 WorkerThread "GC Thread#2"                     [id=14576, stack(0x000000e27fe00000,0x000000e27ff00000) (1024K)]
  0x00000263472a0eb0 WorkerThread "GC Thread#3"                     [id=11156, stack(0x000000e27ff00000,0x000000e280000000) (1024K)]
  0x0000026347279cf0 WorkerThread "GC Thread#4"                     [id=3348, stack(0x000000e200000000,0x000000e200100000) (1024K)]
  0x000002634727af10 WorkerThread "GC Thread#5"                     [id=9440, stack(0x000000e200100000,0x000000e200200000) (1024K)]
  0x000002634727a090 WorkerThread "GC Thread#6"                     [id=12760, stack(0x000000e200a00000,0x000000e200b00000) (1024K)]
  0x000002634727a7d0 WorkerThread "GC Thread#7"                     [id=15532, stack(0x000000e200b00000,0x000000e200c00000) (1024K)]
  0x0000026350186370 WorkerThread "GC Thread#8"                     [id=11436, stack(0x000000e200c00000,0x000000e200d00000) (1024K)]
  0x0000026350188ef0 WorkerThread "GC Thread#9"                     [id=18736, stack(0x000000e200d00000,0x000000e200e00000) (1024K)]
  0x0000026350186710 WorkerThread "GC Thread#10"                    [id=14940, stack(0x000000e200200000,0x000000e200300000) (1024K)]
  0x00000263604f0c20 ConcurrentGCThread "G1 Main Marker"            [id=11516, stack(0x000000e27e000000,0x000000e27e100000) (1024K)]
  0x00000263604f18d0 WorkerThread "G1 Conc#0"                       [id=16552, stack(0x000000e27e100000,0x000000e27e200000) (1024K)]
  0x0000026350188410 WorkerThread "G1 Conc#1"                       [id=23400, stack(0x000000e200300000,0x000000e200400000) (1024K)]
  0x0000026350189d70 WorkerThread "G1 Conc#2"                       [id=9388, stack(0x000000e200400000,0x000000e200500000) (1024K)]
  0x00000263501871f0 WorkerThread "G1 Conc#3"                       [id=21212, stack(0x000000e200500000,0x000000e200600000) (1024K)]
  0x000002636053e3f0 ConcurrentGCThread "G1 Refine#0"               [id=4988, stack(0x000000e27e200000,0x000000e27e300000) (1024K)]
  0x00000263002d2100 ConcurrentGCThread "G1 Service"                [id=18860, stack(0x000000e27e300000,0x000000e27e400000) (1024K)]
Total: 20

Threads with active compile tasks:
Total: 0

VM state: at safepoint (normal execution)

VM Mutex/Monitor currently owned by a thread:  ([mutex/lock_event])
[0x00007ffd62fd8548] Threads_lock - owner thread: 0x00000263004152e0
[0x00007ffd62fd8648] Heap_lock - owner thread: 0x0000026346cc1010

Heap address: 0x0000000705200000, size: 4014 MB, Compressed Oops mode: Zero based, Oop shift amount: 3

CDS archive(s) mapped at: [0x0000026301000000-0x0000026301c90000-0x0000026301c90000), size 13172736, SharedBaseAddress: 0x0000026301000000, ArchiveRelocationMode: 1.
Compressed class space mapped at: 0x0000026302000000-0x0000026342000000, reserved size: 1073741824
Narrow klass base: 0x0000026301000000, Narrow klass shift: 0, Narrow klass range: 0x100000000

GC Precious Log:
 CardTable entry size: 512
 Card Set container configuration: InlinePtr #cards 4 size 8 Array Of Cards #cards 16 size 48 Howl #buckets 8 coarsen threshold 3686 Howl Bitmap #cards 512 size 80 coarsen threshold 460 Card regions per heap region 1 cards per card region 4096
 CPUs: 20 total, 20 available
 Memory: 16053M
 Large Page Support: Disabled
 NUMA Support: Disabled
 Compressed Oops: Enabled (Zero based)
 Heap Region Size: 2M
 Heap Min Capacity: 8M
 Heap Initial Capacity: 252M
 Heap Max Capacity: 4014M
 Pre-touch: Disabled
 Parallel Workers: 15
 Concurrent Workers: 4
 Concurrent Refinement Workers: 15
 Periodic GC: Disabled

Heap:
 garbage-first heap   total 440320K, used 184715K [0x0000000705200000, 0x0000000800000000)
  region size 2048K, 1 young (2048K), 1 survivors (2048K)
 Metaspace       used 15275K, committed 15552K, reserved 1114112K
  class space    used 2097K, committed 2240K, reserved 1048576K

Heap Regions: E=young(eden), S=young(survivor), O=old, HS=humongous(starts), HC=humongous(continues), CS=collection set, F=free, TAMS=top-at-mark-start, PB=parsable bottom
|   0|0x0000000705200000, 0x00000007053fff50, 0x0000000705400000| 99%| O|  |TAMS 0x00000007053fff50| PB 0x0000000705200000| Untracked 
|   1|0x0000000705400000, 0x0000000705600000, 0x0000000705600000|100%|HS|  |TAMS 0x0000000705600000| PB 0x0000000705400000| Complete 
|   2|0x0000000705600000, 0x00000007057fff98, 0x0000000705800000| 99%| O|  |TAMS 0x00000007057fff98| PB 0x0000000705600000| Untracked 
|   3|0x0000000705800000, 0x00000007059fac50, 0x0000000705a00000| 98%| O|  |TAMS 0x00000007059fac50| PB 0x0000000705800000| Untracked 
|   4|0x0000000705a00000, 0x0000000705bfffe8, 0x0000000705c00000| 99%| O|  |TAMS 0x0000000705bfffe8| PB 0x0000000705a00000| Untracked 
|   5|0x0000000705c00000, 0x0000000705dfffe0, 0x0000000705e00000| 99%| O|  |TAMS 0x0000000705dfffe0| PB 0x0000000705c00000| Untracked 
|   6|0x0000000705e00000, 0x0000000705ff2f58, 0x0000000706000000| 97%| O|  |TAMS 0x0000000705ff2f58| PB 0x0000000705e00000| Untracked 
|   7|0x0000000706000000, 0x00000007061fffe0, 0x0000000706200000| 99%| O|  |TAMS 0x00000007061fffe0| PB 0x0000000706000000| Untracked 
|   8|0x0000000706200000, 0x0000000706400000, 0x0000000706400000|100%| O|  |TAMS 0x0000000706400000| PB 0x0000000706200000| Untracked 
|   9|0x0000000706400000, 0x0000000706508830, 0x0000000706600000| 51%| O|  |TAMS 0x0000000706508830| PB 0x0000000706400000| Untracked 
|  10|0x0000000706600000, 0x0000000706800000, 0x0000000706800000|100%|HS|  |TAMS 0x0000000706800000| PB 0x0000000706600000| Complete 
|  11|0x0000000706800000, 0x0000000706a00000, 0x0000000706a00000|100%|HC|  |TAMS 0x0000000706a00000| PB 0x0000000706800000| Complete 
|  12|0x0000000706a00000, 0x0000000706c00000, 0x0000000706c00000|100%|HS|  |TAMS 0x0000000706c00000| PB 0x0000000706a00000| Complete 
|  13|0x0000000706c00000, 0x0000000706e00000, 0x0000000706e00000|100%|HC|  |TAMS 0x0000000706e00000| PB 0x0000000706c00000| Complete 
|  14|0x0000000706e00000, 0x0000000707000000, 0x0000000707000000|100%|HS|  |TAMS 0x0000000707000000| PB 0x0000000706e00000| Complete 
|  15|0x0000000707000000, 0x0000000707200000, 0x0000000707200000|100%|HC|  |TAMS 0x0000000707200000| PB 0x0000000707000000| Complete 
|  16|0x0000000707200000, 0x0000000707400000, 0x0000000707400000|100%|HS|  |TAMS 0x0000000707400000| PB 0x0000000707200000| Complete 
|  17|0x0000000707400000, 0x0000000707600000, 0x0000000707600000|100%|HC|  |TAMS 0x0000000707600000| PB 0x0000000707400000| Complete 
|  18|0x0000000707600000, 0x0000000707800000, 0x0000000707800000|100%| O|  |TAMS 0x0000000707800000| PB 0x0000000707600000| Untracked 
|  19|0x0000000707800000, 0x0000000707a00000, 0x0000000707a00000|100%| O|  |TAMS 0x0000000707a00000| PB 0x0000000707800000| Untracked 
|  20|0x0000000707a00000, 0x0000000707c00000, 0x0000000707c00000|100%| O|  |TAMS 0x0000000707c00000| PB 0x0000000707a00000| Untracked 
|  21|0x0000000707c00000, 0x0000000707e00000, 0x0000000707e00000|100%|HS|  |TAMS 0x0000000707e00000| PB 0x0000000707c00000| Complete 
|  22|0x0000000707e00000, 0x0000000708000000, 0x0000000708000000|100%|HC|  |TAMS 0x0000000708000000| PB 0x0000000707e00000| Complete 
|  23|0x0000000708000000, 0x0000000708200000, 0x0000000708200000|100%|HS|  |TAMS 0x0000000708200000| PB 0x0000000708000000| Complete 
|  24|0x0000000708200000, 0x0000000708400000, 0x0000000708400000|100%|HC|  |TAMS 0x0000000708400000| PB 0x0000000708200000| Complete 
|  25|0x0000000708400000, 0x0000000708600000, 0x0000000708600000|100%|HS|  |TAMS 0x0000000708600000| PB 0x0000000708400000| Complete 
|  26|0x0000000708600000, 0x0000000708800000, 0x0000000708800000|100%|HC|  |TAMS 0x0000000708800000| PB 0x0000000708600000| Complete 
|  27|0x0000000708800000, 0x0000000708a00000, 0x0000000708a00000|100%|HS|  |TAMS 0x0000000708a00000| PB 0x0000000708800000| Complete 
|  28|0x0000000708a00000, 0x0000000708c00000, 0x0000000708c00000|100%|HC|  |TAMS 0x0000000708c00000| PB 0x0000000708a00000| Complete 
|  29|0x0000000708c00000, 0x0000000708e00000, 0x0000000708e00000|100%|HS|  |TAMS 0x0000000708e00000| PB 0x0000000708c00000| Complete 
|  30|0x0000000708e00000, 0x0000000709000000, 0x0000000709000000|100%|HC|  |TAMS 0x0000000709000000| PB 0x0000000708e00000| Complete 
|  31|0x0000000709000000, 0x0000000709200000, 0x0000000709200000|100%|HS|  |TAMS 0x0000000709200000| PB 0x0000000709000000| Complete 
|  32|0x0000000709200000, 0x0000000709400000, 0x0000000709400000|100%|HC|  |TAMS 0x0000000709400000| PB 0x0000000709200000| Complete 
|  33|0x0000000709400000, 0x0000000709600000, 0x0000000709600000|100%|HS|  |TAMS 0x0000000709600000| PB 0x0000000709400000| Complete 
|  34|0x0000000709600000, 0x0000000709800000, 0x0000000709800000|100%|HC|  |TAMS 0x0000000709800000| PB 0x0000000709600000| Complete 
|  35|0x0000000709800000, 0x0000000709a00000, 0x0000000709a00000|100%|HS|  |TAMS 0x0000000709a00000| PB 0x0000000709800000| Complete 
|  36|0x0000000709a00000, 0x0000000709c00000, 0x0000000709c00000|100%|HC|  |TAMS 0x0000000709c00000| PB 0x0000000709a00000| Complete 
|  37|0x0000000709c00000, 0x0000000709d52a00, 0x0000000709e00000| 66%| O|  |TAMS 0x0000000709d52a00| PB 0x0000000709c00000| Untracked 
|  38|0x0000000709e00000, 0x000000070a000000, 0x000000070a000000|100%| O|  |TAMS 0x0000000709eaca70| PB 0x0000000709e00000| Untracked 
|  39|0x000000070a000000, 0x000000070a200000, 0x000000070a200000|100%|HS|  |TAMS 0x000000070a200000| PB 0x000000070a000000| Complete 
|  40|0x000000070a200000, 0x000000070a400000, 0x000000070a400000|100%|HC|  |TAMS 0x000000070a400000| PB 0x000000070a200000| Complete 
|  41|0x000000070a400000, 0x000000070a600000, 0x000000070a600000|100%|HS|  |TAMS 0x000000070a600000| PB 0x000000070a400000| Complete 
|  42|0x000000070a600000, 0x000000070a800000, 0x000000070a800000|100%|HC|  |TAMS 0x000000070a800000| PB 0x000000070a600000| Complete 
|  43|0x000000070a800000, 0x000000070aa00000, 0x000000070aa00000|100%| O|  |TAMS 0x000000070a800000| PB 0x000000070a800000| Untracked 
|  44|0x000000070aa00000, 0x000000070ab8ee80, 0x000000070ac00000| 77%| O|  |TAMS 0x000000070aa00000| PB 0x000000070aa00000| Untracked 
|  45|0x000000070ac00000, 0x000000070ac00000, 0x000000070ae00000|  0%| F|  |TAMS 0x000000070ac00000| PB 0x000000070ac00000| Untracked 
|  46|0x000000070ae00000, 0x000000070ae00000, 0x000000070b000000|  0%| F|  |TAMS 0x000000070ae00000| PB 0x000000070ae00000| Untracked 
|  47|0x000000070b000000, 0x000000070b000000, 0x000000070b200000|  0%| F|  |TAMS 0x000000070b000000| PB 0x000000070b000000| Untracked 
|  48|0x000000070b200000, 0x000000070b200000, 0x000000070b400000|  0%| F|  |TAMS 0x000000070b200000| PB 0x000000070b200000| Untracked 
|  49|0x000000070b400000, 0x000000070b400000, 0x000000070b600000|  0%| F|  |TAMS 0x000000070b400000| PB 0x000000070b400000| Untracked 
|  50|0x000000070b600000, 0x000000070b800000, 0x000000070b800000|100%|HS|  |TAMS 0x000000070b800000| PB 0x000000070b600000| Complete 
|  51|0x000000070b800000, 0x000000070ba00000, 0x000000070ba00000|100%|HC|  |TAMS 0x000000070ba00000| PB 0x000000070b800000| Complete 
|  52|0x000000070ba00000, 0x000000070bc00000, 0x000000070bc00000|100%|HS|  |TAMS 0x000000070bc00000| PB 0x000000070ba00000| Complete 
|  53|0x000000070bc00000, 0x000000070be00000, 0x000000070be00000|100%|HC|  |TAMS 0x000000070be00000| PB 0x000000070bc00000| Complete 
|  54|0x000000070be00000, 0x000000070c000000, 0x000000070c000000|100%|HS|  |TAMS 0x000000070c000000| PB 0x000000070be00000| Complete 
|  55|0x000000070c000000, 0x000000070c200000, 0x000000070c200000|100%|HC|  |TAMS 0x000000070c200000| PB 0x000000070c000000| Complete 
|  56|0x000000070c200000, 0x000000070c400000, 0x000000070c400000|100%|HS|  |TAMS 0x000000070c400000| PB 0x000000070c200000| Complete 
|  57|0x000000070c400000, 0x000000070c600000, 0x000000070c600000|100%|HC|  |TAMS 0x000000070c600000| PB 0x000000070c400000| Complete 
|  58|0x000000070c600000, 0x000000070c800000, 0x000000070c800000|100%|HS|  |TAMS 0x000000070c800000| PB 0x000000070c600000| Complete 
|  59|0x000000070c800000, 0x000000070ca00000, 0x000000070ca00000|100%|HC|  |TAMS 0x000000070ca00000| PB 0x000000070c800000| Complete 
|  60|0x000000070ca00000, 0x000000070cc00000, 0x000000070cc00000|100%|HS|  |TAMS 0x000000070cc00000| PB 0x000000070ca00000| Complete 
|  61|0x000000070cc00000, 0x000000070ce00000, 0x000000070ce00000|100%|HC|  |TAMS 0x000000070ce00000| PB 0x000000070cc00000| Complete 
|  62|0x000000070ce00000, 0x000000070d000000, 0x000000070d000000|100%|HS|  |TAMS 0x000000070d000000| PB 0x000000070ce00000| Complete 
|  63|0x000000070d000000, 0x000000070d200000, 0x000000070d200000|100%|HC|  |TAMS 0x000000070d200000| PB 0x000000070d000000| Complete 
|  64|0x000000070d200000, 0x000000070d400000, 0x000000070d400000|100%|HS|  |TAMS 0x000000070d400000| PB 0x000000070d200000| Complete 
|  65|0x000000070d400000, 0x000000070d600000, 0x000000070d600000|100%|HC|  |TAMS 0x000000070d600000| PB 0x000000070d400000| Complete 
|  66|0x000000070d600000, 0x000000070d800000, 0x000000070d800000|100%|HS|  |TAMS 0x000000070d800000| PB 0x000000070d600000| Complete 
|  67|0x000000070d800000, 0x000000070da00000, 0x000000070da00000|100%|HC|  |TAMS 0x000000070da00000| PB 0x000000070d800000| Complete 
|  68|0x000000070da00000, 0x000000070dc00000, 0x000000070dc00000|100%|HS|  |TAMS 0x000000070dc00000| PB 0x000000070da00000| Complete 
|  69|0x000000070dc00000, 0x000000070de00000, 0x000000070de00000|100%|HC|  |TAMS 0x000000070de00000| PB 0x000000070dc00000| Complete 
|  70|0x000000070de00000, 0x000000070e000000, 0x000000070e000000|100%|HS|  |TAMS 0x000000070e000000| PB 0x000000070de00000| Complete 
|  71|0x000000070e000000, 0x000000070e200000, 0x000000070e200000|100%|HC|  |TAMS 0x000000070e200000| PB 0x000000070e000000| Complete 
|  72|0x000000070e200000, 0x000000070e400000, 0x000000070e400000|100%|HS|  |TAMS 0x000000070e400000| PB 0x000000070e200000| Complete 
|  73|0x000000070e400000, 0x000000070e600000, 0x000000070e600000|100%|HC|  |TAMS 0x000000070e600000| PB 0x000000070e400000| Complete 
|  74|0x000000070e600000, 0x000000070e800000, 0x000000070e800000|100%|HS|  |TAMS 0x000000070e800000| PB 0x000000070e600000| Complete 
|  75|0x000000070e800000, 0x000000070ea00000, 0x000000070ea00000|100%|HC|  |TAMS 0x000000070ea00000| PB 0x000000070e800000| Complete 
|  76|0x000000070ea00000, 0x000000070ec00000, 0x000000070ec00000|100%|HS|  |TAMS 0x000000070ec00000| PB 0x000000070ea00000| Complete 
|  77|0x000000070ec00000, 0x000000070ee00000, 0x000000070ee00000|100%|HC|  |TAMS 0x000000070ee00000| PB 0x000000070ec00000| Complete 
|  78|0x000000070ee00000, 0x000000070f000000, 0x000000070f000000|100%|HS|  |TAMS 0x000000070f000000| PB 0x000000070ee00000| Complete 
|  79|0x000000070f000000, 0x000000070f200000, 0x000000070f200000|100%|HC|  |TAMS 0x000000070f200000| PB 0x000000070f000000| Complete 
|  80|0x000000070f200000, 0x000000070f400000, 0x000000070f400000|100%|HC|  |TAMS 0x000000070f400000| PB 0x000000070f200000| Complete 
|  81|0x000000070f400000, 0x000000070f600000, 0x000000070f600000|100%|HC|  |TAMS 0x000000070f600000| PB 0x000000070f400000| Complete 
|  82|0x000000070f600000, 0x000000070f800000, 0x000000070f800000|100%|HC|  |TAMS 0x000000070f800000| PB 0x000000070f600000| Complete 
|  83|0x000000070f800000, 0x000000070fa00000, 0x000000070fa00000|100%|HC|  |TAMS 0x000000070fa00000| PB 0x000000070f800000| Complete 
|  84|0x000000070fa00000, 0x000000070fc00000, 0x000000070fc00000|100%|HC|  |TAMS 0x000000070fc00000| PB 0x000000070fa00000| Complete 
|  85|0x000000070fc00000, 0x000000070fe00000, 0x000000070fe00000|100%|HS|  |TAMS 0x000000070fe00000| PB 0x000000070fc00000| Complete 
|  86|0x000000070fe00000, 0x0000000710000000, 0x0000000710000000|100%|HC|  |TAMS 0x0000000710000000| PB 0x000000070fe00000| Complete 
|  87|0x0000000710000000, 0x0000000710200000, 0x0000000710200000|100%|HS|  |TAMS 0x0000000710200000| PB 0x0000000710000000| Complete 
|  88|0x0000000710200000, 0x0000000710400000, 0x0000000710400000|100%|HC|  |TAMS 0x0000000710400000| PB 0x0000000710200000| Complete 
|  89|0x0000000710400000, 0x0000000710400000, 0x0000000710600000|  0%| F|  |TAMS 0x0000000710400000| PB 0x0000000710400000| Untracked 
|  90|0x0000000710600000, 0x0000000710600000, 0x0000000710800000|  0%| F|  |TAMS 0x0000000710600000| PB 0x0000000710600000| Untracked 
|  91|0x0000000710800000, 0x0000000710800000, 0x0000000710a00000|  0%| F|  |TAMS 0x0000000710800000| PB 0x0000000710800000| Untracked 
|  92|0x0000000710a00000, 0x0000000710a00000, 0x0000000710c00000|  0%| F|  |TAMS 0x0000000710a00000| PB 0x0000000710a00000| Untracked 
|  93|0x0000000710c00000, 0x0000000710c00000, 0x0000000710e00000|  0%| F|  |TAMS 0x0000000710c00000| PB 0x0000000710c00000| Untracked 
|  94|0x0000000710e00000, 0x0000000710e00000, 0x0000000711000000|  0%| F|  |TAMS 0x0000000710e00000| PB 0x0000000710e00000| Untracked 
|  95|0x0000000711000000, 0x0000000711000000, 0x0000000711200000|  0%| F|  |TAMS 0x0000000711000000| PB 0x0000000711000000| Untracked 
|  96|0x0000000711200000, 0x0000000711400000, 0x0000000711400000|100%|HS|  |TAMS 0x0000000711400000| PB 0x0000000711200000| Complete 
|  97|0x0000000711400000, 0x0000000711600000, 0x0000000711600000|100%|HC|  |TAMS 0x0000000711600000| PB 0x0000000711400000| Complete 
|  98|0x0000000711600000, 0x0000000711600000, 0x0000000711800000|  0%| F|  |TAMS 0x0000000711600000| PB 0x0000000711600000| Untracked 
|  99|0x0000000711800000, 0x0000000711800000, 0x0000000711a00000|  0%| F|  |TAMS 0x0000000711800000| PB 0x0000000711800000| Untracked 
| 100|0x0000000711a00000, 0x0000000711a00000, 0x0000000711c00000|  0%| F|  |TAMS 0x0000000711a00000| PB 0x0000000711a00000| Untracked 
| 101|0x0000000711c00000, 0x0000000711c00000, 0x0000000711e00000|  0%| F|  |TAMS 0x0000000711c00000| PB 0x0000000711c00000| Untracked 
| 102|0x0000000711e00000, 0x0000000711e00000, 0x0000000712000000|  0%| F|  |TAMS 0x0000000711e00000| PB 0x0000000711e00000| Untracked 
| 103|0x0000000712000000, 0x0000000712000000, 0x0000000712200000|  0%| F|  |TAMS 0x0000000712000000| PB 0x0000000712000000| Untracked 
| 104|0x0000000712200000, 0x0000000712400000, 0x0000000712400000|100%|HS|  |TAMS 0x0000000712400000| PB 0x0000000712200000| Complete 
| 105|0x0000000712400000, 0x0000000712600000, 0x0000000712600000|100%|HC|  |TAMS 0x0000000712600000| PB 0x0000000712400000| Complete 
| 106|0x0000000712600000, 0x0000000712600000, 0x0000000712800000|  0%| F|  |TAMS 0x0000000712600000| PB 0x0000000712600000| Untracked 
| 107|0x0000000712800000, 0x0000000712800000, 0x0000000712a00000|  0%| F|  |TAMS 0x0000000712800000| PB 0x0000000712800000| Untracked 
| 108|0x0000000712a00000, 0x0000000712a00000, 0x0000000712c00000|  0%| F|  |TAMS 0x0000000712a00000| PB 0x0000000712a00000| Untracked 
| 109|0x0000000712c00000, 0x0000000712c00000, 0x0000000712e00000|  0%| F|  |TAMS 0x0000000712c00000| PB 0x0000000712c00000| Untracked 
| 110|0x0000000712e00000, 0x0000000712e00000, 0x0000000713000000|  0%| F|  |TAMS 0x0000000712e00000| PB 0x0000000712e00000| Untracked 
| 111|0x0000000713000000, 0x0000000713000000, 0x0000000713200000|  0%| F|  |TAMS 0x0000000713000000| PB 0x0000000713000000| Untracked 
| 112|0x0000000713200000, 0x0000000713200000, 0x0000000713400000|  0%| F|  |TAMS 0x0000000713200000| PB 0x0000000713200000| Untracked 
| 113|0x0000000713400000, 0x0000000713400000, 0x0000000713600000|  0%| F|  |TAMS 0x0000000713400000| PB 0x0000000713400000| Untracked 
| 114|0x0000000713600000, 0x0000000713600000, 0x0000000713800000|  0%| F|  |TAMS 0x0000000713600000| PB 0x0000000713600000| Untracked 
| 115|0x0000000713800000, 0x0000000713800000, 0x0000000713a00000|  0%| F|  |TAMS 0x0000000713800000| PB 0x0000000713800000| Untracked 
| 116|0x0000000713a00000, 0x0000000713a00000, 0x0000000713c00000|  0%| F|  |TAMS 0x0000000713a00000| PB 0x0000000713a00000| Untracked 
| 117|0x0000000713c00000, 0x0000000713c00000, 0x0000000713e00000|  0%| F|  |TAMS 0x0000000713c00000| PB 0x0000000713c00000| Untracked 
| 118|0x0000000713e00000, 0x0000000713e00000, 0x0000000714000000|  0%| F|  |TAMS 0x0000000713e00000| PB 0x0000000713e00000| Untracked 
| 119|0x0000000714000000, 0x0000000714000000, 0x0000000714200000|  0%| F|  |TAMS 0x0000000714000000| PB 0x0000000714000000| Untracked 
| 120|0x0000000714200000, 0x0000000714200000, 0x0000000714400000|  0%| F|  |TAMS 0x0000000714200000| PB 0x0000000714200000| Untracked 
| 121|0x0000000714400000, 0x0000000714400000, 0x0000000714600000|  0%| F|  |TAMS 0x0000000714400000| PB 0x0000000714400000| Untracked 
| 122|0x0000000714600000, 0x0000000714600000, 0x0000000714800000|  0%| F|  |TAMS 0x0000000714600000| PB 0x0000000714600000| Untracked 
| 123|0x0000000714800000, 0x0000000714800000, 0x0000000714a00000|  0%| F|  |TAMS 0x0000000714800000| PB 0x0000000714800000| Untracked 
| 124|0x0000000714a00000, 0x0000000714a00000, 0x0000000714c00000|  0%| F|  |TAMS 0x0000000714a00000| PB 0x0000000714a00000| Untracked 
| 125|0x0000000714c00000, 0x0000000714c00000, 0x0000000714e00000|  0%| F|  |TAMS 0x0000000714c00000| PB 0x0000000714c00000| Untracked 
| 126|0x0000000714e00000, 0x0000000714e00000, 0x0000000715000000|  0%| F|  |TAMS 0x0000000714e00000| PB 0x0000000714e00000| Untracked 
| 127|0x0000000715000000, 0x0000000715000000, 0x0000000715200000|  0%| F|  |TAMS 0x0000000715000000| PB 0x0000000715000000| Untracked 
| 128|0x0000000715200000, 0x0000000715200000, 0x0000000715400000|  0%| F|  |TAMS 0x0000000715200000| PB 0x0000000715200000| Untracked 
| 129|0x0000000715400000, 0x0000000715400000, 0x0000000715600000|  0%| F|  |TAMS 0x0000000715400000| PB 0x0000000715400000| Untracked 
| 130|0x0000000715600000, 0x0000000715600000, 0x0000000715800000|  0%| F|  |TAMS 0x0000000715600000| PB 0x0000000715600000| Untracked 
| 131|0x0000000715800000, 0x0000000715800000, 0x0000000715a00000|  0%| F|  |TAMS 0x0000000715800000| PB 0x0000000715800000| Untracked 
| 132|0x0000000715a00000, 0x0000000715a00000, 0x0000000715c00000|  0%| F|  |TAMS 0x0000000715a00000| PB 0x0000000715a00000| Untracked 
| 133|0x0000000715c00000, 0x0000000715c00000, 0x0000000715e00000|  0%| F|  |TAMS 0x0000000715c00000| PB 0x0000000715c00000| Untracked 
| 134|0x0000000715e00000, 0x0000000715e00000, 0x0000000716000000|  0%| F|  |TAMS 0x0000000715e00000| PB 0x0000000715e00000| Untracked 
| 135|0x0000000716000000, 0x0000000716000000, 0x0000000716200000|  0%| F|  |TAMS 0x0000000716000000| PB 0x0000000716000000| Untracked 
| 136|0x0000000716200000, 0x0000000716200000, 0x0000000716400000|  0%| F|  |TAMS 0x0000000716200000| PB 0x0000000716200000| Untracked 
| 137|0x0000000716400000, 0x0000000716400000, 0x0000000716600000|  0%| F|  |TAMS 0x0000000716400000| PB 0x0000000716400000| Untracked 
| 138|0x0000000716600000, 0x0000000716600000, 0x0000000716800000|  0%| F|  |TAMS 0x0000000716600000| PB 0x0000000716600000| Untracked 
| 139|0x0000000716800000, 0x0000000716800000, 0x0000000716a00000|  0%| F|  |TAMS 0x0000000716800000| PB 0x0000000716800000| Untracked 
| 140|0x0000000716a00000, 0x0000000716a00000, 0x0000000716c00000|  0%| F|  |TAMS 0x0000000716a00000| PB 0x0000000716a00000| Untracked 
| 141|0x0000000716c00000, 0x0000000716c00000, 0x0000000716e00000|  0%| F|  |TAMS 0x0000000716c00000| PB 0x0000000716c00000| Untracked 
| 142|0x0000000716e00000, 0x0000000716e00000, 0x0000000717000000|  0%| F|  |TAMS 0x0000000716e00000| PB 0x0000000716e00000| Untracked 
| 143|0x0000000717000000, 0x0000000717000000, 0x0000000717200000|  0%| F|  |TAMS 0x0000000717000000| PB 0x0000000717000000| Untracked 
| 144|0x0000000717200000, 0x0000000717200000, 0x0000000717400000|  0%| F|  |TAMS 0x0000000717200000| PB 0x0000000717200000| Untracked 
| 145|0x0000000717400000, 0x0000000717400000, 0x0000000717600000|  0%| F|  |TAMS 0x0000000717400000| PB 0x0000000717400000| Untracked 
| 146|0x0000000717600000, 0x0000000717600000, 0x0000000717800000|  0%| F|  |TAMS 0x0000000717600000| PB 0x0000000717600000| Untracked 
| 147|0x0000000717800000, 0x0000000717800000, 0x0000000717a00000|  0%| F|  |TAMS 0x0000000717800000| PB 0x0000000717800000| Untracked 
| 148|0x0000000717a00000, 0x0000000717a00000, 0x0000000717c00000|  0%| F|  |TAMS 0x0000000717a00000| PB 0x0000000717a00000| Untracked 
| 149|0x0000000717c00000, 0x0000000717c00000, 0x0000000717e00000|  0%| F|  |TAMS 0x0000000717c00000| PB 0x0000000717c00000| Untracked 
| 150|0x0000000717e00000, 0x0000000717e00000, 0x0000000718000000|  0%| F|  |TAMS 0x0000000717e00000| PB 0x0000000717e00000| Untracked 
| 151|0x0000000718000000, 0x0000000718000000, 0x0000000718200000|  0%| F|  |TAMS 0x0000000718000000| PB 0x0000000718000000| Untracked 
| 152|0x0000000718200000, 0x0000000718200000, 0x0000000718400000|  0%| F|  |TAMS 0x0000000718200000| PB 0x0000000718200000| Untracked 
| 153|0x0000000718400000, 0x0000000718400000, 0x0000000718600000|  0%| F|  |TAMS 0x0000000718400000| PB 0x0000000718400000| Untracked 
| 154|0x0000000718600000, 0x0000000718600000, 0x0000000718800000|  0%| F|  |TAMS 0x0000000718600000| PB 0x0000000718600000| Untracked 
| 155|0x0000000718800000, 0x0000000718800000, 0x0000000718a00000|  0%| F|  |TAMS 0x0000000718800000| PB 0x0000000718800000| Untracked 
| 156|0x0000000718a00000, 0x0000000718a00000, 0x0000000718c00000|  0%| F|  |TAMS 0x0000000718a00000| PB 0x0000000718a00000| Untracked 
| 157|0x0000000718c00000, 0x0000000718c00000, 0x0000000718e00000|  0%| F|  |TAMS 0x0000000718c00000| PB 0x0000000718c00000| Untracked 
| 158|0x0000000718e00000, 0x0000000718e00000, 0x0000000719000000|  0%| F|  |TAMS 0x0000000718e00000| PB 0x0000000718e00000| Untracked 
| 159|0x0000000719000000, 0x0000000719000000, 0x0000000719200000|  0%| F|  |TAMS 0x0000000719000000| PB 0x0000000719000000| Untracked 
| 160|0x0000000719200000, 0x0000000719200000, 0x0000000719400000|  0%| F|  |TAMS 0x0000000719200000| PB 0x0000000719200000| Untracked 
| 161|0x0000000719400000, 0x0000000719400000, 0x0000000719600000|  0%| F|  |TAMS 0x0000000719400000| PB 0x0000000719400000| Untracked 
| 162|0x0000000719600000, 0x0000000719600000, 0x0000000719800000|  0%| F|  |TAMS 0x0000000719600000| PB 0x0000000719600000| Untracked 
| 163|0x0000000719800000, 0x0000000719800000, 0x0000000719a00000|  0%| F|  |TAMS 0x0000000719800000| PB 0x0000000719800000| Untracked 
| 164|0x0000000719a00000, 0x0000000719a00000, 0x0000000719c00000|  0%| F|  |TAMS 0x0000000719a00000| PB 0x0000000719a00000| Untracked 
| 165|0x0000000719c00000, 0x0000000719c00000, 0x0000000719e00000|  0%| F|  |TAMS 0x0000000719c00000| PB 0x0000000719c00000| Untracked 
| 166|0x0000000719e00000, 0x0000000719e00000, 0x000000071a000000|  0%| F|  |TAMS 0x0000000719e00000| PB 0x0000000719e00000| Untracked 
| 167|0x000000071a000000, 0x000000071a000000, 0x000000071a200000|  0%| F|  |TAMS 0x000000071a000000| PB 0x000000071a000000| Untracked 
| 168|0x000000071a200000, 0x000000071a200000, 0x000000071a400000|  0%| F|  |TAMS 0x000000071a200000| PB 0x000000071a200000| Untracked 
| 169|0x000000071a400000, 0x000000071a400000, 0x000000071a600000|  0%| F|  |TAMS 0x000000071a400000| PB 0x000000071a400000| Untracked 
| 170|0x000000071a600000, 0x000000071a600000, 0x000000071a800000|  0%| F|  |TAMS 0x000000071a600000| PB 0x000000071a600000| Untracked 
| 171|0x000000071a800000, 0x000000071a800000, 0x000000071aa00000|  0%| F|  |TAMS 0x000000071a800000| PB 0x000000071a800000| Untracked 
| 172|0x000000071aa00000, 0x000000071aa00000, 0x000000071ac00000|  0%| F|  |TAMS 0x000000071aa00000| PB 0x000000071aa00000| Untracked 
| 173|0x000000071ac00000, 0x000000071ac00000, 0x000000071ae00000|  0%| F|  |TAMS 0x000000071ac00000| PB 0x000000071ac00000| Untracked 
| 174|0x000000071ae00000, 0x000000071ae00000, 0x000000071b000000|  0%| F|  |TAMS 0x000000071ae00000| PB 0x000000071ae00000| Untracked 
| 175|0x000000071b000000, 0x000000071b000000, 0x000000071b200000|  0%| F|  |TAMS 0x000000071b000000| PB 0x000000071b000000| Untracked 
| 176|0x000000071b200000, 0x000000071b200000, 0x000000071b400000|  0%| F|  |TAMS 0x000000071b200000| PB 0x000000071b200000| Untracked 
| 177|0x000000071b400000, 0x000000071b400000, 0x000000071b600000|  0%| F|  |TAMS 0x000000071b400000| PB 0x000000071b400000| Untracked 
| 178|0x000000071b600000, 0x000000071b600000, 0x000000071b800000|  0%| F|  |TAMS 0x000000071b600000| PB 0x000000071b600000| Untracked 
| 179|0x000000071b800000, 0x000000071b800000, 0x000000071ba00000|  0%| F|  |TAMS 0x000000071b800000| PB 0x000000071b800000| Untracked 
| 180|0x000000071ba00000, 0x000000071ba00000, 0x000000071bc00000|  0%| F|  |TAMS 0x000000071ba00000| PB 0x000000071ba00000| Untracked 
| 181|0x000000071bc00000, 0x000000071bc00000, 0x000000071be00000|  0%| F|  |TAMS 0x000000071bc00000| PB 0x000000071bc00000| Untracked 
| 182|0x000000071be00000, 0x000000071be00000, 0x000000071c000000|  0%| F|  |TAMS 0x000000071be00000| PB 0x000000071be00000| Untracked 
| 183|0x000000071c000000, 0x000000071c000000, 0x000000071c200000|  0%| F|  |TAMS 0x000000071c000000| PB 0x000000071c000000| Untracked 
| 184|0x000000071c200000, 0x000000071c200000, 0x000000071c400000|  0%| F|  |TAMS 0x000000071c200000| PB 0x000000071c200000| Untracked 
| 185|0x000000071c400000, 0x000000071c400000, 0x000000071c600000|  0%| F|  |TAMS 0x000000071c400000| PB 0x000000071c400000| Untracked 
| 186|0x000000071c600000, 0x000000071c600000, 0x000000071c800000|  0%| F|  |TAMS 0x000000071c600000| PB 0x000000071c600000| Untracked 
| 187|0x000000071c800000, 0x000000071c800000, 0x000000071ca00000|  0%| F|  |TAMS 0x000000071c800000| PB 0x000000071c800000| Untracked 
| 188|0x000000071ca00000, 0x000000071ca00000, 0x000000071cc00000|  0%| F|  |TAMS 0x000000071ca00000| PB 0x000000071ca00000| Untracked 
| 189|0x000000071cc00000, 0x000000071cc00000, 0x000000071ce00000|  0%| F|  |TAMS 0x000000071cc00000| PB 0x000000071cc00000| Untracked 
| 190|0x000000071ce00000, 0x000000071ce00000, 0x000000071d000000|  0%| F|  |TAMS 0x000000071ce00000| PB 0x000000071ce00000| Untracked 
| 191|0x000000071d000000, 0x000000071d000000, 0x000000071d200000|  0%| F|  |TAMS 0x000000071d000000| PB 0x000000071d000000| Untracked 
| 192|0x000000071d200000, 0x000000071d200000, 0x000000071d400000|  0%| F|  |TAMS 0x000000071d200000| PB 0x000000071d200000| Untracked 
| 193|0x000000071d400000, 0x000000071d400000, 0x000000071d600000|  0%| F|  |TAMS 0x000000071d400000| PB 0x000000071d400000| Untracked 
| 194|0x000000071d600000, 0x000000071d600000, 0x000000071d800000|  0%| F|  |TAMS 0x000000071d600000| PB 0x000000071d600000| Untracked 
| 195|0x000000071d800000, 0x000000071d800000, 0x000000071da00000|  0%| F|  |TAMS 0x000000071d800000| PB 0x000000071d800000| Untracked 
| 196|0x000000071da00000, 0x000000071da00000, 0x000000071dc00000|  0%| F|  |TAMS 0x000000071da00000| PB 0x000000071da00000| Untracked 
| 197|0x000000071dc00000, 0x000000071dc00000, 0x000000071de00000|  0%| F|  |TAMS 0x000000071dc00000| PB 0x000000071dc00000| Untracked 
| 198|0x000000071de00000, 0x000000071de00000, 0x000000071e000000|  0%| F|  |TAMS 0x000000071de00000| PB 0x000000071de00000| Untracked 
| 199|0x000000071e000000, 0x000000071e000000, 0x000000071e200000|  0%| F|  |TAMS 0x000000071e000000| PB 0x000000071e000000| Untracked 
| 200|0x000000071e200000, 0x000000071e200000, 0x000000071e400000|  0%| F|  |TAMS 0x000000071e200000| PB 0x000000071e200000| Untracked 
| 201|0x000000071e400000, 0x000000071e400000, 0x000000071e600000|  0%| F|  |TAMS 0x000000071e400000| PB 0x000000071e400000| Untracked 
| 202|0x000000071e600000, 0x000000071e600000, 0x000000071e800000|  0%| F|  |TAMS 0x000000071e600000| PB 0x000000071e600000| Untracked 
| 203|0x000000071e800000, 0x000000071e800000, 0x000000071ea00000|  0%| F|  |TAMS 0x000000071e800000| PB 0x000000071e800000| Untracked 
| 204|0x000000071ea00000, 0x000000071ea00000, 0x000000071ec00000|  0%| F|  |TAMS 0x000000071ea00000| PB 0x000000071ea00000| Untracked 
| 205|0x000000071ec00000, 0x000000071ec00000, 0x000000071ee00000|  0%| F|  |TAMS 0x000000071ec00000| PB 0x000000071ec00000| Untracked 
| 206|0x000000071ee00000, 0x000000071ee8b120, 0x000000071f000000| 27%| S|CS|TAMS 0x000000071ee00000| PB 0x000000071ee00000| Complete 
| 207|0x000000071f000000, 0x000000071f000000, 0x000000071f200000|  0%| F|  |TAMS 0x000000071f000000| PB 0x000000071f000000| Untracked 
| 208|0x000000071f200000, 0x000000071f200000, 0x000000071f400000|  0%| F|  |TAMS 0x000000071f200000| PB 0x000000071f200000| Untracked 
| 209|0x000000071f400000, 0x000000071f400000, 0x000000071f600000|  0%| F|  |TAMS 0x000000071f400000| PB 0x000000071f400000| Untracked 
| 210|0x000000071f600000, 0x000000071f600000, 0x000000071f800000|  0%| F|  |TAMS 0x000000071f600000| PB 0x000000071f600000| Untracked 
|2003|0x00000007ff800000, 0x00000007ff800000, 0x00000007ffa00000|  0%| F|  |TAMS 0x00000007ff800000| PB 0x00000007ff800000| Untracked 
|2004|0x00000007ffa00000, 0x00000007ffc00000, 0x00000007ffc00000|100%| O|  |TAMS 0x00000007ffc00000| PB 0x00000007ffa00000| Untracked 
|2005|0x00000007ffc00000, 0x00000007ffe00000, 0x00000007ffe00000|100%| O|  |TAMS 0x00000007ffe00000| PB 0x00000007ffc00000| Untracked 
|2006|0x00000007ffe00000, 0x0000000800000000, 0x0000000800000000|100%| O|  |TAMS 0x0000000800000000| PB 0x00000007ffe00000| Untracked 

Card table byte_map: [0x0000026378b40000,0x0000026379320000] _byte_map_base: 0x0000026375317000

Marking Bits: (CMBitMap*) 0x00000263604e0870
 Bits: [0x0000026379320000, 0x000002637d1d8000)

Polling page: 0x000002635e470000

Metaspace:

Usage:
  Non-class:     12.87 MB used.
      Class:      2.05 MB used.
       Both:     14.92 MB used.

Virtual space:
  Non-class space:       64.00 MB reserved,      13.00 MB ( 20%) committed,  1 nodes.
      Class space:        1.00 GB reserved,       2.19 MB ( <1%) committed,  1 nodes.
             Both:        1.06 GB reserved,      15.19 MB (  1%) committed. 

Chunk freelists:
   Non-Class:  2.00 MB
       Class:  13.87 MB
        Both:  15.87 MB

MaxMetaspaceSize: unlimited
CompressedClassSpaceSize: 1.00 GB
Initial GC threshold: 21.00 MB
Current GC threshold: 25.25 MB
CDS: on
 - commit_granule_bytes: 65536.
 - commit_granule_words: 8192.
 - virtual_space_node_default_size: 8388608.
 - enlarge_chunks_in_place: 1.
 - use_allocation_guard: 0.


Internal statistics:

num_allocs_failed_limit: 0.
num_arena_births: 224.
num_arena_deaths: 0.
num_vsnodes_births: 2.
num_vsnodes_deaths: 0.
num_space_committed: 243.
num_space_uncommitted: 0.
num_chunks_returned_to_freelist: 0.
num_chunks_taken_from_freelist: 753.
num_chunk_merges: 0.
num_chunk_splits: 528.
num_chunks_enlarged: 412.
num_inconsistent_stats: 0.

CodeHeap 'non-profiled nmethods': size=119168Kb used=1550Kb max_used=1752Kb free=117617Kb
 bounds [0x0000026370460000, 0x00000263706d0000, 0x00000263778c0000]
CodeHeap 'profiled nmethods': size=119104Kb used=7339Kb max_used=8450Kb free=111764Kb
 bounds [0x00000263688c0000, 0x0000026369110000, 0x000002636fd10000]
CodeHeap 'non-nmethods': size=7488Kb used=1788Kb max_used=3525Kb free=5699Kb
 bounds [0x000002636fd10000, 0x0000026370090000, 0x0000026370460000]
 total_blobs=4534 nmethods=3733 adapters=704
 compilation: enabled
              stopped_count=0, restarted_count=0
 full_count=0

Compilation events (20 events):
Event: 47.512 Thread 0x00000263006b22f0 4233       3       java.util.concurrent.ThreadPoolExecutor::beforeExecute (1 bytes)
Event: 47.512 Thread 0x00000263006b22f0 nmethod 4233 0x00000263688cf210 code [0x00000263688cf3a0, 0x00000263688cf4b0]
Event: 47.512 Thread 0x00000263006b22f0 4234   !   3       java.util.concurrent.FutureTask::runAndReset (125 bytes)
Event: 47.512 Thread 0x00000263006b22f0 nmethod 4234 0x0000026368cddf90 code [0x0000026368cde340, 0x0000026368ce0150]
Event: 47.512 Thread 0x00000263006b22f0 4235       3       java.lang.invoke.VarHandleGuards::guard_LLL_Z (86 bytes)
Event: 47.513 Thread 0x00000263006b22f0 nmethod 4235 0x0000026368cf7190 code [0x0000026368cf74c0, 0x0000026368cf8ec8]
Event: 47.513 Thread 0x00000263006b22f0 4236       3       java.lang.invoke.VarHandleReferences$FieldInstanceReadWrite::compareAndSet (48 bytes)
Event: 47.513 Thread 0x00000263006b22f0 nmethod 4236 0x0000026368bdb990 code [0x0000026368bdbc00, 0x0000026368bdc640]
Event: 47.513 Thread 0x00000263006b22f0 4237       3       java.util.concurrent.Executors$RunnableAdapter::call (14 bytes)
Event: 47.513 Thread 0x00000263006b22f0 nmethod 4237 0x0000026368edc310 code [0x0000026368edc4c0, 0x0000026368edc6b0]
Event: 47.513 Thread 0x00000263006b22f0 4239       1       com.sun.prism.PresentableState::getNativeView (5 bytes)
Event: 47.513 Thread 0x00000263006b22f0 nmethod 4239 0x000002637046e910 code [0x000002637046eaa0, 0x000002637046eb68]
Event: 47.514 Thread 0x00000263006b22f0 4240   !   3       com.sun.javafx.tk.RenderJob::run (92 bytes)
Event: 47.515 Thread 0x00000263006b22f0 nmethod 4240 0x0000026368a6dc90 code [0x0000026368a6dfc0, 0x0000026368a6f258]
Event: 47.516 Thread 0x00000263006b22f0 4242       3       com.sun.prism.d3d.D3DResourceFactory::displayPrismStatistics (68 bytes)
Event: 47.516 Thread 0x00000263006b22f0 nmethod 4242 0x0000026368befd10 code [0x0000026368befea0, 0x0000026368beffc0]
Event: 47.516 Thread 0x00000263006b22f0 4243       3       com.sun.prism.d3d.D3DContext::testLostStateAndReset (84 bytes)
Event: 47.516 Thread 0x00000263006b22f0 nmethod 4243 0x0000026368a75490 code [0x0000026368a756e0, 0x0000026368a75f10]
Event: 47.524 Thread 0x00000263006b22f0 4246   !   3       javafx.scene.Scene$ScenePeerPaintListener::frameRendered (37 bytes)
Event: 47.524 Thread 0x00000263006b22f0 nmethod 4246 0x0000026368aea590 code [0x0000026368aea780, 0x0000026368aead98]

GC Heap History (20 events):
Event: 47.350 GC heap after
{Heap after GC invocations=100 (full 93):
 garbage-first heap   total 55296K, used 23672K [0x0000000705200000, 0x0000000800000000)
  region size 2048K, 0 young (0K), 0 survivors (0K)
 Metaspace       used 15251K, committed 15552K, reserved 1114112K
  class space    used 2097K, committed 2240K, reserved 1048576K
}
Event: 47.350 GC heap before
{Heap before GC invocations=100 (full 93):
 garbage-first heap   total 55296K, used 23672K [0x0000000705200000, 0x0000000800000000)
  region size 2048K, 0 young (0K), 0 survivors (0K)
 Metaspace       used 15251K, committed 15552K, reserved 1114112K
  class space    used 2097K, committed 2240K, reserved 1048576K
}
Event: 47.360 GC heap after
{Heap after GC invocations=101 (full 94):
 garbage-first heap   total 55296K, used 23672K [0x0000000705200000, 0x0000000800000000)
  region size 2048K, 0 young (0K), 0 survivors (0K)
 Metaspace       used 15251K, committed 15552K, reserved 1114112K
  class space    used 2097K, committed 2240K, reserved 1048576K
}
Event: 47.393 GC heap before
{Heap before GC invocations=101 (full 94):
 garbage-first heap   total 55296K, used 38008K [0x0000000705200000, 0x0000000800000000)
  region size 2048K, 9 young (18432K), 0 survivors (0K)
 Metaspace       used 15251K, committed 15552K, reserved 1114112K
  class space    used 2097K, committed 2240K, reserved 1048576K
}
Event: 47.395 GC heap after
{Heap after GC invocations=102 (full 94):
 garbage-first heap   total 157696K, used 26252K [0x0000000705200000, 0x0000000800000000)
  region size 2048K, 2 young (4096K), 2 survivors (4096K)
 Metaspace       used 15251K, committed 15552K, reserved 1114112K
  class space    used 2097K, committed 2240K, reserved 1048576K
}
Event: 47.421 GC heap before
{Heap before GC invocations=102 (full 94):
 garbage-first heap   total 157696K, used 93836K [0x0000000705200000, 0x0000000800000000)
  region size 2048K, 15 young (30720K), 2 survivors (4096K)
 Metaspace       used 15251K, committed 15552K, reserved 1114112K
  class space    used 2097K, committed 2240K, reserved 1048576K
}
Event: 47.428 GC heap after
{Heap after GC invocations=103 (full 94):
 garbage-first heap   total 157696K, used 68138K [0x0000000705200000, 0x0000000800000000)
  region size 2048K, 3 young (6144K), 3 survivors (6144K)
 Metaspace       used 15251K, committed 15552K, reserved 1114112K
  class space    used 2097K, committed 2240K, reserved 1048576K
}
Event: 47.431 GC heap before
{Heap before GC invocations=103 (full 94):
 garbage-first heap   total 157696K, used 76330K [0x0000000705200000, 0x0000000800000000)
  region size 2048K, 5 young (10240K), 3 survivors (6144K)
 Metaspace       used 15251K, committed 15552K, reserved 1114112K
  class space    used 2097K, committed 2240K, reserved 1048576K
}
Event: 47.444 GC heap after
{Heap after GC invocations=104 (full 94):
 garbage-first heap   total 157696K, used 75284K [0x0000000705200000, 0x0000000800000000)
  region size 2048K, 1 young (2048K), 1 survivors (2048K)
 Metaspace       used 15251K, committed 15552K, reserved 1114112K
  class space    used 2097K, committed 2240K, reserved 1048576K
}
Event: 47.493 GC heap before
{Heap before GC invocations=105 (full 94):
 garbage-first heap   total 172032K, used 167444K [0x0000000705200000, 0x0000000800000000)
  region size 2048K, 16 young (32768K), 1 survivors (2048K)
 Metaspace       used 15266K, committed 15552K, reserved 1114112K
  class space    used 2097K, committed 2240K, reserved 1048576K
}
Event: 47.509 GC heap after
{Heap after GC invocations=106 (full 94):
 garbage-first heap   total 180224K, used 115371K [0x0000000705200000, 0x0000000800000000)
  region size 2048K, 4 young (8192K), 4 survivors (8192K)
 Metaspace       used 15266K, committed 15552K, reserved 1114112K
  class space    used 2097K, committed 2240K, reserved 1048576K
}
Event: 47.529 GC heap before
{Heap before GC invocations=106 (full 94):
 garbage-first heap   total 192512K, used 187051K [0x0000000705200000, 0x0000000800000000)
  region size 2048K, 11 young (22528K), 4 survivors (8192K)
 Metaspace       used 15275K, committed 15552K, reserved 1114112K
  class space    used 2097K, committed 2240K, reserved 1048576K
}
Event: 47.557 GC heap after
{Heap after GC invocations=107 (full 94):
 garbage-first heap   total 440320K, used 166088K [0x0000000705200000, 0x0000000800000000)
  region size 2048K, 2 young (4096K), 2 survivors (4096K)
 Metaspace       used 15275K, committed 15552K, reserved 1114112K
  class space    used 2097K, committed 2240K, reserved 1048576K
}
Event: 47.570 GC heap before
{Heap before GC invocations=107 (full 94):
 garbage-first heap   total 440320K, used 205000K [0x0000000705200000, 0x0000000800000000)
  region size 2048K, 6 young (12288K), 2 survivors (4096K)
 Metaspace       used 15275K, committed 15552K, reserved 1114112K
  class space    used 2097K, committed 2240K, reserved 1048576K
}
Event: 47.576 GC heap after
{Heap after GC invocations=108 (full 94):
 garbage-first heap   total 440320K, used 199839K [0x0000000705200000, 0x0000000800000000)
  region size 2048K, 3 young (6144K), 3 survivors (6144K)
 Metaspace       used 15275K, committed 15552K, reserved 1114112K
  class space    used 2097K, committed 2240K, reserved 1048576K
}
Event: 47.626 GC heap before
{Heap before GC invocations=109 (full 94):
 garbage-first heap   total 225280K, used 122015K [0x0000000705200000, 0x0000000800000000)
  region size 2048K, 8 young (16384K), 3 survivors (6144K)
 Metaspace       used 15275K, committed 15552K, reserved 1114112K
  class space    used 2097K, committed 2240K, reserved 1048576K
}
Event: 47.635 GC heap after
{Heap after GC invocations=110 (full 94):
 garbage-first heap   total 225280K, used 101592K [0x0000000705200000, 0x0000000800000000)
  region size 2048K, 1 young (2048K), 1 survivors (2048K)
 Metaspace       used 15275K, committed 15552K, reserved 1114112K
  class space    used 2097K, committed 2240K, reserved 1048576K
}
Event: 47.663 GC heap before
{Heap before GC invocations=110 (full 94):
 garbage-first heap   total 229376K, used 224472K [0x0000000705200000, 0x0000000800000000)
  region size 2048K, 9 young (18432K), 1 survivors (2048K)
 Metaspace       used 15275K, committed 15552K, reserved 1114112K
  class space    used 2097K, committed 2240K, reserved 1048576K
}
Event: 47.675 GC heap after
{Heap after GC invocations=111 (full 94):
 garbage-first heap   total 235520K, used 184361K [0x0000000705200000, 0x0000000800000000)
  region size 2048K, 3 young (6144K), 3 survivors (6144K)
 Metaspace       used 15275K, committed 15552K, reserved 1114112K
  class space    used 2097K, committed 2240K, reserved 1048576K
}
Event: 47.675 GC heap before
{Heap before GC invocations=111 (full 94):
 garbage-first heap   total 235520K, used 184361K [0x0000000705200000, 0x0000000800000000)
  region size 2048K, 4 young (8192K), 3 survivors (6144K)
 Metaspace       used 15275K, committed 15552K, reserved 1114112K
  class space    used 2097K, committed 2240K, reserved 1048576K
}

Dll operation events (20 events):
Event: 0.268 Loaded shared library C:\Users\szimmn\.openjfx\cache\16\api-ms-win-crt-filesystem-l1-1-0.dll
Event: 0.269 Loaded shared library C:\Users\szimmn\.openjfx\cache\16\api-ms-win-crt-heap-l1-1-0.dll
Event: 0.270 Loaded shared library C:\Users\szimmn\.openjfx\cache\16\api-ms-win-crt-locale-l1-1-0.dll
Event: 0.272 Loaded shared library C:\Users\szimmn\.openjfx\cache\16\api-ms-win-crt-math-l1-1-0.dll
Event: 0.273 Loaded shared library C:\Users\szimmn\.openjfx\cache\16\api-ms-win-crt-multibyte-l1-1-0.dll
Event: 0.275 Loaded shared library C:\Users\szimmn\.openjfx\cache\16\api-ms-win-crt-private-l1-1-0.dll
Event: 0.276 Loaded shared library C:\Users\szimmn\.openjfx\cache\16\api-ms-win-crt-process-l1-1-0.dll
Event: 0.278 Loaded shared library C:\Users\szimmn\.openjfx\cache\16\api-ms-win-crt-runtime-l1-1-0.dll
Event: 0.279 Loaded shared library C:\Users\szimmn\.openjfx\cache\16\api-ms-win-crt-stdio-l1-1-0.dll
Event: 0.281 Loaded shared library C:\Users\szimmn\.openjfx\cache\16\api-ms-win-crt-string-l1-1-0.dll
Event: 0.282 Loaded shared library C:\Users\szimmn\.openjfx\cache\16\api-ms-win-crt-time-l1-1-0.dll
Event: 0.284 Loaded shared library C:\Users\szimmn\.openjfx\cache\16\api-ms-win-crt-utility-l1-1-0.dll
Event: 0.293 Loaded shared library C:\Users\szimmn\.openjfx\cache\16\ucrtbase.dll
Event: 0.295 Loaded shared library C:\Users\szimmn\.openjfx\cache\16\vcruntime140.dll
Event: 0.297 Loaded shared library C:\Users\szimmn\.openjfx\cache\16\vcruntime140_1.dll
Event: 0.301 Loaded shared library C:\Users\szimmn\.openjfx\cache\16\msvcp140.dll
Event: 0.344 Loaded shared library C:\Users\szimmn\.openjfx\cache\16\prism_d3d.dll
Event: 0.498 Loaded shared library C:\Users\szimmn\.openjfx\cache\16\glass.dll
Event: 0.601 Loaded shared library C:\Users\szimmn\.openjfx\cache\16\javafx_font.dll
Event: 0.675 Loaded shared library C:\Dev\Java\jdk-21\bin\jimage.dll

Deoptimization events (20 events):
Event: 26.316 Thread 0x0000026346cc1010 Uncommon trap: trap_request=0xffffffd6 fr.pc=0x00000263705d2dd4 relative=0x0000000000000274
Event: 26.316 Thread 0x0000026346cc1010 Uncommon trap: reason=array_check action=maybe_recompile pc=0x00000263705d2dd4 method=javafx.css.SimpleSelector.applies(Ljavafx/css/Styleable;[Ljava/util/Set;I)Z @ 37 c2
Event: 26.316 Thread 0x0000026346cc1010 DEOPT PACKING pc=0x00000263705d2dd4 sp=0x000000e27f3fc8f0
Event: 26.316 Thread 0x0000026346cc1010 DEOPT UNPACKING pc=0x000002636fd646a2 sp=0x000000e27f3fc8b8 mode 2
Event: 26.316 Thread 0x0000026346cc1010 Uncommon trap: trap_request=0xffffff45 fr.pc=0x0000026370596800 relative=0x0000000000001680
Event: 26.316 Thread 0x0000026346cc1010 Uncommon trap: reason=unstable_if action=reinterpret pc=0x0000026370596800 method=javafx.scene.paint.Color.web(Ljava/lang/String;D)Ljavafx/scene/paint/Color; @ 45 c2
Event: 26.316 Thread 0x0000026346cc1010 DEOPT PACKING pc=0x0000026370596800 sp=0x000000e27f3fc490
Event: 26.316 Thread 0x0000026346cc1010 DEOPT UNPACKING pc=0x000002636fd646a2 sp=0x000000e27f3fc448 mode 2
Event: 41.236 Thread 0x0000026346cc1010 Uncommon trap: trap_request=0xffffff45 fr.pc=0x000002637056e260 relative=0x00000000000001a0
Event: 41.236 Thread 0x0000026346cc1010 Uncommon trap: reason=unstable_if action=reinterpret pc=0x000002637056e260 method=javafx.scene.canvas.Canvas.getBuffer()Lcom/sun/javafx/sg/prism/GrowableDataBuffer; @ 18 c2
Event: 41.236 Thread 0x0000026346cc1010 DEOPT PACKING pc=0x000002637056e260 sp=0x000000e27f3fcc30
Event: 41.236 Thread 0x0000026346cc1010 DEOPT UNPACKING pc=0x000002636fd646a2 sp=0x000000e27f3fcb60 mode 2
Event: 41.256 Thread 0x0000026346cc1010 Uncommon trap: trap_request=0xffffff45 fr.pc=0x00000263705eabb0 relative=0x0000000000000090
Event: 41.256 Thread 0x0000026346cc1010 Uncommon trap: reason=unstable_if action=reinterpret pc=0x00000263705eabb0 method=java.lang.Math.round(F)I @ 36 c2
Event: 41.256 Thread 0x0000026346cc1010 DEOPT PACKING pc=0x00000263705eabb0 sp=0x000000e27f3fca50
Event: 41.256 Thread 0x0000026346cc1010 DEOPT UNPACKING pc=0x000002636fd646a2 sp=0x000000e27f3fc9d0 mode 2
Event: 41.313 Thread 0x0000026346935980 Uncommon trap: trap_request=0xffffffc6 fr.pc=0x00000263705e5ca8 relative=0x0000000000000088
Event: 41.313 Thread 0x0000026346935980 Uncommon trap: reason=bimorphic_or_optimized_type_check action=maybe_recompile pc=0x00000263705e5ca8 method=java.util.Collections$UnmodifiableCollection.size()I @ 4 c2
Event: 41.313 Thread 0x0000026346935980 DEOPT PACKING pc=0x00000263705e5ca8 sp=0x000000e27f8fda60
Event: 41.313 Thread 0x0000026346935980 DEOPT UNPACKING pc=0x000002636fd646a2 sp=0x000000e27f8fd9f0 mode 2

Classes loaded (20 events):
Event: 15.562 Loading class sun/nio/fs/WindowsPath$WindowsPathWithAttributes
Event: 15.562 Loading class sun/nio/fs/BasicFileAttributesHolder
Event: 15.562 Loading class sun/nio/fs/BasicFileAttributesHolder done
Event: 15.562 Loading class sun/nio/fs/WindowsPath$WindowsPathWithAttributes done
Event: 15.564 Loading class sun/security/provider/AbstractDrbg$NonceProvider
Event: 15.564 Loading class sun/security/provider/AbstractDrbg$NonceProvider done
Event: 15.565 Loading class sun/security/provider/SHA2$SHA256
Event: 15.565 Loading class sun/security/provider/SHA2
Event: 15.565 Loading class sun/security/provider/SHA2 done
Event: 15.565 Loading class sun/security/provider/SHA2$SHA256 done
Event: 15.573 Loading class java/lang/Math$RandomNumberGeneratorHolder
Event: 15.573 Loading class java/lang/Math$RandomNumberGeneratorHolder done
Event: 41.291 Loading class jdk/internal/event/ThreadSleepEvent
Event: 41.291 Loading class jdk/internal/event/ThreadSleepEvent done
Event: 41.312 Loading class java/lang/Throwable$WrappedPrintStream
Event: 41.312 Loading class java/lang/Throwable$PrintStreamOrWriter
Event: 41.312 Loading class java/lang/Throwable$PrintStreamOrWriter done
Event: 41.312 Loading class java/lang/Throwable$WrappedPrintStream done
Event: 41.313 Loading class java/lang/StackTraceElement$HashedModules
Event: 41.313 Loading class java/lang/StackTraceElement$HashedModules done

Classes unloaded (0 events):
No events

Classes redefined (0 events):
No events

Internal exceptions (20 events):
Event: 0.941 Thread 0x0000026346cc1010 Exception <a 'java/lang/NoSuchMethodError'{0x0000000712d92ba8}: 'java.lang.Object java.lang.invoke.DirectMethodHandle$Holder.invokeInterface(java.lang.Object, java.lang.Object, java.lang.Object)'> (0x0000000712d92ba8) 
thrown [s\open\src\hotspot\share\interpreter\linkResolver.cpp, line 773]
Event: 0.941 Thread 0x0000026346cc1010 Exception <a 'java/lang/IncompatibleClassChangeError'{0x0000000712d96250}: Found class java.lang.Object, but interface was expected> (0x0000000712d96250) 
thrown [s\open\src\hotspot\share\interpreter\linkResolver.cpp, line 840]
Event: 0.971 Thread 0x0000026346cc1010 Exception <a 'java/lang/ClassNotFoundException'{0x00000007128162a8}: com/sun/javafx/scene/control/skin/resources/controls> (0x00000007128162a8) 
thrown [s\open\src\hotspot\share\prims\jni.cpp, line 539]
Event: 0.971 Thread 0x0000026346cc1010 Exception <a 'java/lang/ClassNotFoundException'{0x0000000712823b78}: com/sun/javafx/scene/control/skin/resources/controls_de> (0x0000000712823b78) 
thrown [s\open\src\hotspot\share\prims\jni.cpp, line 539]
Event: 0.972 Thread 0x0000026346cc1010 Exception <a 'java/lang/ClassNotFoundException'{0x0000000712831170}: com/sun/javafx/scene/control/skin/resources/controls_de_CH> (0x0000000712831170) 
thrown [s\open\src\hotspot\share\prims\jni.cpp, line 539]
Event: 1.001 Thread 0x0000026346cc1010 Exception <a 'java/lang/NoSuchMethodError'{0x0000000712432790}: 'int java.lang.invoke.DirectMethodHandle$Holder.invokeSpecial(java.lang.Object, java.lang.Object, int)'> (0x0000000712432790) 
thrown [s\open\src\hotspot\share\interpreter\linkResolver.cpp, line 773]
Event: 1.002 Thread 0x0000026346cc1010 Exception <a 'java/lang/NoSuchMethodError'{0x000000071243a358}: 'int java.lang.invoke.DirectMethodHandle$Holder.invokeSpecial(java.lang.Object, java.lang.Object, java.lang.Object, int)'> (0x000000071243a358) 
thrown [s\open\src\hotspot\share\interpreter\linkResolver.cpp, line 773]
Event: 1.003 Thread 0x0000026346cc1010 Exception <a 'java/lang/NoSuchMethodError'{0x000000071244c800}: 'java.lang.Object java.lang.invoke.DirectMethodHandle$Holder.invokeStatic(java.lang.Object, java.lang.Object, java.lang.Object, java.lang.Object, int)'> (0x000000071244c800) 
thrown [s\open\src\hotspot\share\interpreter\linkResolver.cpp, line 773]
Event: 1.003 Thread 0x0000026346cc1010 Exception <a 'java/lang/NoSuchMethodError'{0x0000000712454ea8}: 'int java.lang.invoke.DirectMethodHandle$Holder.invokeSpecial(java.lang.Object, java.lang.Object, java.lang.Object)'> (0x0000000712454ea8) 
thrown [s\open\src\hotspot\share\interpreter\linkResolver.cpp, line 773]
Event: 1.065 Thread 0x0000026346cc1010 Exception <a 'java/lang/NoSuchMethodError'{0x00000007123f1ab8}: 'long java.lang.invoke.DirectMethodHandle$Holder.invokeStatic(java.lang.Object, java.lang.Object, java.lang.Object)'> (0x00000007123f1ab8) 
thrown [s\open\src\hotspot\share\interpreter\linkResolver.cpp, line 773]
Event: 1.065 Thread 0x0000026346cc1010 Exception <a 'java/lang/NoSuchMethodError'{0x00000007123f4e88}: 'long java.lang.invoke.DirectMethodHandle$Holder.invokeStaticInit(java.lang.Object, java.lang.Object, java.lang.Object)'> (0x00000007123f4e88) 
thrown [s\open\src\hotspot\share\interpreter\linkResolver.cpp, line 773]
Event: 1.067 Thread 0x0000026346cc1010 Exception <a 'java/lang/NoSuchMethodError'{0x0000000712009c78}: 'java.lang.Object java.lang.invoke.DirectMethodHandle$Holder.newInvokeSpecial(java.lang.Object, java.lang.Object, long)'> (0x0000000712009c78) 
thrown [s\open\src\hotspot\share\interpreter\linkResolver.cpp, line 773]
Event: 1.068 Thread 0x0000026346cc1010 Exception <a 'java/lang/NoSuchMethodError'{0x000000071200d570}: 'java.lang.Object java.lang.invoke.Invokers$Holder.linkToTargetMethod(java.lang.Object, long, java.lang.Object)'> (0x000000071200d570) 
thrown [s\open\src\hotspot\share\interpreter\linkResolver.cpp, line 773]
Event: 1.083 Thread 0x0000026346935980 Exception <a 'java/lang/NoSuchMethodError'{0x0000000712089d70}: 'int java.lang.invoke.DirectMethodHandle$Holder.invokeStaticInit(java.lang.Object, java.lang.Object)'> (0x0000000712089d70) 
thrown [s\open\src\hotspot\share\interpreter\linkResolver.cpp, line 773]
Event: 1.089 Thread 0x0000026346935980 Exception <a 'java/lang/NoSuchMethodError'{0x0000000712143c78}: 'java.lang.Object java.lang.invoke.Invokers$Holder.invokeExact_MT(java.lang.Object, java.lang.Object, java.lang.Object, java.lang.Object, java.lang.Object)'> (0x0000000712143c78) 
thrown [s\open\src\hotspot\share\interpreter\linkResolver.cpp, line 773]
Event: 4.366 Thread 0x0000026346cc1010 Exception <a 'java/lang/NoSuchMethodError'{0x00000007148c73e0}: 'java.lang.Object java.lang.invoke.DirectMethodHandle$Holder.newInvokeSpecial(java.lang.Object, java.lang.Object, int, int, int, int, int, java.lang.Object)'> (0x00000007148c73e0) 
thrown [s\open\src\hotspot\share\interpreter\linkResolver.cpp, line 773]
Event: 4.369 Thread 0x0000026346cc1010 Exception <a 'java/lang/NoSuchMethodError'{0x0000000714967128}: 'java.lang.Object java.lang.invoke.DirectMethodHandle$Holder.newInvokeSpecial(java.lang.Object, java.lang.Object, java.lang.Object, int, int, int, int, int)'> (0x0000000714967128) 
thrown [s\open\src\hotspot\share\interpreter\linkResolver.cpp, line 773]
Event: 4.370 Thread 0x0000026346cc1010 Exception <a 'java/lang/NoSuchMethodError'{0x000000071496e468}: 'java.lang.Object java.lang.invoke.Invokers$Holder.linkToTargetMethod(java.lang.Object, java.lang.Object, int, int, int, int, int, java.lang.Object)'> (0x000000071496e468) 
thrown [s\open\src\hotspot\share\interpreter\linkResolver.cpp, line 773]
Event: 15.551 Thread 0x0000026346cc1010 Exception <a 'java/lang/NoSuchMethodError'{0x0000000712b1e820}: 'java.lang.Object java.lang.invoke.DirectMethodHandle$Holder.invokeStaticInit(java.lang.Object, int, int, int, int)'> (0x0000000712b1e820) 
thrown [s\open\src\hotspot\share\interpreter\linkResolver.cpp, line 773]
Event: 15.564 Thread 0x0000026346cc1010 Exception <a 'java/lang/NoSuchMethodError'{0x0000000712b59638}: 'java.lang.Object java.lang.invoke.DirectMethodHandle$Holder.invokeStaticInit(java.lang.Object, java.lang.Object, int, int, int, int)'> (0x0000000712b59638) 
thrown [s\open\src\hotspot\share\interpreter\linkResolver.cpp, line 773]

ZGC Phase Switch (0 events):
No events

VM Operations (20 events):
Event: 47.444 Executing VM operation: G1TryInitiateConcMark (G1 Humongous Allocation) done
Event: 47.447 Executing VM operation: G1PauseRemark
Event: 47.449 Executing VM operation: G1PauseRemark done
Event: 47.451 Executing VM operation: G1PauseCleanup
Event: 47.452 Executing VM operation: G1PauseCleanup done
Event: 47.493 Executing VM operation: G1CollectForAllocation (G1 Evacuation Pause)
Event: 47.509 Executing VM operation: G1CollectForAllocation (G1 Evacuation Pause) done
Event: 47.529 Executing VM operation: G1CollectForAllocation (G1 Evacuation Pause)
Event: 47.557 Executing VM operation: G1CollectForAllocation (G1 Evacuation Pause) done
Event: 47.570 Executing VM operation: G1TryInitiateConcMark (G1 Humongous Allocation)
Event: 47.576 Executing VM operation: G1TryInitiateConcMark (G1 Humongous Allocation) done
Event: 47.583 Executing VM operation: G1PauseRemark
Event: 47.594 Executing VM operation: G1PauseRemark done
Event: 47.597 Executing VM operation: G1PauseCleanup
Event: 47.597 Executing VM operation: G1PauseCleanup done
Event: 47.626 Executing VM operation: G1CollectForAllocation (G1 Evacuation Pause)
Event: 47.635 Executing VM operation: G1CollectForAllocation (G1 Evacuation Pause) done
Event: 47.663 Executing VM operation: G1CollectForAllocation (G1 Evacuation Pause)
Event: 47.675 Executing VM operation: G1CollectForAllocation (G1 Evacuation Pause) done
Event: 47.675 Executing VM operation: G1TryInitiateConcMark (G1 Humongous Allocation)

Events (20 events):
Event: 41.284 Thread 0x00000263004152e0 flushing nmethod 0x000002637046e090
Event: 41.284 Thread 0x00000263004152e0 flushing nmethod 0x000002637046dd10
Event: 41.284 Thread 0x00000263004152e0 flushing nmethod 0x000002637046cd10
Event: 41.284 Thread 0x00000263004152e0 flushing nmethod 0x000002637046b910
Event: 41.375 Thread 0x00000263004152e0 flushing nmethod 0x0000026368b7b890
Event: 41.391 Thread 0x00000263004152e0 flushing nmethod 0x0000026368919d10
Event: 41.559 Thread 0x00000263004152e0 flushing nmethod 0x0000026368a6f110
Event: 41.559 Thread 0x00000263004152e0 flushing nmethod 0x0000026368a6b790
Event: 41.875 Thread 0x00000263004152e0 flushing nmethod 0x0000026368950390
Event: 41.957 Thread 0x00000263004152e0 flushing nmethod 0x0000026368936090
Event: 42.342 Thread 0x00000263004152e0 flushing nmethod 0x0000026368e39c90
Event: 42.453 Thread 0x00000263004152e0 flushing nmethod 0x0000026368e41610
Event: 42.946 Thread 0x00000263004152e0 flushing nmethod 0x0000026368ce7590
Event: 45.086 Thread 0x0000026300763af0 Thread added: 0x0000026300763af0
Event: 45.086 Thread 0x00000263007641a0 Thread added: 0x00000263007641a0
Event: 45.086 Thread 0x0000026346b31410 Thread added: 0x0000026346b31410
Event: 47.388 Thread 0x00000263007641a0 Thread exited: 0x00000263007641a0
Event: 47.388 Thread 0x0000026346b31410 Thread exited: 0x0000026346b31410
Event: 47.389 Thread 0x0000026300763af0 Thread exited: 0x0000026300763af0
Event: 47.594 Thread 0x00000263004152e0 flushing nmethod 0x0000026368f3f390


Dynamic libraries:
0x00007ff7ff1b0000 - 0x00007ff7ff1be000 	C:\Dev\Java\jdk-21\bin\java.exe
0x00007ffe1ecb0000 - 0x00007ffe1eec7000 	C:\WINDOWS\SYSTEM32\ntdll.dll
0x00007ffe1d1c0000 - 0x00007ffe1d284000 	C:\WINDOWS\System32\KERNEL32.DLL
0x00007ffe1bfb0000 - 0x00007ffe1c369000 	C:\WINDOWS\System32\KERNELBASE.dll
0x00007ffe1c370000 - 0x00007ffe1c481000 	C:\WINDOWS\System32\ucrtbase.dll
0x00007ffdf9a50000 - 0x00007ffdf9a68000 	C:\Dev\Java\jdk-21\bin\jli.dll
0x00007ffdf23f0000 - 0x00007ffdf240b000 	C:\Dev\Java\jdk-21\bin\VCRUNTIME140.dll
0x00007ffe1e620000 - 0x00007ffe1e7ce000 	C:\WINDOWS\System32\USER32.dll
0x00007ffdf44e0000 - 0x00007ffdf4772000 	C:\WINDOWS\WinSxS\amd64_microsoft.windows.common-controls_6595b64144ccf1df_6.0.22621.4391_none_2715d37f73803e96\COMCTL32.dll
0x00007ffe1c9a0000 - 0x00007ffe1c9c6000 	C:\WINDOWS\System32\win32u.dll
0x00007ffe1ebc0000 - 0x00007ffe1ec67000 	C:\WINDOWS\System32\msvcrt.dll
0x00007ffe1e470000 - 0x00007ffe1e499000 	C:\WINDOWS\System32\GDI32.dll
0x00007ffe1c490000 - 0x00007ffe1c5ab000 	C:\WINDOWS\System32\gdi32full.dll
0x00007ffe1c790000 - 0x00007ffe1c82a000 	C:\WINDOWS\System32\msvcp_win.dll
0x00007ffe1dbb0000 - 0x00007ffe1dbe1000 	C:\WINDOWS\System32\IMM32.DLL
0x00007ffdfa000000 - 0x00007ffdfa00c000 	C:\Dev\Java\jdk-21\bin\vcruntime140_1.dll
0x00007ffdc1b80000 - 0x00007ffdc1c0e000 	C:\Dev\Java\jdk-21\bin\msvcp140.dll
0x00007ffd623a0000 - 0x00007ffd630b3000 	C:\Dev\Java\jdk-21\bin\server\jvm.dll
0x00007ffe1d070000 - 0x00007ffe1d122000 	C:\WINDOWS\System32\ADVAPI32.dll
0x00007ffe1d300000 - 0x00007ffe1d3a7000 	C:\WINDOWS\System32\sechost.dll
0x00007ffe1c5b0000 - 0x00007ffe1c5d8000 	C:\WINDOWS\System32\bcrypt.dll
0x00007ffe1e500000 - 0x00007ffe1e614000 	C:\WINDOWS\System32\RPCRT4.dll
0x00007ffe1cc30000 - 0x00007ffe1cca1000 	C:\WINDOWS\System32\WS2_32.dll
0x00007ffe1ad10000 - 0x00007ffe1ad5d000 	C:\WINDOWS\SYSTEM32\POWRPROF.dll
0x00007ffe13890000 - 0x00007ffe1389a000 	C:\WINDOWS\SYSTEM32\VERSION.dll
0x00007ffe13410000 - 0x00007ffe13444000 	C:\WINDOWS\SYSTEM32\WINMM.dll
0x00007ffe1acf0000 - 0x00007ffe1ad03000 	C:\WINDOWS\SYSTEM32\UMPDC.dll
0x00007ffe1afb0000 - 0x00007ffe1afc8000 	C:\WINDOWS\SYSTEM32\kernel.appcore.dll
0x00007ffdf9c10000 - 0x00007ffdf9c1a000 	C:\Dev\Java\jdk-21\bin\jimage.dll
0x00007ffdfb7c0000 - 0x00007ffdfb9f2000 	C:\WINDOWS\SYSTEM32\DBGHELP.DLL
0x00007ffe1e7d0000 - 0x00007ffe1eb5f000 	C:\WINDOWS\System32\combase.dll
0x00007ffe1d4c0000 - 0x00007ffe1d597000 	C:\WINDOWS\System32\OLEAUT32.dll
0x00007ffdfc520000 - 0x00007ffdfc552000 	C:\WINDOWS\SYSTEM32\dbgcore.DLL
0x00007ffe1c710000 - 0x00007ffe1c78b000 	C:\WINDOWS\System32\bcryptPrimitives.dll
0x00007ffdf1d40000 - 0x00007ffdf1d5f000 	C:\Dev\Java\jdk-21\bin\java.dll
0x00007ffe1dbf0000 - 0x00007ffe1e466000 	C:\WINDOWS\System32\SHELL32.dll
0x00007ffe19d10000 - 0x00007ffe1a613000 	C:\WINDOWS\SYSTEM32\windows.storage.dll
0x00007ffe19bd0000 - 0x00007ffe19d0f000 	C:\WINDOWS\SYSTEM32\wintypes.dll
0x00007ffe1daa0000 - 0x00007ffe1db99000 	C:\WINDOWS\System32\SHCORE.dll
0x00007ffe1d290000 - 0x00007ffe1d2ee000 	C:\WINDOWS\System32\shlwapi.dll
0x00007ffe1bee0000 - 0x00007ffe1bf0b000 	C:\WINDOWS\SYSTEM32\profapi.dll
0x00007ffdbbb70000 - 0x00007ffdbbc47000 	C:\Dev\Java\jdk-21\bin\jsvml.dll
0x00007ffdf9ad0000 - 0x00007ffdf9ae0000 	C:\Dev\Java\jdk-21\bin\net.dll
0x00007ffe1afd0000 - 0x00007ffe1b106000 	C:\WINDOWS\SYSTEM32\WINHTTP.dll
0x00007ffe1b560000 - 0x00007ffe1b5c9000 	C:\WINDOWS\system32\mswsock.dll
0x00007ffdf0ac0000 - 0x00007ffdf0ad6000 	C:\Dev\Java\jdk-21\bin\nio.dll
0x00007ffdf1030000 - 0x00007ffdf1048000 	C:\Dev\Java\jdk-21\bin\zip.dll
0x0000026300aa0000 - 0x0000026300aa3000 	C:\Users\szimmn\.openjfx\cache\16\api-ms-win-core-console-l1-1-0.dll
0x0000026300ab0000 - 0x0000026300ab3000 	C:\Users\szimmn\.openjfx\cache\16\api-ms-win-core-console-l1-2-0.dll
0x0000026300ac0000 - 0x0000026300ac3000 	C:\Users\szimmn\.openjfx\cache\16\api-ms-win-core-datetime-l1-1-0.dll
0x0000026300ad0000 - 0x0000026300ad3000 	C:\Users\szimmn\.openjfx\cache\16\api-ms-win-core-debug-l1-1-0.dll
0x0000026300ae0000 - 0x0000026300ae3000 	C:\Users\szimmn\.openjfx\cache\16\api-ms-win-core-errorhandling-l1-1-0.dll
0x0000026300af0000 - 0x0000026300af4000 	C:\Users\szimmn\.openjfx\cache\16\api-ms-win-core-file-l1-1-0.dll
0x0000026300b00000 - 0x0000026300b03000 	C:\Users\szimmn\.openjfx\cache\16\api-ms-win-core-file-l1-2-0.dll
0x0000026300b10000 - 0x0000026300b13000 	C:\Users\szimmn\.openjfx\cache\16\api-ms-win-core-file-l2-1-0.dll
0x0000026300b20000 - 0x0000026300b23000 	C:\Users\szimmn\.openjfx\cache\16\api-ms-win-core-handle-l1-1-0.dll
0x0000026300b30000 - 0x0000026300b33000 	C:\Users\szimmn\.openjfx\cache\16\api-ms-win-core-heap-l1-1-0.dll
0x0000026300b40000 - 0x0000026300b43000 	C:\Users\szimmn\.openjfx\cache\16\api-ms-win-core-interlocked-l1-1-0.dll
0x0000026300b50000 - 0x0000026300b53000 	C:\Users\szimmn\.openjfx\cache\16\api-ms-win-core-libraryloader-l1-1-0.dll
0x0000026300b60000 - 0x0000026300b63000 	C:\Users\szimmn\.openjfx\cache\16\api-ms-win-core-localization-l1-2-0.dll
0x0000026300b70000 - 0x0000026300b73000 	C:\Users\szimmn\.openjfx\cache\16\api-ms-win-core-memory-l1-1-0.dll
0x0000026300b80000 - 0x0000026300b83000 	C:\Users\szimmn\.openjfx\cache\16\api-ms-win-core-namedpipe-l1-1-0.dll
0x0000026300b90000 - 0x0000026300b93000 	C:\Users\szimmn\.openjfx\cache\16\api-ms-win-core-processenvironment-l1-1-0.dll
0x0000026300ba0000 - 0x0000026300ba3000 	C:\Users\szimmn\.openjfx\cache\16\api-ms-win-core-processthreads-l1-1-0.dll
0x0000026300bb0000 - 0x0000026300bb3000 	C:\Users\szimmn\.openjfx\cache\16\api-ms-win-core-processthreads-l1-1-1.dll
0x0000026300bc0000 - 0x0000026300bc3000 	C:\Users\szimmn\.openjfx\cache\16\api-ms-win-core-profile-l1-1-0.dll
0x0000026300bd0000 - 0x0000026300bd3000 	C:\Users\szimmn\.openjfx\cache\16\api-ms-win-core-rtlsupport-l1-1-0.dll
0x0000026300be0000 - 0x0000026300be3000 	C:\Users\szimmn\.openjfx\cache\16\api-ms-win-core-string-l1-1-0.dll
0x0000026300bf0000 - 0x0000026300bf3000 	C:\Users\szimmn\.openjfx\cache\16\api-ms-win-core-synch-l1-1-0.dll
0x0000026300c00000 - 0x0000026300c03000 	C:\Users\szimmn\.openjfx\cache\16\api-ms-win-core-synch-l1-2-0.dll
0x0000026300c10000 - 0x0000026300c13000 	C:\Users\szimmn\.openjfx\cache\16\api-ms-win-core-sysinfo-l1-1-0.dll
0x0000026300c20000 - 0x0000026300c23000 	C:\Users\szimmn\.openjfx\cache\16\api-ms-win-core-timezone-l1-1-0.dll
0x0000026300c30000 - 0x0000026300c33000 	C:\Users\szimmn\.openjfx\cache\16\api-ms-win-core-util-l1-1-0.dll
0x0000026300c40000 - 0x0000026300c43000 	C:\Users\szimmn\.openjfx\cache\16\api-ms-win-crt-conio-l1-1-0.dll
0x0000026300c50000 - 0x0000026300c54000 	C:\Users\szimmn\.openjfx\cache\16\api-ms-win-crt-convert-l1-1-0.dll
0x0000026300c60000 - 0x0000026300c63000 	C:\Users\szimmn\.openjfx\cache\16\api-ms-win-crt-environment-l1-1-0.dll
0x0000026300c70000 - 0x0000026300c73000 	C:\Users\szimmn\.openjfx\cache\16\api-ms-win-crt-filesystem-l1-1-0.dll
0x0000026300c80000 - 0x0000026300c83000 	C:\Users\szimmn\.openjfx\cache\16\api-ms-win-crt-heap-l1-1-0.dll
0x0000026300c90000 - 0x0000026300c93000 	C:\Users\szimmn\.openjfx\cache\16\api-ms-win-crt-locale-l1-1-0.dll
0x0000026300ca0000 - 0x0000026300ca5000 	C:\Users\szimmn\.openjfx\cache\16\api-ms-win-crt-math-l1-1-0.dll
0x0000026300cb0000 - 0x0000026300cb5000 	C:\Users\szimmn\.openjfx\cache\16\api-ms-win-crt-multibyte-l1-1-0.dll
0x0000026300cc0000 - 0x0000026300cd0000 	C:\Users\szimmn\.openjfx\cache\16\api-ms-win-crt-private-l1-1-0.dll
0x0000026300cd0000 - 0x0000026300cd3000 	C:\Users\szimmn\.openjfx\cache\16\api-ms-win-crt-process-l1-1-0.dll
0x0000026300ce0000 - 0x0000026300ce4000 	C:\Users\szimmn\.openjfx\cache\16\api-ms-win-crt-runtime-l1-1-0.dll
0x0000026300cf0000 - 0x0000026300cf4000 	C:\Users\szimmn\.openjfx\cache\16\api-ms-win-crt-stdio-l1-1-0.dll
0x0000026300d00000 - 0x0000026300d04000 	C:\Users\szimmn\.openjfx\cache\16\api-ms-win-crt-string-l1-1-0.dll
0x0000026300d10000 - 0x0000026300d13000 	C:\Users\szimmn\.openjfx\cache\16\api-ms-win-crt-time-l1-1-0.dll
0x0000026300d20000 - 0x0000026300d23000 	C:\Users\szimmn\.openjfx\cache\16\api-ms-win-crt-utility-l1-1-0.dll
0x00007ffdf32b0000 - 0x00007ffdf33ac000 	C:\Users\szimmn\.openjfx\cache\16\ucrtbase.dll
0x00007ffe01750000 - 0x00007ffe01769000 	C:\Users\szimmn\.openjfx\cache\16\vcruntime140.dll
0x00007ffe18f00000 - 0x00007ffe18f0c000 	C:\Users\szimmn\.openjfx\cache\16\vcruntime140_1.dll
0x00007ffdefa40000 - 0x00007ffdefad1000 	C:\Users\szimmn\.openjfx\cache\16\msvcp140.dll
0x00007ffdf9c20000 - 0x00007ffdf9c47000 	C:\Users\szimmn\.openjfx\cache\16\prism_d3d.dll
0x00007ffdcef20000 - 0x00007ffdcf0c8000 	C:\WINDOWS\system32\d3d9.dll
0x00007ffe193f0000 - 0x00007ffe1941b000 	C:\WINDOWS\SYSTEM32\dwmapi.dll
0x00007ffe192a0000 - 0x00007ffe192d7000 	C:\WINDOWS\SYSTEM32\dxcore.dll
0x00007ffe191b0000 - 0x00007ffe19261000 	C:\WINDOWS\system32\uxtheme.dll
0x00007ffdceaf0000 - 0x00007ffdceba0000 	C:\WINDOWS\SYSTEM32\d3d9on12.dll
0x00007ffdceac0000 - 0x00007ffdceae6000 	C:\WINDOWS\SYSTEM32\d3d12.dll
0x00007ffe192e0000 - 0x00007ffe193d7000 	C:\WINDOWS\SYSTEM32\dxgi.dll
0x00007ffe1bca0000 - 0x00007ffe1bcee000 	C:\WINDOWS\SYSTEM32\cfgmgr32.dll
0x00007ffdce8b0000 - 0x00007ffdceab2000 	C:\WINDOWS\SYSTEM32\D3D12Core.dll
0x00007ffdce7b0000 - 0x00007ffdce8a3000 	C:\WINDOWS\System32\DriverStore\FileRepository\iigd_dch.inf_amd64_74bb2d3c7fa105e5\igd12umd64.dll
0x00007ffdcd520000 - 0x00007ffdce7a5000 	C:\WINDOWS\System32\DriverStore\FileRepository\iigd_dch.inf_amd64_74bb2d3c7fa105e5\igd12um64xel.dll
0x00007ffe1c830000 - 0x00007ffe1c996000 	C:\WINDOWS\System32\CRYPT32.dll
0x00007ffe1ccb0000 - 0x00007ffe1ce55000 	C:\WINDOWS\System32\ole32.dll
0x00007ffe06220000 - 0x00007ffe06382000 	C:\WINDOWS\SYSTEM32\drvstore.dll
0x00007ffdcd4f0000 - 0x00007ffdcd516000 	C:\WINDOWS\System32\DriverStore\FileRepository\iigd_dch.inf_amd64_74bb2d3c7fa105e5\igdext64.dll
0x00007ffdcd4a0000 - 0x00007ffdcd4e9000 	C:\WINDOWS\SYSTEM32\ControlLib.dll
0x00007ffe137a0000 - 0x00007ffe13831000 	C:\WINDOWS\System32\DriverStore\FileRepository\iigd_dch.inf_amd64_74bb2d3c7fa105e5\IntelControlLib.dll
0x00007ffe16bb0000 - 0x00007ffe16bf9000 	C:\WINDOWS\SYSTEM32\directxdatabasehelper.dll
0x00007ffe10840000 - 0x00007ffe10c7e000 	C:\WINDOWS\System32\DriverStore\FileRepository\iigd_dch.inf_amd64_74bb2d3c7fa105e5\igdgmm64.dll
0x00007ffe08420000 - 0x00007ffe0c474000 	C:\WINDOWS\System32\DriverStore\FileRepository\iigd_dch.inf_amd64_74bb2d3c7fa105e5\igc64.dll
0x00007ffdccaf0000 - 0x00007ffdccb1f000 	C:\WINDOWS\SYSTEM32\D3DSCache.dll
0x00007ffe1b600000 - 0x00007ffe1b628000 	C:\WINDOWS\SYSTEM32\USERENV.dll
0x00007ffdcc7e0000 - 0x00007ffdccaec000 	C:\WINDOWS\System32\DriverStore\FileRepository\iigd_dch.inf_amd64_74bb2d3c7fa105e5\igd12dxva64.dll
0x00007ffe1d5a0000 - 0x00007ffe1da14000 	C:\WINDOWS\System32\SETUPAPI.dll
0x00007ffdcb600000 - 0x00007ffdcc7dd000 	C:\WINDOWS\System32\DriverStore\FileRepository\iigd_dch.inf_amd64_74bb2d3c7fa105e5\igddxvacommon64.dll
0x00007ffdc98d0000 - 0x00007ffdcb5fb000 	C:\WINDOWS\System32\DriverStore\FileRepository\iigd_dch.inf_amd64_74bb2d3c7fa105e5\media_bin_64.dll
0x00007ffdc98a0000 - 0x00007ffdc98c7000 	C:\WINDOWS\System32\DriverStore\FileRepository\iigd_dch.inf_amd64_74bb2d3c7fa105e5\igdinfo64.dll
0x00007ffe140c0000 - 0x00007ffe14364000 	C:\WINDOWS\SYSTEM32\twinapi.appcore.dll
0x00007ffdf0d10000 - 0x00007ffdf0d52000 	C:\Users\szimmn\.openjfx\cache\16\glass.dll
0x00007ffe1d3c0000 - 0x00007ffe1d4bf000 	C:\WINDOWS\System32\COMDLG32.dll
0x00007ffe1ce60000 - 0x00007ffe1cfc0000 	C:\WINDOWS\System32\MSCTF.dll
0x00007ffdf9fe0000 - 0x00007ffdf9ff4000 	C:\Users\szimmn\.openjfx\cache\16\javafx_font.dll
0x00007ffe178a0000 - 0x00007ffe17b13000 	C:\WINDOWS\SYSTEM32\dwrite.dll
0x00007ffe1cfc0000 - 0x00007ffe1d070000 	C:\WINDOWS\System32\clbcatq.dll
0x00007ffe19000000 - 0x00007ffe191b0000 	C:\WINDOWS\SYSTEM32\WindowsCodecs.dll

dbghelp: loaded successfully - version: 4.0.5 - missing functions: none
symbol engine: initialized successfully - sym options: 0x614 - pdb path: .;C:\Dev\Java\jdk-21\bin;C:\WINDOWS\SYSTEM32;C:\WINDOWS\WinSxS\amd64_microsoft.windows.common-controls_6595b64144ccf1df_6.0.22621.4391_none_2715d37f73803e96;C:\Dev\Java\jdk-21\bin\server;C:\Users\szimmn\.openjfx\cache\16;C:\WINDOWS\System32\DriverStore\FileRepository\iigd_dch.inf_amd64_74bb2d3c7fa105e5;C:\Program Files\Common Files\Microsoft Shared\Ink

VM Arguments:
jvm_args: --add-modules=javafx.controls,javafx.graphics,javafx.media --module-path=C:\Users\szimmn\.gradle\caches\modules-2\files-2.1\org.openjfx\javafx-controls\16\65cdeae29c67d25932dcc66ca4f7d269923631ba\javafx-controls-16-win.jar;C:\Users\szimmn\.gradle\caches\modules-2\files-2.1\org.openjfx\javafx-media\16\6d776658906fc25051734bc6b03f214cc72c808e\javafx-media-16-win.jar;C:\Users\szimmn\.gradle\caches\modules-2\files-2.1\org.openjfx\javafx-graphics\16\cd18f8477818b40cfdbcfec7e2fc15f632f0a2f\javafx-graphics-16-win.jar;C:\Users\szimmn\.gradle\caches\modules-2\files-2.1\org.openjfx\javafx-base\16\e0564fea3f27dd3a10fa62e5005612333fc244bc\javafx-base-16-win.jar -Dfile.encoding=UTF-8 -Duser.country=CH -Duser.language=de -Duser.variant 
java_command: ch.bbcag.main.Launcher
java_class_path (initial): C:\Users\szimmn\IdeaProjects\snake\build\classes\java\main;C:\Users\szimmn\IdeaProjects\snake\build\resources\main
Launcher Type: SUN_STANDARD

[Global flags]
     intx CICompilerCount                          = 12                                        {product} {ergonomic}
     uint ConcGCThreads                            = 4                                         {product} {ergonomic}
     uint G1ConcRefinementThreads                  = 15                                        {product} {ergonomic}
   size_t G1HeapRegionSize                         = 2097152                                   {product} {ergonomic}
    uintx GCDrainStackTargetSize                   = 64                                        {product} {ergonomic}
   size_t InitialHeapSize                          = 264241152                                 {product} {ergonomic}
   size_t MarkStackSize                            = 4194304                                   {product} {ergonomic}
   size_t MaxHeapSize                              = 4208984064                                {product} {ergonomic}
   size_t MaxNewSize                               = 2524971008                                {product} {ergonomic}
   size_t MinHeapDeltaBytes                        = 2097152                                   {product} {ergonomic}
   size_t MinHeapSize                              = 8388608                                   {product} {ergonomic}
    uintx NonNMethodCodeHeapSize                   = 7602480                                {pd product} {ergonomic}
    uintx NonProfiledCodeHeapSize                  = 122027880                              {pd product} {ergonomic}
    uintx ProfiledCodeHeapSize                     = 122027880                              {pd product} {ergonomic}
    uintx ReservedCodeCacheSize                    = 251658240                              {pd product} {ergonomic}
     bool SegmentedCodeCache                       = true                                      {product} {ergonomic}
   size_t SoftMaxHeapSize                          = 4208984064                             {manageable} {ergonomic}
     bool UseCompressedOops                        = true                           {product lp64_product} {ergonomic}
     bool UseG1GC                                  = true                                      {product} {ergonomic}
     bool UseLargePagesIndividualAllocation        = false                                  {pd product} {ergonomic}

Logging:
Log output configuration:
 #0: stdout all=warning uptime,level,tags foldmultilines=false
 #1: stderr all=off uptime,level,tags foldmultilines=false

Environment Variables:
JAVA_HOME=C:\Dev\Java\jdk-21
PATH=C:\Program Files\Common Files\Oracle\Java\javapath;C:\Program Files (x86)\Common Files\Oracle\Java\java8path;C:\Program Files (x86)\Common Files\Oracle\Java\javapath;C:\Program Files (x86)\VMware\VMware Workstation\bin\;C:\WINDOWS\system32;C:\WINDOWS;C:\WINDOWS\System32\Wbem;C:\WINDOWS\System32\WindowsPowerShell\v1.0\;C:\WINDOWS\System32\OpenSSH\;C:\Program Files\Microsoft VS Code\bin;C:\Program Files\Git\cmd;C:\Dev\Java\jdk-21\bin;C:\Program Files\PuTTY\;C:\Program Files\nodejs\;C:\Users\szimmn\AppData\Local\Programs\Python\Launcher\;C:\Program Files\MySQL\MySQL Shell 8.0\bin\;C:\Users\szimmn\AppData\Local\Programs\Python\Python311\Scripts\;C:\Users\szimmn\AppData\Local\Programs\Python\Python311\;C:\Users\szimmn\AppData\Local\Microsoft\WindowsApps;C:\Users\szimmn\AppData\Local\spicetify;C:\Users\szimmn\AppData\Local\JetBrains\Toolbox\scripts;C:\Users\szimmn\AppData\Roaming\npm
USERNAME=szimmn
OS=Windows_NT
PROCESSOR_IDENTIFIER=Intel64 Family 6 Model 151 Stepping 2, GenuineIntel
TMP=C:\Users\szimmn\AppData\Local\Temp
TEMP=C:\Users\szimmn\AppData\Local\Temp




---------------  S Y S T E M  ---------------

OS:
 Windows 11 , 64 bit Build 22621 (10.0.22621.4391)
OS uptime: 1 days 3:49 hours
Hyper-V role detected

CPU: total 20 (initial active 20) (10 cores per cpu, 2 threads per core) family 6 model 151 stepping 2 microcode 0x35, cx8, cmov, fxsr, ht, mmx, 3dnowpref, sse, sse2, sse3, ssse3, sse4.1, sse4.2, popcnt, lzcnt, tsc, tscinvbit, avx, avx2, aes, erms, clmul, bmi1, bmi2, adx, sha, fma, vzeroupper, clflush, clflushopt, clwb, hv, serialize, rdtscp, rdpid, fsrm, f16c, cet_ibt, cet_ss
Processor Information for all 20 processors :
  Max Mhz: 2100, Current Mhz: 2100, Mhz Limit: 2100

Memory: 4k page, system-wide physical 16053M (3463M free)
TotalPageFile size 65147M (AvailPageFile size 145M)
current process WorkingSet (physical memory assigned to process): 517M, peak: 517M
current process commit charge ("private bytes"): 49204M, peak: 50231M

vm_info: OpenJDK 64-Bit Server VM (21+35-2513) for windows-amd64 JRE (21+35-2513), built on 2023-08-09T20:25:10Z by "mach5one" with MS VC++ 17.1 (VS2022)

END.
