#
# There is insufficient memory for the Java Runtime Environment to continue.
# Native memory allocation (mmap) failed to map 197132288 bytes for G1 virtual space
# Possible reasons:
#   The system is out of physical RAM or swap space
#   The process is running with CompressedOops enabled, and the Java Heap may be blocking the growth of the native heap
# Possible solutions:
#   Reduce memory load on the system
#   Increase physical memory or swap space
#   Check if swap backing store is full
#   Decrease Java heap size (-Xmx/-Xms)
#   Decrease number of Java threads
#   Decrease Java thread stack sizes (-Xss)
#   Set larger code cache with -XX:ReservedCodeCacheSize=
#   JVM is running with Zero Based Compressed Oops mode in which the Java heap is
#     placed in the first 32GB address space. The Java Heap base address is the
#     maximum limit for the native heap growth. Please use -XX:HeapBaseMinAddress
#     to set the Java Heap base and to place the Java Heap above 32GB virtual address.
# This output file may be truncated or incomplete.
#
#  Out of Memory Error (os_windows.cpp:3600), pid=20520, tid=10740
#
# JRE version: OpenJDK Runtime Environment (21.0+35) (build 21+35-2513)
# Java VM: OpenJDK 64-Bit Server VM (21+35-2513, mixed mode, sharing, tiered, compressed oops, compressed class ptrs, g1 gc, windows-amd64)
# No core dump will be written. Minidumps are not enabled by default on client versions of Windows
#

---------------  S U M M A R Y ------------

Command Line: --add-modules=javafx.controls,javafx.graphics,javafx.media --module-path=C:\Users\szimmn\.gradle\caches\modules-2\files-2.1\org.openjfx\javafx-controls\16\65cdeae29c67d25932dcc66ca4f7d269923631ba\javafx-controls-16-win.jar;C:\Users\szimmn\.gradle\caches\modules-2\files-2.1\org.openjfx\javafx-media\16\6d776658906fc25051734bc6b03f214cc72c808e\javafx-media-16-win.jar;C:\Users\szimmn\.gradle\caches\modules-2\files-2.1\org.openjfx\javafx-graphics\16\cd18f8477818b40cfdbcfec7e2fc15f632f0a2f\javafx-graphics-16-win.jar;C:\Users\szimmn\.gradle\caches\modules-2\files-2.1\org.openjfx\javafx-base\16\e0564fea3f27dd3a10fa62e5005612333fc244bc\javafx-base-16-win.jar -Dfile.encoding=UTF-8 -Duser.country=CH -Duser.language=de -Duser.variant ch.bbcag.main.Launcher

Host: 12th Gen Intel(R) Core(TM) i7-12700, 20 cores, 15G,  Windows 11 , 64 bit Build 22621 (10.0.22621.4391)
Time: Thu Feb 13 11:45:50 2025 Mitteleuropäische Zeit elapsed time: 803.113526 seconds (0d 0h 13m 23s)

---------------  T H R E A D  ---------------

Current thread (0x0000023a7ea4c380):  VMThread "VM Thread"          [id=10740, stack(0x000000bb16e00000,0x000000bb16f00000) (1024K)]

Stack: [0x000000bb16e00000,0x000000bb16f00000]
Native frames: (J=compiled Java code, j=interpreted, Vv=VM code, C=native code)
V  [jvm.dll+0x6c8d39]
V  [jvm.dll+0x854091]
V  [jvm.dll+0x85630e]
V  [jvm.dll+0x8569e3]
V  [jvm.dll+0x2809a6]
V  [jvm.dll+0x6c5425]
V  [jvm.dll+0x6b9e1a]
V  [jvm.dll+0x3555ba]
V  [jvm.dll+0x35d206]
V  [jvm.dll+0x3adf6e]
V  [jvm.dll+0x3ae218]
V  [jvm.dll+0x328fcc]
V  [jvm.dll+0x329057]
V  [jvm.dll+0x36d90c]
V  [jvm.dll+0x36c10d]
V  [jvm.dll+0x328741]
V  [jvm.dll+0x36bb38]
V  [jvm.dll+0x85c4e8]
V  [jvm.dll+0x85d5e4]
V  [jvm.dll+0x85db20]
V  [jvm.dll+0x85ddc3]
V  [jvm.dll+0x7fd2c8]
V  [jvm.dll+0x6c748d]
C  [ucrtbase.dll+0x29333]
C  [KERNEL32.DLL+0x1259d]
C  [ntdll.dll+0x5af38]

VM_Operation (0x000000bb17cfcc48): G1TryInitiateConcMark, mode: safepoint, requested by thread 0x0000023a45798060


---------------  P R O C E S S  ---------------

Threads class SMR info:
_java_thread_list=0x0000023a45e4d110, length=19, elements={
0x0000023a5d472800, 0x0000023a7ea6ced0, 0x0000023a7ea6dcf0, 0x0000023a7ea6f960,
0x0000023a7ea723d0, 0x0000023a7ea72e30, 0x0000023a7ea739c0, 0x0000023a7ea77b70,
0x0000023a7ea7ddd0, 0x0000023a7fb510b0, 0x0000023a451d5460, 0x0000023a451ef500,
0x0000023a452911b0, 0x0000023a457965d0, 0x0000023a45798060, 0x0000023a45ea3c40,
0x0000023a46322280, 0x0000023a463d0bb0, 0x0000023a451fe080
}

Java Threads: ( => current thread )
  0x0000023a5d472800 JavaThread "main"                              [_thread_blocked, id=8380, stack(0x000000bb16700000,0x000000bb16800000) (1024K)]
  0x0000023a7ea6ced0 JavaThread "Reference Handler"          daemon [_thread_blocked, id=20844, stack(0x000000bb16f00000,0x000000bb17000000) (1024K)]
  0x0000023a7ea6dcf0 JavaThread "Finalizer"                  daemon [_thread_blocked, id=11956, stack(0x000000bb17000000,0x000000bb17100000) (1024K)]
  0x0000023a7ea6f960 JavaThread "Signal Dispatcher"          daemon [_thread_blocked, id=6344, stack(0x000000bb17100000,0x000000bb17200000) (1024K)]
  0x0000023a7ea723d0 JavaThread "Attach Listener"            daemon [_thread_blocked, id=11464, stack(0x000000bb17200000,0x000000bb17300000) (1024K)]
  0x0000023a7ea72e30 JavaThread "Service Thread"             daemon [_thread_blocked, id=5244, stack(0x000000bb17300000,0x000000bb17400000) (1024K)]
  0x0000023a7ea739c0 JavaThread "Monitor Deflation Thread"   daemon [_thread_blocked, id=14844, stack(0x000000bb17400000,0x000000bb17500000) (1024K)]
  0x0000023a7ea77b70 JavaThread "C2 CompilerThread0"         daemon [_thread_blocked, id=1876, stack(0x000000bb17500000,0x000000bb17600000) (1024K)]
  0x0000023a7ea7ddd0 JavaThread "C1 CompilerThread0"         daemon [_thread_blocked, id=13912, stack(0x000000bb17600000,0x000000bb17700000) (1024K)]
  0x0000023a7fb510b0 JavaThread "Common-Cleaner"             daemon [_thread_blocked, id=18512, stack(0x000000bb17a00000,0x000000bb17b00000) (1024K)]
  0x0000023a451d5460 JavaThread "Notification Thread"        daemon [_thread_blocked, id=22276, stack(0x000000bb18100000,0x000000bb18200000) (1024K)]
  0x0000023a451ef500 JavaThread "JavaFX-Launcher"                   [_thread_blocked, id=4648, stack(0x000000bb18200000,0x000000bb18300000) (1024K)]
  0x0000023a452911b0 JavaThread "QuantumRenderer-0"          daemon [_thread_blocked, id=18672, stack(0x000000bb18300000,0x000000bb18400000) (1024K)]
  0x0000023a457965d0 JavaThread "InvokeLaterDispatcher"      daemon [_thread_blocked, id=7260, stack(0x000000bb17b00000,0x000000bb17c00000) (1024K)]
  0x0000023a45798060 JavaThread "JavaFX Application Thread"         [_thread_blocked, id=15536, stack(0x000000bb17c00000,0x000000bb17d00000) (1024K)]
  0x0000023a45ea3c40 JavaThread "Thread-2"                   daemon [_thread_blocked, id=22560, stack(0x000000bb17e00000,0x000000bb17f00000) (1024K)]
  0x0000023a46322280 JavaThread "Prism Font Disposer"        daemon [_thread_blocked, id=22468, stack(0x000000bb19200000,0x000000bb19300000) (1024K)]
  0x0000023a463d0bb0 JavaThread "Cleaner-0"                  daemon [_thread_blocked, id=1856, stack(0x000000bb19700000,0x000000bb19800000) (1024K)]
  0x0000023a451fe080 JavaThread "C1 CompilerThread1"         daemon [_thread_blocked, id=13880, stack(0x000000bb16500000,0x000000bb16600000) (1024K)]
Total: 19

Other Threads:
=>0x0000023a7ea4c380 VMThread "VM Thread"                           [id=10740, stack(0x000000bb16e00000,0x000000bb16f00000) (1024K)]
  0x0000023a7ea33d10 WatcherThread "VM Periodic Task Thread"        [id=20024, stack(0x000000bb16d00000,0x000000bb16e00000) (1024K)]
  0x0000023a5f8623e0 WorkerThread "GC Thread#0"                     [id=12748, stack(0x000000bb16800000,0x000000bb16900000) (1024K)]
  0x0000023a45e7b2f0 WorkerThread "GC Thread#1"                     [id=1756, stack(0x000000bb17f00000,0x000000bb18000000) (1024K)]
  0x0000023a45e7b690 WorkerThread "GC Thread#2"                     [id=19728, stack(0x000000bb18000000,0x000000bb18100000) (1024K)]
  0x0000023a45e7ba30 WorkerThread "GC Thread#3"                     [id=22912, stack(0x000000bb18800000,0x000000bb18900000) (1024K)]
  0x0000023a45e7bdd0 WorkerThread "GC Thread#4"                     [id=21188, stack(0x000000bb18900000,0x000000bb18a00000) (1024K)]
  0x0000023a45ed69c0 WorkerThread "GC Thread#5"                     [id=6868, stack(0x000000bb18a00000,0x000000bb18b00000) (1024K)]
  0x0000023a45ed7be0 WorkerThread "GC Thread#6"                     [id=14760, stack(0x000000bb19300000,0x000000bb19400000) (1024K)]
  0x0000023a45ed7f80 WorkerThread "GC Thread#7"                     [id=6156, stack(0x000000bb19400000,0x000000bb19500000) (1024K)]
  0x0000023a45ed6620 WorkerThread "GC Thread#8"                     [id=6236, stack(0x000000bb19500000,0x000000bb19600000) (1024K)]
  0x0000023a45ed6d60 WorkerThread "GC Thread#9"                     [id=16640, stack(0x000000bb19600000,0x000000bb19700000) (1024K)]
  0x0000023a7fd779f0 WorkerThread "GC Thread#10"                    [id=10420, stack(0x000000bb16400000,0x000000bb16500000) (1024K)]
  0x0000023a7fd772b0 WorkerThread "GC Thread#11"                    [id=17040, stack(0x000000bb17700000,0x000000bb17800000) (1024K)]
  0x0000023a5f873760 ConcurrentGCThread "G1 Main Marker"            [id=3196, stack(0x000000bb16900000,0x000000bb16a00000) (1024K)]
  0x0000023a5f874170 WorkerThread "G1 Conc#0"                       [id=13728, stack(0x000000bb16a00000,0x000000bb16b00000) (1024K)]
  0x0000023a7fd77d90 WorkerThread "G1 Conc#1"                       [id=20692, stack(0x000000bb16600000,0x000000bb16700000) (1024K)]
  0x0000023a7fd76430 WorkerThread "G1 Conc#2"                       [id=23412, stack(0x000000bb17800000,0x000000bb17900000) (1024K)]
  0x0000023a7fd74390 WorkerThread "G1 Conc#3"                       [id=23184, stack(0x000000bb17900000,0x000000bb17a00000) (1024K)]
  0x0000023a7e909410 ConcurrentGCThread "G1 Refine#0"               [id=18260, stack(0x000000bb16b00000,0x000000bb16c00000) (1024K)]
  0x0000023a5f8bdfe0 ConcurrentGCThread "G1 Service"                [id=7864, stack(0x000000bb16c00000,0x000000bb16d00000) (1024K)]
Total: 21

Threads with active compile tasks:
Total: 0

VM state: at safepoint (normal execution)

VM Mutex/Monitor currently owned by a thread:  ([mutex/lock_event])
[0x00007ffd62fd8548] Threads_lock - owner thread: 0x0000023a7ea4c380
[0x00007ffd62fd8648] Heap_lock - owner thread: 0x0000023a45798060

Heap address: 0x0000000705200000, size: 4014 MB, Compressed Oops mode: Zero based, Oop shift amount: 3

CDS archive(s) mapped at: [0x0000023a00000000-0x0000023a00c90000-0x0000023a00c90000), size 13172736, SharedBaseAddress: 0x0000023a00000000, ArchiveRelocationMode: 1.
Compressed class space mapped at: 0x0000023a01000000-0x0000023a41000000, reserved size: 1073741824
Narrow klass base: 0x0000023a00000000, Narrow klass shift: 0, Narrow klass range: 0x100000000

GC Precious Log:
 CardTable entry size: 512
 Card Set container configuration: InlinePtr #cards 4 size 8 Array Of Cards #cards 16 size 48 Howl #buckets 8 coarsen threshold 3686 Howl Bitmap #cards 512 size 80 coarsen threshold 460 Card regions per heap region 1 cards per card region 4096
 CPUs: 20 total, 20 available
 Memory: 16053M
 Large Page Support: Disabled
 NUMA Support: Disabled
 Compressed Oops: Enabled (Zero based)
 Heap Region Size: 2M
 Heap Min Capacity: 8M
 Heap Initial Capacity: 252M
 Heap Max Capacity: 4014M
 Pre-touch: Disabled
 Parallel Workers: 15
 Concurrent Workers: 4
 Concurrent Refinement Workers: 15
 Periodic GC: Disabled

Heap:
 garbage-first heap   total 483328K, used 108479K [0x0000000705200000, 0x0000000800000000)
  region size 2048K, 3 young (6144K), 3 survivors (6144K)
 Metaspace       used 15974K, committed 16256K, reserved 1114112K
  class space    used 2146K, committed 2240K, reserved 1048576K

Heap Regions: E=young(eden), S=young(survivor), O=old, HS=humongous(starts), HC=humongous(continues), CS=collection set, F=free, TAMS=top-at-mark-start, PB=parsable bottom
|   0|0x0000000705200000, 0x0000000705400000, 0x0000000705400000|100%| O|  |TAMS 0x0000000705400000| PB 0x0000000705200000| Untracked 
|   1|0x0000000705400000, 0x0000000705600000, 0x0000000705600000|100%|HS|  |TAMS 0x0000000705600000| PB 0x0000000705400000| Complete 
|   2|0x0000000705600000, 0x0000000705800000, 0x0000000705800000|100%| O|  |TAMS 0x0000000705800000| PB 0x0000000705600000| Untracked 
|   3|0x0000000705800000, 0x00000007059fffe8, 0x0000000705a00000| 99%| O|  |TAMS 0x00000007059fffe8| PB 0x0000000705800000| Untracked 
|   4|0x0000000705a00000, 0x0000000705bf1330, 0x0000000705c00000| 97%| O|  |TAMS 0x0000000705bf1330| PB 0x0000000705a00000| Untracked 
|   5|0x0000000705c00000, 0x0000000705de7d18, 0x0000000705e00000| 95%| O|  |TAMS 0x0000000705de7d18| PB 0x0000000705c00000| Untracked 
|   6|0x0000000705e00000, 0x0000000705fd35f0, 0x0000000706000000| 91%| O|  |TAMS 0x0000000705fd35f0| PB 0x0000000705e00000| Untracked 
|   7|0x0000000706000000, 0x00000007061ffff8, 0x0000000706200000| 99%| O|  |TAMS 0x00000007061ffff8| PB 0x0000000706000000| Untracked 
|   8|0x0000000706200000, 0x00000007063d7640, 0x0000000706400000| 92%| O|  |TAMS 0x00000007063d7640| PB 0x0000000706200000| Untracked 
|   9|0x0000000706400000, 0x0000000706600000, 0x0000000706600000|100%|HS|  |TAMS 0x0000000706600000| PB 0x0000000706400000| Complete 
|  10|0x0000000706600000, 0x0000000706800000, 0x0000000706800000|100%|HC|  |TAMS 0x0000000706800000| PB 0x0000000706600000| Complete 
|  11|0x0000000706800000, 0x0000000706a00000, 0x0000000706a00000|100%|HS|  |TAMS 0x0000000706a00000| PB 0x0000000706800000| Complete 
|  12|0x0000000706a00000, 0x0000000706c00000, 0x0000000706c00000|100%|HC|  |TAMS 0x0000000706c00000| PB 0x0000000706a00000| Complete 
|  13|0x0000000706c00000, 0x0000000706e00000, 0x0000000706e00000|100%|HS|  |TAMS 0x0000000706e00000| PB 0x0000000706c00000| Complete 
|  14|0x0000000706e00000, 0x0000000707000000, 0x0000000707000000|100%|HC|  |TAMS 0x0000000707000000| PB 0x0000000706e00000| Complete 
|  15|0x0000000707000000, 0x0000000707200000, 0x0000000707200000|100%|HS|  |TAMS 0x0000000707200000| PB 0x0000000707000000| Complete 
|  16|0x0000000707200000, 0x0000000707400000, 0x0000000707400000|100%|HC|  |TAMS 0x0000000707400000| PB 0x0000000707200000| Complete 
|  17|0x0000000707400000, 0x00000007075cb900, 0x0000000707600000| 89%| O|  |TAMS 0x00000007075cb900| PB 0x0000000707400000| Untracked 
|  18|0x0000000707600000, 0x0000000707800000, 0x0000000707800000|100%|HS|  |TAMS 0x0000000707800000| PB 0x0000000707600000| Complete 
|  19|0x0000000707800000, 0x0000000707a00000, 0x0000000707a00000|100%|HC|  |TAMS 0x0000000707a00000| PB 0x0000000707800000| Complete 
|  20|0x0000000707a00000, 0x0000000707c00000, 0x0000000707c00000|100%|HS|  |TAMS 0x0000000707c00000| PB 0x0000000707a00000| Complete 
|  21|0x0000000707c00000, 0x0000000707e00000, 0x0000000707e00000|100%|HC|  |TAMS 0x0000000707e00000| PB 0x0000000707c00000| Complete 
|  22|0x0000000707e00000, 0x0000000708000000, 0x0000000708000000|100%|HC|  |TAMS 0x0000000708000000| PB 0x0000000707e00000| Complete 
|  23|0x0000000708000000, 0x0000000708200000, 0x0000000708200000|100%|HC|  |TAMS 0x0000000708200000| PB 0x0000000708000000| Complete 
|  24|0x0000000708200000, 0x0000000708400000, 0x0000000708400000|100%|HC|  |TAMS 0x0000000708400000| PB 0x0000000708200000| Complete 
|  25|0x0000000708400000, 0x0000000708600000, 0x0000000708600000|100%|HC|  |TAMS 0x0000000708600000| PB 0x0000000708400000| Complete 
|  26|0x0000000708600000, 0x0000000708800000, 0x0000000708800000|100%|HC|  |TAMS 0x0000000708800000| PB 0x0000000708600000| Complete 
|  27|0x0000000708800000, 0x0000000708a00000, 0x0000000708a00000|100%|HS|  |TAMS 0x0000000708a00000| PB 0x0000000708800000| Complete 
|  28|0x0000000708a00000, 0x0000000708c00000, 0x0000000708c00000|100%|HC|  |TAMS 0x0000000708c00000| PB 0x0000000708a00000| Complete 
|  29|0x0000000708c00000, 0x0000000708e00000, 0x0000000708e00000|100%|HS|  |TAMS 0x0000000708e00000| PB 0x0000000708c00000| Complete 
|  30|0x0000000708e00000, 0x0000000709000000, 0x0000000709000000|100%|HC|  |TAMS 0x0000000709000000| PB 0x0000000708e00000| Complete 
|  31|0x0000000709000000, 0x0000000709200000, 0x0000000709200000|100%|HS|  |TAMS 0x0000000709200000| PB 0x0000000709000000| Complete 
|  32|0x0000000709200000, 0x0000000709400000, 0x0000000709400000|100%|HC|  |TAMS 0x0000000709400000| PB 0x0000000709200000| Complete 
|  33|0x0000000709400000, 0x0000000709600000, 0x0000000709600000|100%|HS|  |TAMS 0x0000000709600000| PB 0x0000000709400000| Complete 
|  34|0x0000000709600000, 0x0000000709800000, 0x0000000709800000|100%|HC|  |TAMS 0x0000000709800000| PB 0x0000000709600000| Complete 
|  35|0x0000000709800000, 0x0000000709a00000, 0x0000000709a00000|100%|HS|  |TAMS 0x0000000709a00000| PB 0x0000000709800000| Complete 
|  36|0x0000000709a00000, 0x0000000709c00000, 0x0000000709c00000|100%|HC|  |TAMS 0x0000000709c00000| PB 0x0000000709a00000| Complete 
|  37|0x0000000709c00000, 0x0000000709c00000, 0x0000000709e00000|  0%| F|  |TAMS 0x0000000709c00000| PB 0x0000000709c00000| Untracked 
|  38|0x0000000709e00000, 0x0000000709e00000, 0x000000070a000000|  0%| F|  |TAMS 0x0000000709e00000| PB 0x0000000709e00000| Untracked 
|  39|0x000000070a000000, 0x000000070a000000, 0x000000070a200000|  0%| F|  |TAMS 0x000000070a000000| PB 0x000000070a000000| Untracked 
|  40|0x000000070a200000, 0x000000070a200000, 0x000000070a400000|  0%| F|  |TAMS 0x000000070a200000| PB 0x000000070a200000| Untracked 
|  41|0x000000070a400000, 0x000000070a400000, 0x000000070a600000|  0%| F|  |TAMS 0x000000070a400000| PB 0x000000070a400000| Untracked 
|  42|0x000000070a600000, 0x000000070a600000, 0x000000070a800000|  0%| F|  |TAMS 0x000000070a600000| PB 0x000000070a600000| Untracked 
|  43|0x000000070a800000, 0x000000070a800000, 0x000000070aa00000|  0%| F|  |TAMS 0x000000070a800000| PB 0x000000070a800000| Untracked 
|  44|0x000000070aa00000, 0x000000070aa00000, 0x000000070ac00000|  0%| F|  |TAMS 0x000000070aa00000| PB 0x000000070aa00000| Untracked 
|  45|0x000000070ac00000, 0x000000070ac00000, 0x000000070ae00000|  0%| F|  |TAMS 0x000000070ac00000| PB 0x000000070ac00000| Untracked 
|  46|0x000000070ae00000, 0x000000070ae00000, 0x000000070b000000|  0%| F|  |TAMS 0x000000070ae00000| PB 0x000000070ae00000| Untracked 
|  47|0x000000070b000000, 0x000000070b000000, 0x000000070b200000|  0%| F|  |TAMS 0x000000070b000000| PB 0x000000070b000000| Untracked 
|  48|0x000000070b200000, 0x000000070b200000, 0x000000070b400000|  0%| F|  |TAMS 0x000000070b200000| PB 0x000000070b200000| Untracked 
|  49|0x000000070b400000, 0x000000070b400000, 0x000000070b600000|  0%| F|  |TAMS 0x000000070b400000| PB 0x000000070b400000| Untracked 
|  50|0x000000070b600000, 0x000000070b600000, 0x000000070b800000|  0%| F|  |TAMS 0x000000070b600000| PB 0x000000070b600000| Untracked 
|  51|0x000000070b800000, 0x000000070b800000, 0x000000070ba00000|  0%| F|  |TAMS 0x000000070b800000| PB 0x000000070b800000| Untracked 
|  52|0x000000070ba00000, 0x000000070ba00000, 0x000000070bc00000|  0%| F|  |TAMS 0x000000070ba00000| PB 0x000000070ba00000| Untracked 
|  53|0x000000070bc00000, 0x000000070bc00000, 0x000000070be00000|  0%| F|  |TAMS 0x000000070bc00000| PB 0x000000070bc00000| Untracked 
|  54|0x000000070be00000, 0x000000070be00000, 0x000000070c000000|  0%| F|  |TAMS 0x000000070be00000| PB 0x000000070be00000| Untracked 
|  55|0x000000070c000000, 0x000000070c000000, 0x000000070c200000|  0%| F|  |TAMS 0x000000070c000000| PB 0x000000070c000000| Untracked 
|  56|0x000000070c200000, 0x000000070c200000, 0x000000070c400000|  0%| F|  |TAMS 0x000000070c200000| PB 0x000000070c200000| Untracked 
|  57|0x000000070c400000, 0x000000070c400000, 0x000000070c600000|  0%| F|  |TAMS 0x000000070c400000| PB 0x000000070c400000| Untracked 
|  58|0x000000070c600000, 0x000000070c600000, 0x000000070c800000|  0%| F|  |TAMS 0x000000070c600000| PB 0x000000070c600000| Untracked 
|  59|0x000000070c800000, 0x000000070c800000, 0x000000070ca00000|  0%| F|  |TAMS 0x000000070c800000| PB 0x000000070c800000| Untracked 
|  60|0x000000070ca00000, 0x000000070ca00000, 0x000000070cc00000|  0%| F|  |TAMS 0x000000070ca00000| PB 0x000000070ca00000| Untracked 
|  61|0x000000070cc00000, 0x000000070ce00000, 0x000000070ce00000|100%|HS|  |TAMS 0x000000070ce00000| PB 0x000000070cc00000| Complete 
|  62|0x000000070ce00000, 0x000000070d000000, 0x000000070d000000|100%|HC|  |TAMS 0x000000070d000000| PB 0x000000070ce00000| Complete 
|  63|0x000000070d000000, 0x000000070d000000, 0x000000070d200000|  0%| F|  |TAMS 0x000000070d000000| PB 0x000000070d000000| Untracked 
|  64|0x000000070d200000, 0x000000070d200000, 0x000000070d400000|  0%| F|  |TAMS 0x000000070d200000| PB 0x000000070d200000| Untracked 
|  65|0x000000070d400000, 0x000000070d400000, 0x000000070d600000|  0%| F|  |TAMS 0x000000070d400000| PB 0x000000070d400000| Untracked 
|  66|0x000000070d600000, 0x000000070d600000, 0x000000070d800000|  0%| F|  |TAMS 0x000000070d600000| PB 0x000000070d600000| Untracked 
|  67|0x000000070d800000, 0x000000070d800000, 0x000000070da00000|  0%| F|  |TAMS 0x000000070d800000| PB 0x000000070d800000| Untracked 
|  68|0x000000070da00000, 0x000000070da00000, 0x000000070dc00000|  0%| F|  |TAMS 0x000000070da00000| PB 0x000000070da00000| Untracked 
|  69|0x000000070dc00000, 0x000000070dc00000, 0x000000070de00000|  0%| F|  |TAMS 0x000000070dc00000| PB 0x000000070dc00000| Untracked 
|  70|0x000000070de00000, 0x000000070de00000, 0x000000070e000000|  0%| F|  |TAMS 0x000000070de00000| PB 0x000000070de00000| Untracked 
|  71|0x000000070e000000, 0x000000070e000000, 0x000000070e200000|  0%| F|  |TAMS 0x000000070e000000| PB 0x000000070e000000| Untracked 
|  72|0x000000070e200000, 0x000000070e200000, 0x000000070e400000|  0%| F|  |TAMS 0x000000070e200000| PB 0x000000070e200000| Untracked 
|  73|0x000000070e400000, 0x000000070e400000, 0x000000070e600000|  0%| F|  |TAMS 0x000000070e400000| PB 0x000000070e400000| Untracked 
|  74|0x000000070e600000, 0x000000070e600000, 0x000000070e800000|  0%| F|  |TAMS 0x000000070e600000| PB 0x000000070e600000| Untracked 
|  75|0x000000070e800000, 0x000000070ea00000, 0x000000070ea00000|100%|HS|  |TAMS 0x000000070ea00000| PB 0x000000070e800000| Complete 
|  76|0x000000070ea00000, 0x000000070ec00000, 0x000000070ec00000|100%|HC|  |TAMS 0x000000070ec00000| PB 0x000000070ea00000| Complete 
|  77|0x000000070ec00000, 0x000000070ec00000, 0x000000070ee00000|  0%| F|  |TAMS 0x000000070ec00000| PB 0x000000070ec00000| Untracked 
|  78|0x000000070ee00000, 0x000000070ee00000, 0x000000070f000000|  0%| F|  |TAMS 0x000000070ee00000| PB 0x000000070ee00000| Untracked 
|  79|0x000000070f000000, 0x000000070f000000, 0x000000070f200000|  0%| F|  |TAMS 0x000000070f000000| PB 0x000000070f000000| Untracked 
|  80|0x000000070f200000, 0x000000070f200000, 0x000000070f400000|  0%| F|  |TAMS 0x000000070f200000| PB 0x000000070f200000| Untracked 
|  81|0x000000070f400000, 0x000000070f400000, 0x000000070f600000|  0%| F|  |TAMS 0x000000070f400000| PB 0x000000070f400000| Untracked 
|  82|0x000000070f600000, 0x000000070f600000, 0x000000070f800000|  0%| F|  |TAMS 0x000000070f600000| PB 0x000000070f600000| Untracked 
|  83|0x000000070f800000, 0x000000070f800000, 0x000000070fa00000|  0%| F|  |TAMS 0x000000070f800000| PB 0x000000070f800000| Untracked 
|  84|0x000000070fa00000, 0x000000070fa00000, 0x000000070fc00000|  0%| F|  |TAMS 0x000000070fa00000| PB 0x000000070fa00000| Untracked 
|  85|0x000000070fc00000, 0x000000070fc00000, 0x000000070fe00000|  0%| F|  |TAMS 0x000000070fc00000| PB 0x000000070fc00000| Untracked 
|  86|0x000000070fe00000, 0x000000070fe00000, 0x0000000710000000|  0%| F|  |TAMS 0x000000070fe00000| PB 0x000000070fe00000| Untracked 
|  87|0x0000000710000000, 0x0000000710000000, 0x0000000710200000|  0%| F|  |TAMS 0x0000000710000000| PB 0x0000000710000000| Untracked 
|  88|0x0000000710200000, 0x0000000710200000, 0x0000000710400000|  0%| F|  |TAMS 0x0000000710200000| PB 0x0000000710200000| Untracked 
|  89|0x0000000710400000, 0x0000000710400000, 0x0000000710600000|  0%| F|  |TAMS 0x0000000710400000| PB 0x0000000710400000| Untracked 
|  90|0x0000000710600000, 0x0000000710600000, 0x0000000710800000|  0%| F|  |TAMS 0x0000000710600000| PB 0x0000000710600000| Untracked 
|  91|0x0000000710800000, 0x0000000710800000, 0x0000000710a00000|  0%| F|  |TAMS 0x0000000710800000| PB 0x0000000710800000| Untracked 
|  92|0x0000000710a00000, 0x0000000710a00000, 0x0000000710c00000|  0%| F|  |TAMS 0x0000000710a00000| PB 0x0000000710a00000| Untracked 
|  93|0x0000000710c00000, 0x0000000710c00000, 0x0000000710e00000|  0%| F|  |TAMS 0x0000000710c00000| PB 0x0000000710c00000| Untracked 
|  94|0x0000000710e00000, 0x0000000710e00000, 0x0000000711000000|  0%| F|  |TAMS 0x0000000710e00000| PB 0x0000000710e00000| Untracked 
|  95|0x0000000711000000, 0x0000000711000000, 0x0000000711200000|  0%| F|  |TAMS 0x0000000711000000| PB 0x0000000711000000| Untracked 
|  96|0x0000000711200000, 0x00000007112a0910, 0x0000000711400000| 31%| S|CS|TAMS 0x0000000711200000| PB 0x0000000711200000| Complete 
|  97|0x0000000711400000, 0x0000000711600000, 0x0000000711600000|100%| S|CS|TAMS 0x0000000711400000| PB 0x0000000711400000| Complete 
|  98|0x0000000711600000, 0x0000000711600000, 0x0000000711800000|  0%| F|  |TAMS 0x0000000711600000| PB 0x0000000711600000| Untracked 
|  99|0x0000000711800000, 0x0000000711800000, 0x0000000711a00000|  0%| F|  |TAMS 0x0000000711800000| PB 0x0000000711800000| Untracked 
| 100|0x0000000711a00000, 0x0000000711a00000, 0x0000000711c00000|  0%| F|  |TAMS 0x0000000711a00000| PB 0x0000000711a00000| Untracked 
| 101|0x0000000711c00000, 0x0000000711c00000, 0x0000000711e00000|  0%| F|  |TAMS 0x0000000711c00000| PB 0x0000000711c00000| Untracked 
| 102|0x0000000711e00000, 0x0000000711e00000, 0x0000000712000000|  0%| F|  |TAMS 0x0000000711e00000| PB 0x0000000711e00000| Untracked 
| 103|0x0000000712000000, 0x0000000712000000, 0x0000000712200000|  0%| F|  |TAMS 0x0000000712000000| PB 0x0000000712000000| Untracked 
| 104|0x0000000712200000, 0x0000000712200000, 0x0000000712400000|  0%| F|  |TAMS 0x0000000712200000| PB 0x0000000712200000| Untracked 
| 105|0x0000000712400000, 0x0000000712400000, 0x0000000712600000|  0%| F|  |TAMS 0x0000000712400000| PB 0x0000000712400000| Untracked 
| 106|0x0000000712600000, 0x0000000712800000, 0x0000000712800000|100%|HS|  |TAMS 0x0000000712800000| PB 0x0000000712600000| Complete 
| 107|0x0000000712800000, 0x0000000712a00000, 0x0000000712a00000|100%|HC|  |TAMS 0x0000000712a00000| PB 0x0000000712800000| Complete 
| 108|0x0000000712a00000, 0x0000000712c00000, 0x0000000712c00000|100%|HS|  |TAMS 0x0000000712c00000| PB 0x0000000712a00000| Complete 
| 109|0x0000000712c00000, 0x0000000712e00000, 0x0000000712e00000|100%|HC|  |TAMS 0x0000000712e00000| PB 0x0000000712c00000| Complete 
| 110|0x0000000712e00000, 0x0000000712e00000, 0x0000000713000000|  0%| F|  |TAMS 0x0000000712e00000| PB 0x0000000712e00000| Untracked 
| 111|0x0000000713000000, 0x0000000713000000, 0x0000000713200000|  0%| F|  |TAMS 0x0000000713000000| PB 0x0000000713000000| Untracked 
| 112|0x0000000713200000, 0x0000000713200000, 0x0000000713400000|  0%| F|  |TAMS 0x0000000713200000| PB 0x0000000713200000| Untracked 
| 113|0x0000000713400000, 0x0000000713400000, 0x0000000713600000|  0%| F|  |TAMS 0x0000000713400000| PB 0x0000000713400000| Untracked 
| 114|0x0000000713600000, 0x0000000713600000, 0x0000000713800000|  0%| F|  |TAMS 0x0000000713600000| PB 0x0000000713600000| Untracked 
| 115|0x0000000713800000, 0x0000000713800000, 0x0000000713a00000|  0%| F|  |TAMS 0x0000000713800000| PB 0x0000000713800000| Untracked 
| 116|0x0000000713a00000, 0x0000000713a00000, 0x0000000713c00000|  0%| F|  |TAMS 0x0000000713a00000| PB 0x0000000713a00000| Untracked 
| 117|0x0000000713c00000, 0x0000000713c00000, 0x0000000713e00000|  0%| F|  |TAMS 0x0000000713c00000| PB 0x0000000713c00000| Untracked 
| 118|0x0000000713e00000, 0x0000000713e00000, 0x0000000714000000|  0%| F|  |TAMS 0x0000000713e00000| PB 0x0000000713e00000| Untracked 
| 119|0x0000000714000000, 0x0000000714000000, 0x0000000714200000|  0%| F|  |TAMS 0x0000000714000000| PB 0x0000000714000000| Untracked 
| 120|0x0000000714200000, 0x0000000714200000, 0x0000000714400000|  0%| F|  |TAMS 0x0000000714200000| PB 0x0000000714200000| Untracked 
| 121|0x0000000714400000, 0x0000000714400000, 0x0000000714600000|  0%| F|  |TAMS 0x0000000714400000| PB 0x0000000714400000| Untracked 
| 122|0x0000000714600000, 0x0000000714600000, 0x0000000714800000|  0%| F|  |TAMS 0x0000000714600000| PB 0x0000000714600000| Untracked 
| 123|0x0000000714800000, 0x0000000714800000, 0x0000000714a00000|  0%| F|  |TAMS 0x0000000714800000| PB 0x0000000714800000| Untracked 
| 124|0x0000000714a00000, 0x0000000714a00000, 0x0000000714c00000|  0%| F|  |TAMS 0x0000000714a00000| PB 0x0000000714a00000| Untracked 
| 125|0x0000000714c00000, 0x0000000714c00000, 0x0000000714e00000|  0%| F|  |TAMS 0x0000000714c00000| PB 0x0000000714c00000| Untracked 
| 126|0x0000000714e00000, 0x0000000714e00000, 0x0000000715000000|  0%| F|  |TAMS 0x0000000714e00000| PB 0x0000000714e00000| Untracked 
| 127|0x0000000715000000, 0x0000000715000000, 0x0000000715200000|  0%| F|  |TAMS 0x0000000715000000| PB 0x0000000715000000| Untracked 
| 128|0x0000000715200000, 0x0000000715200000, 0x0000000715400000|  0%| F|  |TAMS 0x0000000715200000| PB 0x0000000715200000| Untracked 
| 129|0x0000000715400000, 0x0000000715400000, 0x0000000715600000|  0%| F|  |TAMS 0x0000000715400000| PB 0x0000000715400000| Untracked 
| 130|0x0000000715600000, 0x0000000715600000, 0x0000000715800000|  0%| F|  |TAMS 0x0000000715600000| PB 0x0000000715600000| Untracked 
| 131|0x0000000715800000, 0x0000000715800000, 0x0000000715a00000|  0%| F|  |TAMS 0x0000000715800000| PB 0x0000000715800000| Untracked 
| 132|0x0000000715a00000, 0x0000000715a00000, 0x0000000715c00000|  0%| F|  |TAMS 0x0000000715a00000| PB 0x0000000715a00000| Untracked 
| 133|0x0000000715c00000, 0x0000000715c00000, 0x0000000715e00000|  0%| F|  |TAMS 0x0000000715c00000| PB 0x0000000715c00000| Untracked 
| 134|0x0000000715e00000, 0x0000000715e00000, 0x0000000716000000|  0%| F|  |TAMS 0x0000000715e00000| PB 0x0000000715e00000| Untracked 
| 135|0x0000000716000000, 0x0000000716000000, 0x0000000716200000|  0%| F|  |TAMS 0x0000000716000000| PB 0x0000000716000000| Untracked 
| 136|0x0000000716200000, 0x0000000716200000, 0x0000000716400000|  0%| F|  |TAMS 0x0000000716200000| PB 0x0000000716200000| Untracked 
| 137|0x0000000716400000, 0x0000000716400000, 0x0000000716600000|  0%| F|  |TAMS 0x0000000716400000| PB 0x0000000716400000| Untracked 
| 138|0x0000000716600000, 0x0000000716600000, 0x0000000716800000|  0%| F|  |TAMS 0x0000000716600000| PB 0x0000000716600000| Untracked 
| 139|0x0000000716800000, 0x0000000716800000, 0x0000000716a00000|  0%| F|  |TAMS 0x0000000716800000| PB 0x0000000716800000| Untracked 
| 140|0x0000000716a00000, 0x0000000716a00000, 0x0000000716c00000|  0%| F|  |TAMS 0x0000000716a00000| PB 0x0000000716a00000| Untracked 
| 141|0x0000000716c00000, 0x0000000716c00000, 0x0000000716e00000|  0%| F|  |TAMS 0x0000000716c00000| PB 0x0000000716c00000| Untracked 
| 142|0x0000000716e00000, 0x0000000716e00000, 0x0000000717000000|  0%| F|  |TAMS 0x0000000716e00000| PB 0x0000000716e00000| Untracked 
| 143|0x0000000717000000, 0x0000000717000000, 0x0000000717200000|  0%| F|  |TAMS 0x0000000717000000| PB 0x0000000717000000| Untracked 
| 144|0x0000000717200000, 0x0000000717200000, 0x0000000717400000|  0%| F|  |TAMS 0x0000000717200000| PB 0x0000000717200000| Untracked 
| 145|0x0000000717400000, 0x0000000717400000, 0x0000000717600000|  0%| F|  |TAMS 0x0000000717400000| PB 0x0000000717400000| Untracked 
| 146|0x0000000717600000, 0x0000000717600000, 0x0000000717800000|  0%| F|  |TAMS 0x0000000717600000| PB 0x0000000717600000| Untracked 
| 147|0x0000000717800000, 0x0000000717800000, 0x0000000717a00000|  0%| F|  |TAMS 0x0000000717800000| PB 0x0000000717800000| Untracked 
| 148|0x0000000717a00000, 0x0000000717a00000, 0x0000000717c00000|  0%| F|  |TAMS 0x0000000717a00000| PB 0x0000000717a00000| Untracked 
| 149|0x0000000717c00000, 0x0000000717c00000, 0x0000000717e00000|  0%| F|  |TAMS 0x0000000717c00000| PB 0x0000000717c00000| Untracked 
| 150|0x0000000717e00000, 0x0000000717e00000, 0x0000000718000000|  0%| F|  |TAMS 0x0000000717e00000| PB 0x0000000717e00000| Untracked 
| 151|0x0000000718000000, 0x0000000718000000, 0x0000000718200000|  0%| F|  |TAMS 0x0000000718000000| PB 0x0000000718000000| Untracked 
| 152|0x0000000718200000, 0x0000000718200000, 0x0000000718400000|  0%| F|  |TAMS 0x0000000718200000| PB 0x0000000718200000| Untracked 
| 153|0x0000000718400000, 0x0000000718400000, 0x0000000718600000|  0%| F|  |TAMS 0x0000000718400000| PB 0x0000000718400000| Untracked 
| 154|0x0000000718600000, 0x0000000718600000, 0x0000000718800000|  0%| F|  |TAMS 0x0000000718600000| PB 0x0000000718600000| Untracked 
| 155|0x0000000718800000, 0x0000000718800000, 0x0000000718a00000|  0%| F|  |TAMS 0x0000000718800000| PB 0x0000000718800000| Untracked 
| 156|0x0000000718a00000, 0x0000000718a00000, 0x0000000718c00000|  0%| F|  |TAMS 0x0000000718a00000| PB 0x0000000718a00000| Untracked 
| 157|0x0000000718c00000, 0x0000000718c00000, 0x0000000718e00000|  0%| F|  |TAMS 0x0000000718c00000| PB 0x0000000718c00000| Untracked 
| 158|0x0000000718e00000, 0x0000000718e00000, 0x0000000719000000|  0%| F|  |TAMS 0x0000000718e00000| PB 0x0000000718e00000| Untracked 
| 159|0x0000000719000000, 0x0000000719000000, 0x0000000719200000|  0%| F|  |TAMS 0x0000000719000000| PB 0x0000000719000000| Untracked 
| 160|0x0000000719200000, 0x0000000719200000, 0x0000000719400000|  0%| F|  |TAMS 0x0000000719200000| PB 0x0000000719200000| Untracked 
| 161|0x0000000719400000, 0x0000000719400000, 0x0000000719600000|  0%| F|  |TAMS 0x0000000719400000| PB 0x0000000719400000| Untracked 
| 162|0x0000000719600000, 0x0000000719600000, 0x0000000719800000|  0%| F|  |TAMS 0x0000000719600000| PB 0x0000000719600000| Untracked 
| 163|0x0000000719800000, 0x0000000719800000, 0x0000000719a00000|  0%| F|  |TAMS 0x0000000719800000| PB 0x0000000719800000| Untracked 
| 164|0x0000000719a00000, 0x0000000719a00000, 0x0000000719c00000|  0%| F|  |TAMS 0x0000000719a00000| PB 0x0000000719a00000| Untracked 
| 165|0x0000000719c00000, 0x0000000719c00000, 0x0000000719e00000|  0%| F|  |TAMS 0x0000000719c00000| PB 0x0000000719c00000| Untracked 
| 166|0x0000000719e00000, 0x0000000719e00000, 0x000000071a000000|  0%| F|  |TAMS 0x0000000719e00000| PB 0x0000000719e00000| Untracked 
| 167|0x000000071a000000, 0x000000071a000000, 0x000000071a200000|  0%| F|  |TAMS 0x000000071a000000| PB 0x000000071a000000| Untracked 
| 168|0x000000071a200000, 0x000000071a200000, 0x000000071a400000|  0%| F|  |TAMS 0x000000071a200000| PB 0x000000071a200000| Untracked 
| 169|0x000000071a400000, 0x000000071a400000, 0x000000071a600000|  0%| F|  |TAMS 0x000000071a400000| PB 0x000000071a400000| Untracked 
| 170|0x000000071a600000, 0x000000071a600000, 0x000000071a800000|  0%| F|  |TAMS 0x000000071a600000| PB 0x000000071a600000| Untracked 
| 171|0x000000071a800000, 0x000000071a800000, 0x000000071aa00000|  0%| F|  |TAMS 0x000000071a800000| PB 0x000000071a800000| Untracked 
| 172|0x000000071aa00000, 0x000000071aa00000, 0x000000071ac00000|  0%| F|  |TAMS 0x000000071aa00000| PB 0x000000071aa00000| Untracked 
| 173|0x000000071ac00000, 0x000000071ac00000, 0x000000071ae00000|  0%| F|  |TAMS 0x000000071ac00000| PB 0x000000071ac00000| Untracked 
| 174|0x000000071ae00000, 0x000000071ae00000, 0x000000071b000000|  0%| F|  |TAMS 0x000000071ae00000| PB 0x000000071ae00000| Untracked 
| 175|0x000000071b000000, 0x000000071b000000, 0x000000071b200000|  0%| F|  |TAMS 0x000000071b000000| PB 0x000000071b000000| Untracked 
| 176|0x000000071b200000, 0x000000071b200000, 0x000000071b400000|  0%| F|  |TAMS 0x000000071b200000| PB 0x000000071b200000| Untracked 
| 177|0x000000071b400000, 0x000000071b400000, 0x000000071b600000|  0%| F|  |TAMS 0x000000071b400000| PB 0x000000071b400000| Untracked 
| 178|0x000000071b600000, 0x000000071b600000, 0x000000071b800000|  0%| F|  |TAMS 0x000000071b600000| PB 0x000000071b600000| Untracked 
| 179|0x000000071b800000, 0x000000071b800000, 0x000000071ba00000|  0%| F|  |TAMS 0x000000071b800000| PB 0x000000071b800000| Untracked 
| 180|0x000000071ba00000, 0x000000071ba00000, 0x000000071bc00000|  0%| F|  |TAMS 0x000000071ba00000| PB 0x000000071ba00000| Untracked 
| 181|0x000000071bc00000, 0x000000071bc00000, 0x000000071be00000|  0%| F|  |TAMS 0x000000071bc00000| PB 0x000000071bc00000| Untracked 
| 182|0x000000071be00000, 0x000000071be00000, 0x000000071c000000|  0%| F|  |TAMS 0x000000071be00000| PB 0x000000071be00000| Untracked 
| 183|0x000000071c000000, 0x000000071c000000, 0x000000071c200000|  0%| F|  |TAMS 0x000000071c000000| PB 0x000000071c000000| Untracked 
| 184|0x000000071c200000, 0x000000071c200000, 0x000000071c400000|  0%| F|  |TAMS 0x000000071c200000| PB 0x000000071c200000| Untracked 
| 185|0x000000071c400000, 0x000000071c400000, 0x000000071c600000|  0%| F|  |TAMS 0x000000071c400000| PB 0x000000071c400000| Untracked 
| 186|0x000000071c600000, 0x000000071c600000, 0x000000071c800000|  0%| F|  |TAMS 0x000000071c600000| PB 0x000000071c600000| Untracked 
| 187|0x000000071c800000, 0x000000071c800000, 0x000000071ca00000|  0%| F|  |TAMS 0x000000071c800000| PB 0x000000071c800000| Untracked 
| 188|0x000000071ca00000, 0x000000071ca00000, 0x000000071cc00000|  0%| F|  |TAMS 0x000000071ca00000| PB 0x000000071ca00000| Untracked 
| 189|0x000000071cc00000, 0x000000071cc00000, 0x000000071ce00000|  0%| F|  |TAMS 0x000000071cc00000| PB 0x000000071cc00000| Untracked 
| 190|0x000000071ce00000, 0x000000071ce00000, 0x000000071d000000|  0%| F|  |TAMS 0x000000071ce00000| PB 0x000000071ce00000| Untracked 
| 191|0x000000071d000000, 0x000000071d000000, 0x000000071d200000|  0%| F|  |TAMS 0x000000071d000000| PB 0x000000071d000000| Untracked 
| 192|0x000000071d200000, 0x000000071d200000, 0x000000071d400000|  0%| F|  |TAMS 0x000000071d200000| PB 0x000000071d200000| Untracked 
| 193|0x000000071d400000, 0x000000071d400000, 0x000000071d600000|  0%| F|  |TAMS 0x000000071d400000| PB 0x000000071d400000| Untracked 
| 194|0x000000071d600000, 0x000000071d600000, 0x000000071d800000|  0%| F|  |TAMS 0x000000071d600000| PB 0x000000071d600000| Untracked 
| 195|0x000000071d800000, 0x000000071d800000, 0x000000071da00000|  0%| F|  |TAMS 0x000000071d800000| PB 0x000000071d800000| Untracked 
| 196|0x000000071da00000, 0x000000071da00000, 0x000000071dc00000|  0%| F|  |TAMS 0x000000071da00000| PB 0x000000071da00000| Untracked 
| 197|0x000000071dc00000, 0x000000071dc00000, 0x000000071de00000|  0%| F|  |TAMS 0x000000071dc00000| PB 0x000000071dc00000| Untracked 
| 198|0x000000071de00000, 0x000000071de00000, 0x000000071e000000|  0%| F|  |TAMS 0x000000071de00000| PB 0x000000071de00000| Untracked 
| 199|0x000000071e000000, 0x000000071e000000, 0x000000071e200000|  0%| F|  |TAMS 0x000000071e000000| PB 0x000000071e000000| Untracked 
| 200|0x000000071e200000, 0x000000071e200000, 0x000000071e400000|  0%| F|  |TAMS 0x000000071e200000| PB 0x000000071e200000| Untracked 
| 201|0x000000071e400000, 0x000000071e400000, 0x000000071e600000|  0%| F|  |TAMS 0x000000071e400000| PB 0x000000071e400000| Untracked 
| 202|0x000000071e600000, 0x000000071e600000, 0x000000071e800000|  0%| F|  |TAMS 0x000000071e600000| PB 0x000000071e600000| Untracked 
| 203|0x000000071e800000, 0x000000071e800000, 0x000000071ea00000|  0%| F|  |TAMS 0x000000071e800000| PB 0x000000071e800000| Untracked 
| 204|0x000000071ea00000, 0x000000071ea00000, 0x000000071ec00000|  0%| F|  |TAMS 0x000000071ea00000| PB 0x000000071ea00000| Untracked 
| 205|0x000000071ec00000, 0x000000071ec00000, 0x000000071ee00000|  0%| F|  |TAMS 0x000000071ec00000| PB 0x000000071ec00000| Untracked 
| 206|0x000000071ee00000, 0x000000071ee00000, 0x000000071f000000|  0%| F|  |TAMS 0x000000071ee00000| PB 0x000000071ee00000| Untracked 
| 207|0x000000071f000000, 0x000000071f000000, 0x000000071f200000|  0%| F|  |TAMS 0x000000071f000000| PB 0x000000071f000000| Untracked 
| 208|0x000000071f200000, 0x000000071f200000, 0x000000071f400000|  0%| F|  |TAMS 0x000000071f200000| PB 0x000000071f200000| Untracked 
| 209|0x000000071f400000, 0x000000071f400000, 0x000000071f600000|  0%| F|  |TAMS 0x000000071f400000| PB 0x000000071f400000| Untracked 
| 210|0x000000071f600000, 0x000000071f600000, 0x000000071f800000|  0%| F|  |TAMS 0x000000071f600000| PB 0x000000071f600000| Untracked 
| 211|0x000000071f800000, 0x000000071f800000, 0x000000071fa00000|  0%| F|  |TAMS 0x000000071f800000| PB 0x000000071f800000| Untracked 
| 212|0x000000071fa00000, 0x000000071fa00000, 0x000000071fc00000|  0%| F|  |TAMS 0x000000071fa00000| PB 0x000000071fa00000| Untracked 
| 213|0x000000071fc00000, 0x000000071fc00000, 0x000000071fe00000|  0%| F|  |TAMS 0x000000071fc00000| PB 0x000000071fc00000| Untracked 
| 214|0x000000071fe00000, 0x000000071fe00000, 0x0000000720000000|  0%| F|  |TAMS 0x000000071fe00000| PB 0x000000071fe00000| Untracked 
| 215|0x0000000720000000, 0x0000000720000000, 0x0000000720200000|  0%| F|  |TAMS 0x0000000720000000| PB 0x0000000720000000| Untracked 
| 216|0x0000000720200000, 0x0000000720200000, 0x0000000720400000|  0%| F|  |TAMS 0x0000000720200000| PB 0x0000000720200000| Untracked 
| 217|0x0000000720400000, 0x0000000720400000, 0x0000000720600000|  0%| F|  |TAMS 0x0000000720400000| PB 0x0000000720400000| Untracked 
| 218|0x0000000720600000, 0x0000000720600000, 0x0000000720800000|  0%| F|  |TAMS 0x0000000720600000| PB 0x0000000720600000| Untracked 
| 219|0x0000000720800000, 0x0000000720800000, 0x0000000720a00000|  0%| F|  |TAMS 0x0000000720800000| PB 0x0000000720800000| Untracked 
| 220|0x0000000720a00000, 0x0000000720a00000, 0x0000000720c00000|  0%| F|  |TAMS 0x0000000720a00000| PB 0x0000000720a00000| Untracked 
| 221|0x0000000720c00000, 0x0000000720c00000, 0x0000000720e00000|  0%| F|  |TAMS 0x0000000720c00000| PB 0x0000000720c00000| Untracked 
| 222|0x0000000720e00000, 0x0000000720e00000, 0x0000000721000000|  0%| F|  |TAMS 0x0000000720e00000| PB 0x0000000720e00000| Untracked 
| 223|0x0000000721000000, 0x0000000721000000, 0x0000000721200000|  0%| F|  |TAMS 0x0000000721000000| PB 0x0000000721000000| Untracked 
| 224|0x0000000721200000, 0x0000000721200000, 0x0000000721400000|  0%| F|  |TAMS 0x0000000721200000| PB 0x0000000721200000| Untracked 
| 225|0x0000000721400000, 0x0000000721400000, 0x0000000721600000|  0%| F|  |TAMS 0x0000000721400000| PB 0x0000000721400000| Untracked 
| 226|0x0000000721600000, 0x0000000721600000, 0x0000000721800000|  0%| F|  |TAMS 0x0000000721600000| PB 0x0000000721600000| Untracked 
| 227|0x0000000721800000, 0x0000000721a00000, 0x0000000721a00000|100%| S|CS|TAMS 0x0000000721800000| PB 0x0000000721800000| Complete 
| 228|0x0000000721a00000, 0x0000000721a00000, 0x0000000721c00000|  0%| F|  |TAMS 0x0000000721a00000| PB 0x0000000721a00000| Untracked 
| 229|0x0000000721c00000, 0x0000000721c00000, 0x0000000721e00000|  0%| F|  |TAMS 0x0000000721c00000| PB 0x0000000721c00000| Untracked 
|2001|0x00000007ff400000, 0x00000007ff600000, 0x00000007ff600000|100%| O|  |TAMS 0x00000007ff600000| PB 0x00000007ff400000| Untracked 
|2002|0x00000007ff600000, 0x00000007ff800000, 0x00000007ff800000|100%| O|  |TAMS 0x00000007ff800000| PB 0x00000007ff600000| Untracked 
|2003|0x00000007ff800000, 0x00000007ffa00000, 0x00000007ffa00000|100%| O|  |TAMS 0x00000007ffa00000| PB 0x00000007ff800000| Untracked 
|2004|0x00000007ffa00000, 0x00000007ffc00000, 0x00000007ffc00000|100%| O|  |TAMS 0x00000007ffc00000| PB 0x00000007ffa00000| Untracked 
|2005|0x00000007ffc00000, 0x00000007ffe00000, 0x00000007ffe00000|100%| O|  |TAMS 0x00000007ffe00000| PB 0x00000007ffc00000| Untracked 
|2006|0x00000007ffe00000, 0x0000000800000000, 0x0000000800000000|100%| O|  |TAMS 0x0000000800000000| PB 0x00000007ffe00000| Untracked 

Card table byte_map: [0x0000023a77ec0000,0x0000023a786a0000] _byte_map_base: 0x0000023a74697000

Marking Bits: (CMBitMap*) 0x0000023a5f863200
 Bits: [0x0000023a786a0000, 0x0000023a7c558000)

Polling page: 0x0000023a5d780000

Metaspace:

Usage:
  Non-class:     13.50 MB used.
      Class:      2.10 MB used.
       Both:     15.60 MB used.

Virtual space:
  Non-class space:       64.00 MB reserved,      13.69 MB ( 21%) committed,  1 nodes.
      Class space:        1.00 GB reserved,       2.19 MB ( <1%) committed,  1 nodes.
             Both:        1.06 GB reserved,      15.88 MB (  1%) committed. 

Chunk freelists:
   Non-Class:  1.42 MB
       Class:  13.83 MB
        Both:  15.25 MB

MaxMetaspaceSize: unlimited
CompressedClassSpaceSize: 1.00 GB
Initial GC threshold: 21.00 MB
Current GC threshold: 26.38 MB
CDS: on
 - commit_granule_bytes: 65536.
 - commit_granule_words: 8192.
 - virtual_space_node_default_size: 8388608.
 - enlarge_chunks_in_place: 1.
 - use_allocation_guard: 0.


Internal statistics:

num_allocs_failed_limit: 0.
num_arena_births: 232.
num_arena_deaths: 0.
num_vsnodes_births: 2.
num_vsnodes_deaths: 0.
num_space_committed: 254.
num_space_uncommitted: 0.
num_chunks_returned_to_freelist: 0.
num_chunks_taken_from_freelist: 794.
num_chunk_merges: 0.
num_chunk_splits: 551.
num_chunks_enlarged: 425.
num_inconsistent_stats: 0.

CodeHeap 'non-profiled nmethods': size=119168Kb used=2646Kb max_used=3379Kb free=116521Kb
 bounds [0x0000023a6f7e0000, 0x0000023a6fb30000, 0x0000023a76c40000]
CodeHeap 'profiled nmethods': size=119104Kb used=8109Kb max_used=11101Kb free=110995Kb
 bounds [0x0000023a67c40000, 0x0000023a68720000, 0x0000023a6f090000]
CodeHeap 'non-nmethods': size=7488Kb used=2365Kb max_used=3507Kb free=5122Kb
 bounds [0x0000023a6f090000, 0x0000023a6f400000, 0x0000023a6f7e0000]
 total_blobs=5250 nmethods=4437 adapters=716
 compilation: enabled
              stopped_count=0, restarted_count=0
 full_count=0

Compilation events (20 events):
Event: 800.048 Thread 0x0000023a451fe080 5372       3       java.io.BufferedOutputStream::growIfNeeded (59 bytes)
Event: 800.048 Thread 0x0000023a451fe750 nmethod 5370 0x0000023a67cbd090 code [0x0000023a67cbd320, 0x0000023a67cbe010]
Event: 800.048 Thread 0x0000023a451fbe70 5373   !   3       java.io.FileOutputStream::write (47 bytes)
Event: 800.049 Thread 0x0000023a451fe080 nmethod 5372 0x0000023a67fb1e10 code [0x0000023a67fb1fe0, 0x0000023a67fb22f8]
Event: 800.049 Thread 0x0000023a451fe750 5374       3       java.io.FileDescriptor$1::getAppend (5 bytes)
Event: 800.049 Thread 0x0000023a451fbe70 nmethod 5373 0x0000023a67ec6090 code [0x0000023a67ec6280, 0x0000023a67ec6550]
Event: 800.049 Thread 0x0000023a7ea7ddd0 nmethod 5371 0x0000023a67c4d310 code [0x0000023a67c4d520, 0x0000023a67c4dc18]
Event: 800.049 Thread 0x0000023a451fe750 nmethod 5374 0x0000023a67e94010 code [0x0000023a67e941a0, 0x0000023a67e942b8]
Event: 800.214 Thread 0x0000023a7ea7ddd0 5375       3       sun.nio.cs.StreamEncoder::lockedWrite (53 bytes)
Event: 800.214 Thread 0x0000023a451fe750 5376   !   3       sun.nio.cs.StreamEncoder::flushBuffer (63 bytes)
Event: 800.214 Thread 0x0000023a7ea7ddd0 nmethod 5375 0x0000023a67d32f10 code [0x0000023a67d33120, 0x0000023a67d33700]
Event: 800.214 Thread 0x0000023a451fe750 nmethod 5376 0x0000023a67dfb290 code [0x0000023a67dfb5c0, 0x0000023a67dfca20]
Event: 801.887 Thread 0x0000023a451fe080 5377       1       com.sun.prism.impl.BaseResourcePool::max (5 bytes)
Event: 801.900 Thread 0x0000023a451fe080 nmethod 5377 0x0000023a6f7f9e90 code [0x0000023a6f7fa020, 0x0000023a6f7fa0e8]
Event: 802.927 Thread 0x0000023a451fe080 5379       1       com.sun.prism.PresentableState::getNativeView (5 bytes)
Event: 802.927 Thread 0x0000023a451fe080 nmethod 5379 0x0000023a6f81d210 code [0x0000023a6f81d3a0, 0x0000023a6f81d468]
Event: 802.979 Thread 0x0000023a451fe080 5380       3       com.sun.javafx.scene.canvas.CanvasHelper::updatePeerImpl (15 bytes)
Event: 802.979 Thread 0x0000023a451fe080 nmethod 5380 0x0000023a67c7b590 code [0x0000023a67c7b780, 0x0000023a67c7bbc0]
Event: 802.980 Thread 0x0000023a451fe080 5381       3       com.sun.javafx.sg.prism.NGCanvas::updateRendering (90 bytes)
Event: 802.980 Thread 0x0000023a451fe080 nmethod 5381 0x0000023a67c63490 code [0x0000023a67c63740, 0x0000023a67c643c8]

GC Heap History (20 events):
Event: 802.777 GC heap after
{Heap after GC invocations=323 (full 94):
 garbage-first heap   total 59392K, used 23816K [0x0000000705200000, 0x0000000800000000)
  region size 2048K, 0 young (0K), 0 survivors (0K)
 Metaspace       used 15974K, committed 16256K, reserved 1114112K
  class space    used 2146K, committed 2240K, reserved 1048576K
}
Event: 802.818 GC heap before
{Heap before GC invocations=323 (full 94):
 garbage-first heap   total 59392K, used 40200K [0x0000000705200000, 0x0000000800000000)
  region size 2048K, 10 young (20480K), 0 survivors (0K)
 Metaspace       used 15974K, committed 16256K, reserved 1114112K
  class space    used 2146K, committed 2240K, reserved 1048576K
}
Event: 802.825 GC heap after
{Heap after GC invocations=324 (full 94):
 garbage-first heap   total 159744K, used 26622K [0x0000000705200000, 0x0000000800000000)
  region size 2048K, 2 young (4096K), 2 survivors (4096K)
 Metaspace       used 15974K, committed 16256K, reserved 1114112K
  class space    used 2146K, committed 2240K, reserved 1048576K
}
Event: 802.859 GC heap before
{Heap before GC invocations=324 (full 94):
 garbage-first heap   total 159744K, used 96254K [0x0000000705200000, 0x0000000800000000)
  region size 2048K, 15 young (30720K), 2 survivors (4096K)
 Metaspace       used 15974K, committed 16256K, reserved 1114112K
  class space    used 2146K, committed 2240K, reserved 1048576K
}
Event: 802.866 GC heap after
{Heap after GC invocations=325 (full 94):
 garbage-first heap   total 159744K, used 70325K [0x0000000705200000, 0x0000000800000000)
  region size 2048K, 3 young (6144K), 3 survivors (6144K)
 Metaspace       used 15974K, committed 16256K, reserved 1114112K
  class space    used 2146K, committed 2240K, reserved 1048576K
}
Event: 802.870 GC heap before
{Heap before GC invocations=325 (full 94):
 garbage-first heap   total 159744K, used 78517K [0x0000000705200000, 0x0000000800000000)
  region size 2048K, 5 young (10240K), 3 survivors (6144K)
 Metaspace       used 15974K, committed 16256K, reserved 1114112K
  class space    used 2146K, committed 2240K, reserved 1048576K
}
Event: 802.882 GC heap after
{Heap after GC invocations=326 (full 94):
 garbage-first heap   total 159744K, used 77426K [0x0000000705200000, 0x0000000800000000)
  region size 2048K, 3 young (6144K), 3 survivors (6144K)
 Metaspace       used 15974K, committed 16256K, reserved 1114112K
  class space    used 2146K, committed 2240K, reserved 1048576K
}
Event: 802.937 GC heap before
{Heap before GC invocations=327 (full 94):
 garbage-first heap   total 161792K, used 159346K [0x0000000705200000, 0x0000000800000000)
  region size 2048K, 17 young (34816K), 3 survivors (6144K)
 Metaspace       used 15974K, committed 16256K, reserved 1114112K
  class space    used 2146K, committed 2240K, reserved 1048576K
}
Event: 802.964 GC heap after
{Heap after GC invocations=328 (full 94):
 garbage-first heap   total 172032K, used 109466K [0x0000000705200000, 0x0000000800000000)
  region size 2048K, 3 young (6144K), 3 survivors (6144K)
 Metaspace       used 15974K, committed 16256K, reserved 1114112K
  class space    used 2146K, committed 2240K, reserved 1048576K
}
Event: 802.988 GC heap before
{Heap before GC invocations=328 (full 94):
 garbage-first heap   total 192512K, used 191386K [0x0000000705200000, 0x0000000800000000)
  region size 2048K, 11 young (22528K), 3 survivors (6144K)
 Metaspace       used 15974K, committed 16256K, reserved 1114112K
  class space    used 2146K, committed 2240K, reserved 1048576K
}
Event: 803.017 GC heap after
{Heap after GC invocations=329 (full 94):
 garbage-first heap   total 483328K, used 167893K [0x0000000705200000, 0x0000000800000000)
  region size 2048K, 2 young (4096K), 2 survivors (4096K)
 Metaspace       used 15974K, committed 16256K, reserved 1114112K
  class space    used 2146K, committed 2240K, reserved 1048576K
}
Event: 803.039 GC heap before
{Heap before GC invocations=329 (full 94):
 garbage-first heap   total 483328K, used 229333K [0x0000000705200000, 0x0000000800000000)
  region size 2048K, 7 young (14336K), 2 survivors (4096K)
 Metaspace       used 15974K, committed 16256K, reserved 1114112K
  class space    used 2146K, committed 2240K, reserved 1048576K
}
Event: 803.047 GC heap after
{Heap after GC invocations=330 (full 94):
 garbage-first heap   total 483328K, used 210085K [0x0000000705200000, 0x0000000800000000)
  region size 2048K, 3 young (6144K), 3 survivors (6144K)
 Metaspace       used 15974K, committed 16256K, reserved 1114112K
  class space    used 2146K, committed 2240K, reserved 1048576K
}
Event: 803.051 GC heap before
{Heap before GC invocations=330 (full 94):
 garbage-first heap   total 483328K, used 224421K [0x0000000705200000, 0x0000000800000000)
  region size 2048K, 5 young (10240K), 3 survivors (6144K)
 Metaspace       used 15974K, committed 16256K, reserved 1114112K
  class space    used 2146K, committed 2240K, reserved 1048576K
}
Event: 803.059 GC heap after
{Heap after GC invocations=331 (full 94):
 garbage-first heap   total 483328K, used 223002K [0x0000000705200000, 0x0000000800000000)
  region size 2048K, 2 young (4096K), 2 survivors (4096K)
 Metaspace       used 15974K, committed 16256K, reserved 1114112K
  class space    used 2146K, committed 2240K, reserved 1048576K
}
Event: 803.081 GC heap before
{Heap before GC invocations=332 (full 94):
 garbage-first heap   total 225280K, used 108314K [0x0000000705200000, 0x0000000800000000)
  region size 2048K, 6 young (12288K), 2 survivors (4096K)
 Metaspace       used 15974K, committed 16256K, reserved 1114112K
  class space    used 2146K, committed 2240K, reserved 1048576K
}
Event: 803.088 GC heap after
{Heap after GC invocations=333 (full 94):
 garbage-first heap   total 225280K, used 91453K [0x0000000705200000, 0x0000000800000000)
  region size 2048K, 2 young (4096K), 2 survivors (4096K)
 Metaspace       used 15974K, committed 16256K, reserved 1114112K
  class space    used 2146K, committed 2240K, reserved 1048576K
}
Event: 803.093 GC heap before
{Heap before GC invocations=333 (full 94):
 garbage-first heap   total 225280K, used 105789K [0x0000000705200000, 0x0000000800000000)
  region size 2048K, 4 young (8192K), 2 survivors (4096K)
 Metaspace       used 15974K, committed 16256K, reserved 1114112K
  class space    used 2146K, committed 2240K, reserved 1048576K
}
Event: 803.099 GC heap after
{Heap after GC invocations=334 (full 94):
 garbage-first heap   total 225280K, used 104026K [0x0000000705200000, 0x0000000800000000)
  region size 2048K, 3 young (6144K), 3 survivors (6144K)
 Metaspace       used 15974K, committed 16256K, reserved 1114112K
  class space    used 2146K, committed 2240K, reserved 1048576K
}
Event: 803.100 GC heap before
{Heap before GC invocations=334 (full 94):
 garbage-first heap   total 225280K, used 108122K [0x0000000705200000, 0x0000000800000000)
  region size 2048K, 4 young (8192K), 3 survivors (6144K)
 Metaspace       used 15974K, committed 16256K, reserved 1114112K
  class space    used 2146K, committed 2240K, reserved 1048576K
}

Dll operation events (20 events):
Event: 0.208 Loaded shared library C:\Users\szimmn\.openjfx\cache\16\api-ms-win-crt-filesystem-l1-1-0.dll
Event: 0.209 Loaded shared library C:\Users\szimmn\.openjfx\cache\16\api-ms-win-crt-heap-l1-1-0.dll
Event: 0.211 Loaded shared library C:\Users\szimmn\.openjfx\cache\16\api-ms-win-crt-locale-l1-1-0.dll
Event: 0.212 Loaded shared library C:\Users\szimmn\.openjfx\cache\16\api-ms-win-crt-math-l1-1-0.dll
Event: 0.214 Loaded shared library C:\Users\szimmn\.openjfx\cache\16\api-ms-win-crt-multibyte-l1-1-0.dll
Event: 0.215 Loaded shared library C:\Users\szimmn\.openjfx\cache\16\api-ms-win-crt-private-l1-1-0.dll
Event: 0.217 Loaded shared library C:\Users\szimmn\.openjfx\cache\16\api-ms-win-crt-process-l1-1-0.dll
Event: 0.218 Loaded shared library C:\Users\szimmn\.openjfx\cache\16\api-ms-win-crt-runtime-l1-1-0.dll
Event: 0.220 Loaded shared library C:\Users\szimmn\.openjfx\cache\16\api-ms-win-crt-stdio-l1-1-0.dll
Event: 0.222 Loaded shared library C:\Users\szimmn\.openjfx\cache\16\api-ms-win-crt-string-l1-1-0.dll
Event: 0.223 Loaded shared library C:\Users\szimmn\.openjfx\cache\16\api-ms-win-crt-time-l1-1-0.dll
Event: 0.225 Loaded shared library C:\Users\szimmn\.openjfx\cache\16\api-ms-win-crt-utility-l1-1-0.dll
Event: 0.233 Loaded shared library C:\Users\szimmn\.openjfx\cache\16\ucrtbase.dll
Event: 0.236 Loaded shared library C:\Users\szimmn\.openjfx\cache\16\vcruntime140.dll
Event: 0.237 Loaded shared library C:\Users\szimmn\.openjfx\cache\16\vcruntime140_1.dll
Event: 0.242 Loaded shared library C:\Users\szimmn\.openjfx\cache\16\msvcp140.dll
Event: 0.285 Loaded shared library C:\Users\szimmn\.openjfx\cache\16\prism_d3d.dll
Event: 0.501 Loaded shared library C:\Users\szimmn\.openjfx\cache\16\glass.dll
Event: 0.622 Loaded shared library C:\Users\szimmn\.openjfx\cache\16\javafx_font.dll
Event: 0.693 Loaded shared library C:\Dev\Java\jdk-21\bin\jimage.dll

Deoptimization events (20 events):
Event: 796.773 Thread 0x0000023a452911b0 Uncommon trap: trap_request=0xffffffc6 fr.pc=0x0000023a6f9705a8 relative=0x0000000000000088
Event: 796.773 Thread 0x0000023a452911b0 Uncommon trap: reason=bimorphic_or_optimized_type_check action=maybe_recompile pc=0x0000023a6f9705a8 method=java.util.Collections$UnmodifiableCollection.size()I @ 4 c2
Event: 796.773 Thread 0x0000023a452911b0 DEOPT PACKING pc=0x0000023a6f9705a8 sp=0x000000bb183fe2c0
Event: 796.773 Thread 0x0000023a452911b0 DEOPT UNPACKING pc=0x0000023a6f0e46a2 sp=0x000000bb183fe250 mode 2
Event: 796.774 Thread 0x0000023a45798060 Uncommon trap: trap_request=0xffffff45 fr.pc=0x0000023a6faff2bc relative=0x000000000000093c
Event: 796.774 Thread 0x0000023a45798060 Uncommon trap: reason=unstable_if action=reinterpret pc=0x0000023a6faff2bc method=com.sun.javafx.sg.prism.NGCanvas.updateRendering(Lcom/sun/javafx/sg/prism/GrowableDataBuffer;)Z @ 48 c2
Event: 796.774 Thread 0x0000023a45798060 DEOPT PACKING pc=0x0000023a6faff2bc sp=0x000000bb17cfe7e0
Event: 796.775 Thread 0x0000023a45798060 DEOPT UNPACKING pc=0x0000023a6f0e46a2 sp=0x000000bb17cfe650 mode 2
Event: 796.775 Thread 0x0000023a45798060 Uncommon trap: trap_request=0xffffff45 fr.pc=0x0000023a6fb07a58 relative=0x0000000000000518
Event: 796.775 Thread 0x0000023a45798060 Uncommon trap: reason=unstable_if action=reinterpret pc=0x0000023a6fb07a58 method=javafx.scene.Scene$MouseHandler$1.run()V @ 10 c2
Event: 796.775 Thread 0x0000023a45798060 DEOPT PACKING pc=0x0000023a6fb07a58 sp=0x000000bb17cfeac0
Event: 796.775 Thread 0x0000023a45798060 DEOPT UNPACKING pc=0x0000023a6f0e46a2 sp=0x000000bb17cfe800 mode 2
Event: 796.820 Thread 0x0000023a45798060 Uncommon trap: trap_request=0xffffff45 fr.pc=0x0000023a6fab067c relative=0x00000000000003fc
Event: 796.820 Thread 0x0000023a45798060 Uncommon trap: reason=unstable_if action=reinterpret pc=0x0000023a6fab067c method=com.sun.javafx.sg.prism.NGCanvas.updateRendering(Lcom/sun/javafx/sg/prism/GrowableDataBuffer;)Z @ 48 c2
Event: 796.820 Thread 0x0000023a45798060 DEOPT PACKING pc=0x0000023a6fab067c sp=0x000000bb17cfe670
Event: 796.820 Thread 0x0000023a45798060 DEOPT UNPACKING pc=0x0000023a6f0e46a2 sp=0x000000bb17cfe620 mode 2
Event: 802.805 Thread 0x0000023a452911b0 Uncommon trap: trap_request=0xffffff45 fr.pc=0x0000023a6faf864c relative=0x0000000000001d2c
Event: 802.805 Thread 0x0000023a452911b0 Uncommon trap: reason=unstable_if action=reinterpret pc=0x0000023a6faf864c method=com.sun.javafx.tk.quantum.PresentingPainter.run()V @ 292 c2
Event: 802.805 Thread 0x0000023a452911b0 DEOPT PACKING pc=0x0000023a6faf864c sp=0x000000bb183ff430
Event: 802.805 Thread 0x0000023a452911b0 DEOPT UNPACKING pc=0x0000023a6f0e46a2 sp=0x000000bb183ff3f8 mode 2

Classes loaded (20 events):
Event: 11.693 Loading class sun/nio/fs/WindowsPath$WindowsPathWithAttributes
Event: 11.693 Loading class sun/nio/fs/BasicFileAttributesHolder
Event: 11.693 Loading class sun/nio/fs/BasicFileAttributesHolder done
Event: 11.694 Loading class sun/nio/fs/WindowsPath$WindowsPathWithAttributes done
Event: 11.696 Loading class sun/security/provider/AbstractDrbg$NonceProvider
Event: 11.696 Loading class sun/security/provider/AbstractDrbg$NonceProvider done
Event: 11.696 Loading class sun/security/provider/SHA2$SHA256
Event: 11.696 Loading class sun/security/provider/SHA2
Event: 11.696 Loading class sun/security/provider/SHA2 done
Event: 11.696 Loading class sun/security/provider/SHA2$SHA256 done
Event: 11.706 Loading class java/lang/Math$RandomNumberGeneratorHolder
Event: 11.706 Loading class java/lang/Math$RandomNumberGeneratorHolder done
Event: 796.751 Loading class jdk/internal/event/ThreadSleepEvent
Event: 796.751 Loading class jdk/internal/event/ThreadSleepEvent done
Event: 796.772 Loading class java/lang/Throwable$WrappedPrintStream
Event: 796.772 Loading class java/lang/Throwable$PrintStreamOrWriter
Event: 796.772 Loading class java/lang/Throwable$PrintStreamOrWriter done
Event: 796.772 Loading class java/lang/Throwable$WrappedPrintStream done
Event: 796.773 Loading class java/lang/StackTraceElement$HashedModules
Event: 796.773 Loading class java/lang/StackTraceElement$HashedModules done

Classes unloaded (0 events):
No events

Classes redefined (0 events):
No events

Internal exceptions (20 events):
Event: 0.979 Thread 0x0000023a45798060 Exception <a 'java/lang/NoSuchMethodError'{0x0000000712443c58}: 'java.lang.Object java.lang.invoke.DirectMethodHandle$Holder.invokeStatic(java.lang.Object, java.lang.Object, java.lang.Object, java.lang.Object, int)'> (0x0000000712443c58) 
thrown [s\open\src\hotspot\share\interpreter\linkResolver.cpp, line 773]
Event: 0.979 Thread 0x0000023a45798060 Exception <a 'java/lang/NoSuchMethodError'{0x000000071244c300}: 'int java.lang.invoke.DirectMethodHandle$Holder.invokeSpecial(java.lang.Object, java.lang.Object, java.lang.Object)'> (0x000000071244c300) 
thrown [s\open\src\hotspot\share\interpreter\linkResolver.cpp, line 773]
Event: 1.032 Thread 0x0000023a45798060 Exception <a 'java/lang/NoSuchMethodError'{0x00000007123eaf58}: 'long java.lang.invoke.DirectMethodHandle$Holder.invokeStatic(java.lang.Object, java.lang.Object, java.lang.Object)'> (0x00000007123eaf58) 
thrown [s\open\src\hotspot\share\interpreter\linkResolver.cpp, line 773]
Event: 1.032 Thread 0x0000023a45798060 Exception <a 'java/lang/NoSuchMethodError'{0x00000007123ee328}: 'long java.lang.invoke.DirectMethodHandle$Holder.invokeStaticInit(java.lang.Object, java.lang.Object, java.lang.Object)'> (0x00000007123ee328) 
thrown [s\open\src\hotspot\share\interpreter\linkResolver.cpp, line 773]
Event: 1.037 Thread 0x0000023a45798060 Exception <a 'java/lang/NoSuchMethodError'{0x0000000714c030f8}: 'java.lang.Object java.lang.invoke.DirectMethodHandle$Holder.newInvokeSpecial(java.lang.Object, java.lang.Object, long)'> (0x0000000714c030f8) 
thrown [s\open\src\hotspot\share\interpreter\linkResolver.cpp, line 773]
Event: 1.038 Thread 0x0000023a45798060 Exception <a 'java/lang/NoSuchMethodError'{0x0000000714c069f0}: 'java.lang.Object java.lang.invoke.Invokers$Holder.linkToTargetMethod(java.lang.Object, long, java.lang.Object)'> (0x0000000714c069f0) 
thrown [s\open\src\hotspot\share\interpreter\linkResolver.cpp, line 773]
Event: 1.051 Thread 0x0000023a452911b0 Exception <a 'java/lang/NoSuchMethodError'{0x0000000714dc5f80}: 'int java.lang.invoke.DirectMethodHandle$Holder.invokeStaticInit(java.lang.Object, java.lang.Object)'> (0x0000000714dc5f80) 
thrown [s\open\src\hotspot\share\interpreter\linkResolver.cpp, line 773]
Event: 1.058 Thread 0x0000023a452911b0 Exception <a 'java/lang/NoSuchMethodError'{0x0000000714a7bc80}: 'java.lang.Object java.lang.invoke.Invokers$Holder.invokeExact_MT(java.lang.Object, java.lang.Object, java.lang.Object, java.lang.Object, java.lang.Object)'> (0x0000000714a7bc80) 
thrown [s\open\src\hotspot\share\interpreter\linkResolver.cpp, line 773]
Event: 2.373 Thread 0x0000023a45798060 Exception <a 'java/lang/NoSuchMethodError'{0x00000007147597b0}: 'java.lang.Object java.lang.invoke.DirectMethodHandle$Holder.newInvokeSpecial(java.lang.Object, java.lang.Object, int, int, int, int, int, java.lang.Object)'> (0x00000007147597b0) 
thrown [s\open\src\hotspot\share\interpreter\linkResolver.cpp, line 773]
Event: 2.374 Thread 0x0000023a45798060 Exception <a 'java/lang/NoSuchMethodError'{0x000000071476b3c0}: 'java.lang.Object java.lang.invoke.DirectMethodHandle$Holder.newInvokeSpecial(java.lang.Object, java.lang.Object, java.lang.Object, int, int, int, int, int)'> (0x000000071476b3c0) 
thrown [s\open\src\hotspot\share\interpreter\linkResolver.cpp, line 773]
Event: 2.374 Thread 0x0000023a45798060 Exception <a 'java/lang/NoSuchMethodError'{0x0000000714772700}: 'java.lang.Object java.lang.invoke.Invokers$Holder.linkToTargetMethod(java.lang.Object, java.lang.Object, int, int, int, int, int, java.lang.Object)'> (0x0000000714772700) 
thrown [s\open\src\hotspot\share\interpreter\linkResolver.cpp, line 773]
Event: 11.688 Thread 0x0000023a45798060 Exception <a 'java/lang/NoSuchMethodError'{0x0000000713e11fe0}: 'java.lang.Object java.lang.invoke.DirectMethodHandle$Holder.invokeStaticInit(java.lang.Object, int, int, int, int)'> (0x0000000713e11fe0) 
thrown [s\open\src\hotspot\share\interpreter\linkResolver.cpp, line 773]
Event: 11.695 Thread 0x0000023a45798060 Exception <a 'java/lang/NoSuchMethodError'{0x0000000713e4cdf8}: 'java.lang.Object java.lang.invoke.DirectMethodHandle$Holder.invokeStaticInit(java.lang.Object, java.lang.Object, int, int, int, int)'> (0x0000000713e4cdf8) 
thrown [s\open\src\hotspot\share\interpreter\linkResolver.cpp, line 773]
Event: 173.901 Thread 0x0000023a452911b0 Implicit null exception at 0x0000023a6f9df4f2 to 0x0000023a6f9e1030
Event: 179.854 Thread 0x0000023a45798060 Implicit null exception at 0x0000023a6f8b9925 to 0x0000023a6f8b99dc
Event: 192.391 Thread 0x0000023a452911b0 Implicit null exception at 0x0000023a6f96fe5c to 0x0000023a6f970030
Event: 192.391 Thread 0x0000023a452911b0 Implicit null exception at 0x0000023a6f90caba to 0x0000023a6f90cb4c
Event: 192.392 Thread 0x0000023a452911b0 Implicit null exception at 0x0000023a6f94606a to 0x0000023a6f9460f8
Event: 206.058 Thread 0x0000023a452911b0 Exception <a 'java/lang/NoSuchMethodError'{0x0000000714d57d08}: 'java.lang.Object java.lang.invoke.DirectMethodHandle$Holder.invokeStaticInit(java.lang.Object, int)'> (0x0000000714d57d08) 
thrown [s\open\src\hotspot\share\interpreter\linkResolver.cpp, line 773]
Event: 206.063 Thread 0x0000023a452911b0 Implicit null exception at 0x0000023a6fa4e857 to 0x0000023a6fa506d4

ZGC Phase Switch (0 events):
No events

VM Operations (20 events):
Event: 802.887 Executing VM operation: G1PauseRemark done
Event: 802.890 Executing VM operation: G1PauseCleanup
Event: 802.891 Executing VM operation: G1PauseCleanup done
Event: 802.937 Executing VM operation: G1CollectForAllocation (G1 Evacuation Pause)
Event: 802.964 Executing VM operation: G1CollectForAllocation (G1 Evacuation Pause) done
Event: 802.988 Executing VM operation: G1CollectForAllocation (G1 Evacuation Pause)
Event: 803.017 Executing VM operation: G1CollectForAllocation (G1 Evacuation Pause) done
Event: 803.039 Executing VM operation: G1TryInitiateConcMark (G1 Humongous Allocation)
Event: 803.047 Executing VM operation: G1TryInitiateConcMark (G1 Humongous Allocation) done
Event: 803.051 Executing VM operation: G1TryInitiateConcMark (G1 Humongous Allocation)
Event: 803.059 Executing VM operation: G1TryInitiateConcMark (G1 Humongous Allocation) done
Event: 803.065 Executing VM operation: G1PauseRemark
Event: 803.068 Executing VM operation: G1PauseRemark done
Event: 803.070 Executing VM operation: G1PauseCleanup
Event: 803.070 Executing VM operation: G1PauseCleanup done
Event: 803.081 Executing VM operation: G1TryInitiateConcMark (G1 Humongous Allocation)
Event: 803.088 Executing VM operation: G1TryInitiateConcMark (G1 Humongous Allocation) done
Event: 803.093 Executing VM operation: G1TryInitiateConcMark (G1 Humongous Allocation)
Event: 803.099 Executing VM operation: G1TryInitiateConcMark (G1 Humongous Allocation) done
Event: 803.100 Executing VM operation: G1TryInitiateConcMark (G1 Humongous Allocation)

Events (20 events):
Event: 796.745 Thread 0x0000023a7ea4c380 flushing nmethod 0x0000023a6f7fab10
Event: 796.745 Thread 0x0000023a7ea4c380 flushing nmethod 0x0000023a6f7f0290
Event: 796.745 Thread 0x0000023a7ea4c380 flushing nmethod 0x0000023a6f7efd90
Event: 796.745 Thread 0x0000023a7ea4c380 flushing nmethod 0x0000023a6f7eeb10
Event: 796.745 Thread 0x0000023a7ea4c380 flushing nmethod 0x0000023a6f7f2910
Event: 796.745 Thread 0x0000023a7ea4c380 flushing nmethod 0x0000023a6f7ecc10
Event: 796.783 Thread 0x0000023a7ea4c380 flushing nmethod 0x0000023a67df5110
Event: 796.792 Thread 0x0000023a7ea4c380 flushing nmethod 0x0000023a6fafe690
Event: 796.792 Thread 0x0000023a7ea4c380 flushing nmethod 0x0000023a6fb07310
Event: 796.840 Thread 0x0000023a7ea4c380 flushing nmethod 0x0000023a6fab0090
Event: 796.943 Thread 0x0000023a7ea4c380 flushing nmethod 0x0000023a67de9990
Event: 796.943 Thread 0x0000023a7ea4c380 flushing nmethod 0x0000023a67de9290
Event: 797.227 Thread 0x0000023a7ea4c380 flushing nmethod 0x0000023a67d7df10
Event: 797.954 Thread 0x0000023a451fcc10 Thread exited: 0x0000023a451fcc10
Event: 798.950 Thread 0x0000023a451fbe70 Thread exited: 0x0000023a451fbe70
Event: 800.046 Thread 0x0000023a451fe750 Thread added: 0x0000023a451fe750
Event: 800.046 Thread 0x0000023a451fbe70 Thread added: 0x0000023a451fbe70
Event: 801.887 Thread 0x0000023a451fbe70 Thread exited: 0x0000023a451fbe70
Event: 802.927 Thread 0x0000023a451fe750 Thread exited: 0x0000023a451fe750
Event: 803.068 Thread 0x0000023a7ea4c380 flushing nmethod 0x0000023a6faf6310


Dynamic libraries:
0x00007ff7ff1b0000 - 0x00007ff7ff1be000 	C:\Dev\Java\jdk-21\bin\java.exe
0x00007ffe1ecb0000 - 0x00007ffe1eec7000 	C:\WINDOWS\SYSTEM32\ntdll.dll
0x00007ffe1d1c0000 - 0x00007ffe1d284000 	C:\WINDOWS\System32\KERNEL32.DLL
0x00007ffe1bfb0000 - 0x00007ffe1c369000 	C:\WINDOWS\System32\KERNELBASE.dll
0x00007ffe1c370000 - 0x00007ffe1c481000 	C:\WINDOWS\System32\ucrtbase.dll
0x00007ffdf9a50000 - 0x00007ffdf9a68000 	C:\Dev\Java\jdk-21\bin\jli.dll
0x00007ffdf23f0000 - 0x00007ffdf240b000 	C:\Dev\Java\jdk-21\bin\VCRUNTIME140.dll
0x00007ffe1e620000 - 0x00007ffe1e7ce000 	C:\WINDOWS\System32\USER32.dll
0x00007ffdf44e0000 - 0x00007ffdf4772000 	C:\WINDOWS\WinSxS\amd64_microsoft.windows.common-controls_6595b64144ccf1df_6.0.22621.4391_none_2715d37f73803e96\COMCTL32.dll
0x00007ffe1c9a0000 - 0x00007ffe1c9c6000 	C:\WINDOWS\System32\win32u.dll
0x00007ffe1ebc0000 - 0x00007ffe1ec67000 	C:\WINDOWS\System32\msvcrt.dll
0x00007ffe1e470000 - 0x00007ffe1e499000 	C:\WINDOWS\System32\GDI32.dll
0x00007ffe1c490000 - 0x00007ffe1c5ab000 	C:\WINDOWS\System32\gdi32full.dll
0x00007ffe1c790000 - 0x00007ffe1c82a000 	C:\WINDOWS\System32\msvcp_win.dll
0x00007ffe1dbb0000 - 0x00007ffe1dbe1000 	C:\WINDOWS\System32\IMM32.DLL
0x00007ffdfa000000 - 0x00007ffdfa00c000 	C:\Dev\Java\jdk-21\bin\vcruntime140_1.dll
0x00007ffdc1b80000 - 0x00007ffdc1c0e000 	C:\Dev\Java\jdk-21\bin\msvcp140.dll
0x00007ffd623a0000 - 0x00007ffd630b3000 	C:\Dev\Java\jdk-21\bin\server\jvm.dll
0x00007ffe1d070000 - 0x00007ffe1d122000 	C:\WINDOWS\System32\ADVAPI32.dll
0x00007ffe1d300000 - 0x00007ffe1d3a7000 	C:\WINDOWS\System32\sechost.dll
0x00007ffe1c5b0000 - 0x00007ffe1c5d8000 	C:\WINDOWS\System32\bcrypt.dll
0x00007ffe1e500000 - 0x00007ffe1e614000 	C:\WINDOWS\System32\RPCRT4.dll
0x00007ffe1cc30000 - 0x00007ffe1cca1000 	C:\WINDOWS\System32\WS2_32.dll
0x00007ffe1ad10000 - 0x00007ffe1ad5d000 	C:\WINDOWS\SYSTEM32\POWRPROF.dll
0x00007ffe13410000 - 0x00007ffe13444000 	C:\WINDOWS\SYSTEM32\WINMM.dll
0x00007ffe13890000 - 0x00007ffe1389a000 	C:\WINDOWS\SYSTEM32\VERSION.dll
0x00007ffe1acf0000 - 0x00007ffe1ad03000 	C:\WINDOWS\SYSTEM32\UMPDC.dll
0x00007ffe1afb0000 - 0x00007ffe1afc8000 	C:\WINDOWS\SYSTEM32\kernel.appcore.dll
0x00007ffdf9c10000 - 0x00007ffdf9c1a000 	C:\Dev\Java\jdk-21\bin\jimage.dll
0x00007ffdfb7c0000 - 0x00007ffdfb9f2000 	C:\WINDOWS\SYSTEM32\DBGHELP.DLL
0x00007ffe1e7d0000 - 0x00007ffe1eb5f000 	C:\WINDOWS\System32\combase.dll
0x00007ffe1d4c0000 - 0x00007ffe1d597000 	C:\WINDOWS\System32\OLEAUT32.dll
0x00007ffdfc520000 - 0x00007ffdfc552000 	C:\WINDOWS\SYSTEM32\dbgcore.DLL
0x00007ffe1c710000 - 0x00007ffe1c78b000 	C:\WINDOWS\System32\bcryptPrimitives.dll
0x00007ffdf1d40000 - 0x00007ffdf1d5f000 	C:\Dev\Java\jdk-21\bin\java.dll
0x00007ffe1dbf0000 - 0x00007ffe1e466000 	C:\WINDOWS\System32\SHELL32.dll
0x00007ffe19d10000 - 0x00007ffe1a613000 	C:\WINDOWS\SYSTEM32\windows.storage.dll
0x00007ffe19bd0000 - 0x00007ffe19d0f000 	C:\WINDOWS\SYSTEM32\wintypes.dll
0x00007ffe1daa0000 - 0x00007ffe1db99000 	C:\WINDOWS\System32\SHCORE.dll
0x00007ffe1d290000 - 0x00007ffe1d2ee000 	C:\WINDOWS\System32\shlwapi.dll
0x00007ffe1bee0000 - 0x00007ffe1bf0b000 	C:\WINDOWS\SYSTEM32\profapi.dll
0x00007ffdbbb70000 - 0x00007ffdbbc47000 	C:\Dev\Java\jdk-21\bin\jsvml.dll
0x00007ffdf9ad0000 - 0x00007ffdf9ae0000 	C:\Dev\Java\jdk-21\bin\net.dll
0x00007ffe1afd0000 - 0x00007ffe1b106000 	C:\WINDOWS\SYSTEM32\WINHTTP.dll
0x00007ffe1b560000 - 0x00007ffe1b5c9000 	C:\WINDOWS\system32\mswsock.dll
0x00007ffdf0ac0000 - 0x00007ffdf0ad6000 	C:\Dev\Java\jdk-21\bin\nio.dll
0x00007ffdf1030000 - 0x00007ffdf1048000 	C:\Dev\Java\jdk-21\bin\zip.dll
0x0000023a5d7c0000 - 0x0000023a5d7c3000 	C:\Users\szimmn\.openjfx\cache\16\api-ms-win-core-console-l1-1-0.dll
0x0000023a5d7d0000 - 0x0000023a5d7d3000 	C:\Users\szimmn\.openjfx\cache\16\api-ms-win-core-console-l1-2-0.dll
0x0000023a5d7e0000 - 0x0000023a5d7e3000 	C:\Users\szimmn\.openjfx\cache\16\api-ms-win-core-datetime-l1-1-0.dll
0x0000023a5d7f0000 - 0x0000023a5d7f3000 	C:\Users\szimmn\.openjfx\cache\16\api-ms-win-core-debug-l1-1-0.dll
0x0000023a5d800000 - 0x0000023a5d803000 	C:\Users\szimmn\.openjfx\cache\16\api-ms-win-core-errorhandling-l1-1-0.dll
0x0000023a5f6f0000 - 0x0000023a5f6f4000 	C:\Users\szimmn\.openjfx\cache\16\api-ms-win-core-file-l1-1-0.dll
0x0000023a5f700000 - 0x0000023a5f703000 	C:\Users\szimmn\.openjfx\cache\16\api-ms-win-core-file-l1-2-0.dll
0x0000023a5f710000 - 0x0000023a5f713000 	C:\Users\szimmn\.openjfx\cache\16\api-ms-win-core-file-l2-1-0.dll
0x0000023a5f720000 - 0x0000023a5f723000 	C:\Users\szimmn\.openjfx\cache\16\api-ms-win-core-handle-l1-1-0.dll
0x0000023a5f730000 - 0x0000023a5f733000 	C:\Users\szimmn\.openjfx\cache\16\api-ms-win-core-heap-l1-1-0.dll
0x0000023a5f740000 - 0x0000023a5f743000 	C:\Users\szimmn\.openjfx\cache\16\api-ms-win-core-interlocked-l1-1-0.dll
0x0000023a5f750000 - 0x0000023a5f753000 	C:\Users\szimmn\.openjfx\cache\16\api-ms-win-core-libraryloader-l1-1-0.dll
0x0000023a5f760000 - 0x0000023a5f763000 	C:\Users\szimmn\.openjfx\cache\16\api-ms-win-core-localization-l1-2-0.dll
0x0000023a5f770000 - 0x0000023a5f773000 	C:\Users\szimmn\.openjfx\cache\16\api-ms-win-core-memory-l1-1-0.dll
0x0000023a5f780000 - 0x0000023a5f783000 	C:\Users\szimmn\.openjfx\cache\16\api-ms-win-core-namedpipe-l1-1-0.dll
0x0000023a5f790000 - 0x0000023a5f793000 	C:\Users\szimmn\.openjfx\cache\16\api-ms-win-core-processenvironment-l1-1-0.dll
0x0000023a5f7a0000 - 0x0000023a5f7a3000 	C:\Users\szimmn\.openjfx\cache\16\api-ms-win-core-processthreads-l1-1-0.dll
0x0000023a5f7b0000 - 0x0000023a5f7b3000 	C:\Users\szimmn\.openjfx\cache\16\api-ms-win-core-processthreads-l1-1-1.dll
0x0000023a7fdb0000 - 0x0000023a7fdb3000 	C:\Users\szimmn\.openjfx\cache\16\api-ms-win-core-profile-l1-1-0.dll
0x0000023a7fdc0000 - 0x0000023a7fdc3000 	C:\Users\szimmn\.openjfx\cache\16\api-ms-win-core-rtlsupport-l1-1-0.dll
0x0000023a7fdd0000 - 0x0000023a7fdd3000 	C:\Users\szimmn\.openjfx\cache\16\api-ms-win-core-string-l1-1-0.dll
0x0000023a7fde0000 - 0x0000023a7fde3000 	C:\Users\szimmn\.openjfx\cache\16\api-ms-win-core-synch-l1-1-0.dll
0x0000023a7fdf0000 - 0x0000023a7fdf3000 	C:\Users\szimmn\.openjfx\cache\16\api-ms-win-core-synch-l1-2-0.dll
0x0000023a7fe00000 - 0x0000023a7fe03000 	C:\Users\szimmn\.openjfx\cache\16\api-ms-win-core-sysinfo-l1-1-0.dll
0x0000023a7fe10000 - 0x0000023a7fe13000 	C:\Users\szimmn\.openjfx\cache\16\api-ms-win-core-timezone-l1-1-0.dll
0x0000023a7fe20000 - 0x0000023a7fe23000 	C:\Users\szimmn\.openjfx\cache\16\api-ms-win-core-util-l1-1-0.dll
0x0000023a7fe30000 - 0x0000023a7fe33000 	C:\Users\szimmn\.openjfx\cache\16\api-ms-win-crt-conio-l1-1-0.dll
0x0000023a7fe40000 - 0x0000023a7fe44000 	C:\Users\szimmn\.openjfx\cache\16\api-ms-win-crt-convert-l1-1-0.dll
0x0000023a7fe50000 - 0x0000023a7fe53000 	C:\Users\szimmn\.openjfx\cache\16\api-ms-win-crt-environment-l1-1-0.dll
0x0000023a7fe60000 - 0x0000023a7fe63000 	C:\Users\szimmn\.openjfx\cache\16\api-ms-win-crt-filesystem-l1-1-0.dll
0x0000023a7fe70000 - 0x0000023a7fe73000 	C:\Users\szimmn\.openjfx\cache\16\api-ms-win-crt-heap-l1-1-0.dll
0x0000023a7fe80000 - 0x0000023a7fe83000 	C:\Users\szimmn\.openjfx\cache\16\api-ms-win-crt-locale-l1-1-0.dll
0x0000023a7fe90000 - 0x0000023a7fe95000 	C:\Users\szimmn\.openjfx\cache\16\api-ms-win-crt-math-l1-1-0.dll
0x0000023a7fea0000 - 0x0000023a7fea5000 	C:\Users\szimmn\.openjfx\cache\16\api-ms-win-crt-multibyte-l1-1-0.dll
0x0000023a7feb0000 - 0x0000023a7fec0000 	C:\Users\szimmn\.openjfx\cache\16\api-ms-win-crt-private-l1-1-0.dll
0x0000023a7fec0000 - 0x0000023a7fec3000 	C:\Users\szimmn\.openjfx\cache\16\api-ms-win-crt-process-l1-1-0.dll
0x0000023a7fed0000 - 0x0000023a7fed4000 	C:\Users\szimmn\.openjfx\cache\16\api-ms-win-crt-runtime-l1-1-0.dll
0x0000023a7fee0000 - 0x0000023a7fee4000 	C:\Users\szimmn\.openjfx\cache\16\api-ms-win-crt-stdio-l1-1-0.dll
0x0000023a7fef0000 - 0x0000023a7fef4000 	C:\Users\szimmn\.openjfx\cache\16\api-ms-win-crt-string-l1-1-0.dll
0x0000023a7ff00000 - 0x0000023a7ff03000 	C:\Users\szimmn\.openjfx\cache\16\api-ms-win-crt-time-l1-1-0.dll
0x0000023a7ff10000 - 0x0000023a7ff13000 	C:\Users\szimmn\.openjfx\cache\16\api-ms-win-crt-utility-l1-1-0.dll
0x00007ffdb2e10000 - 0x00007ffdb2f0c000 	C:\Users\szimmn\.openjfx\cache\16\ucrtbase.dll
0x00007ffdf0430000 - 0x00007ffdf0449000 	C:\Users\szimmn\.openjfx\cache\16\vcruntime140.dll
0x00007ffdf1640000 - 0x00007ffdf164c000 	C:\Users\szimmn\.openjfx\cache\16\vcruntime140_1.dll
0x00007ffdbb980000 - 0x00007ffdbba11000 	C:\Users\szimmn\.openjfx\cache\16\msvcp140.dll
0x00007ffdea260000 - 0x00007ffdea287000 	C:\Users\szimmn\.openjfx\cache\16\prism_d3d.dll
0x00007ffdcef20000 - 0x00007ffdcf0c8000 	C:\WINDOWS\system32\d3d9.dll
0x00007ffe193f0000 - 0x00007ffe1941b000 	C:\WINDOWS\SYSTEM32\dwmapi.dll
0x00007ffe192a0000 - 0x00007ffe192d7000 	C:\WINDOWS\SYSTEM32\dxcore.dll
0x00007ffe191b0000 - 0x00007ffe19261000 	C:\WINDOWS\system32\uxtheme.dll
0x00007ffdceaf0000 - 0x00007ffdceba0000 	C:\WINDOWS\SYSTEM32\d3d9on12.dll
0x00007ffe192e0000 - 0x00007ffe193d7000 	C:\WINDOWS\SYSTEM32\dxgi.dll
0x00007ffdceac0000 - 0x00007ffdceae6000 	C:\WINDOWS\SYSTEM32\d3d12.dll
0x00007ffe1bca0000 - 0x00007ffe1bcee000 	C:\WINDOWS\SYSTEM32\cfgmgr32.dll
0x00007ffdce8b0000 - 0x00007ffdceab2000 	C:\WINDOWS\SYSTEM32\D3D12Core.dll
0x00007ffdce7b0000 - 0x00007ffdce8a3000 	C:\WINDOWS\System32\DriverStore\FileRepository\iigd_dch.inf_amd64_74bb2d3c7fa105e5\igd12umd64.dll
0x00007ffdcd520000 - 0x00007ffdce7a5000 	C:\WINDOWS\System32\DriverStore\FileRepository\iigd_dch.inf_amd64_74bb2d3c7fa105e5\igd12um64xel.dll
0x00007ffe1c830000 - 0x00007ffe1c996000 	C:\WINDOWS\System32\CRYPT32.dll
0x00007ffe1ccb0000 - 0x00007ffe1ce55000 	C:\WINDOWS\System32\ole32.dll
0x00007ffe06220000 - 0x00007ffe06382000 	C:\WINDOWS\SYSTEM32\drvstore.dll
0x00007ffdcd4f0000 - 0x00007ffdcd516000 	C:\WINDOWS\System32\DriverStore\FileRepository\iigd_dch.inf_amd64_74bb2d3c7fa105e5\igdext64.dll
0x00007ffdcd4a0000 - 0x00007ffdcd4e9000 	C:\WINDOWS\SYSTEM32\ControlLib.dll
0x00007ffe137a0000 - 0x00007ffe13831000 	C:\WINDOWS\System32\DriverStore\FileRepository\iigd_dch.inf_amd64_74bb2d3c7fa105e5\IntelControlLib.dll
0x00007ffe16bb0000 - 0x00007ffe16bf9000 	C:\WINDOWS\SYSTEM32\directxdatabasehelper.dll
0x00007ffe10840000 - 0x00007ffe10c7e000 	C:\WINDOWS\System32\DriverStore\FileRepository\iigd_dch.inf_amd64_74bb2d3c7fa105e5\igdgmm64.dll
0x00007ffe08420000 - 0x00007ffe0c474000 	C:\WINDOWS\System32\DriverStore\FileRepository\iigd_dch.inf_amd64_74bb2d3c7fa105e5\igc64.dll
0x00007ffdccaf0000 - 0x00007ffdccb1f000 	C:\WINDOWS\SYSTEM32\D3DSCache.dll
0x00007ffe1b600000 - 0x00007ffe1b628000 	C:\WINDOWS\SYSTEM32\USERENV.dll
0x00007ffdcc7e0000 - 0x00007ffdccaec000 	C:\WINDOWS\System32\DriverStore\FileRepository\iigd_dch.inf_amd64_74bb2d3c7fa105e5\igd12dxva64.dll
0x00007ffe1d5a0000 - 0x00007ffe1da14000 	C:\WINDOWS\System32\SETUPAPI.dll
0x00007ffdcb600000 - 0x00007ffdcc7dd000 	C:\WINDOWS\System32\DriverStore\FileRepository\iigd_dch.inf_amd64_74bb2d3c7fa105e5\igddxvacommon64.dll
0x00007ffdc98d0000 - 0x00007ffdcb5fb000 	C:\WINDOWS\System32\DriverStore\FileRepository\iigd_dch.inf_amd64_74bb2d3c7fa105e5\media_bin_64.dll
0x00007ffdc98a0000 - 0x00007ffdc98c7000 	C:\WINDOWS\System32\DriverStore\FileRepository\iigd_dch.inf_amd64_74bb2d3c7fa105e5\igdinfo64.dll
0x00007ffe140c0000 - 0x00007ffe14364000 	C:\WINDOWS\SYSTEM32\twinapi.appcore.dll
0x00007ffddedf0000 - 0x00007ffddee32000 	C:\Users\szimmn\.openjfx\cache\16\glass.dll
0x00007ffe1d3c0000 - 0x00007ffe1d4bf000 	C:\WINDOWS\System32\COMDLG32.dll
0x00007ffe1ce60000 - 0x00007ffe1cfc0000 	C:\WINDOWS\System32\MSCTF.dll
0x00007ffdea420000 - 0x00007ffdea434000 	C:\Users\szimmn\.openjfx\cache\16\javafx_font.dll
0x00007ffe178a0000 - 0x00007ffe17b13000 	C:\WINDOWS\SYSTEM32\dwrite.dll
0x00007ffe1cfc0000 - 0x00007ffe1d070000 	C:\WINDOWS\System32\clbcatq.dll
0x00007ffe19000000 - 0x00007ffe191b0000 	C:\WINDOWS\SYSTEM32\WindowsCodecs.dll

dbghelp: loaded successfully - version: 4.0.5 - missing functions: none
symbol engine: initialized successfully - sym options: 0x614 - pdb path: .;C:\Dev\Java\jdk-21\bin;C:\WINDOWS\SYSTEM32;C:\WINDOWS\WinSxS\amd64_microsoft.windows.common-controls_6595b64144ccf1df_6.0.22621.4391_none_2715d37f73803e96;C:\Dev\Java\jdk-21\bin\server;C:\Users\szimmn\.openjfx\cache\16;C:\WINDOWS\System32\DriverStore\FileRepository\iigd_dch.inf_amd64_74bb2d3c7fa105e5;C:\Program Files\Common Files\Microsoft Shared\Ink

VM Arguments:
jvm_args: --add-modules=javafx.controls,javafx.graphics,javafx.media --module-path=C:\Users\szimmn\.gradle\caches\modules-2\files-2.1\org.openjfx\javafx-controls\16\65cdeae29c67d25932dcc66ca4f7d269923631ba\javafx-controls-16-win.jar;C:\Users\szimmn\.gradle\caches\modules-2\files-2.1\org.openjfx\javafx-media\16\6d776658906fc25051734bc6b03f214cc72c808e\javafx-media-16-win.jar;C:\Users\szimmn\.gradle\caches\modules-2\files-2.1\org.openjfx\javafx-graphics\16\cd18f8477818b40cfdbcfec7e2fc15f632f0a2f\javafx-graphics-16-win.jar;C:\Users\szimmn\.gradle\caches\modules-2\files-2.1\org.openjfx\javafx-base\16\e0564fea3f27dd3a10fa62e5005612333fc244bc\javafx-base-16-win.jar -Dfile.encoding=UTF-8 -Duser.country=CH -Duser.language=de -Duser.variant 
java_command: ch.bbcag.main.Launcher
java_class_path (initial): C:\Users\szimmn\IdeaProjects\snake\build\classes\java\main;C:\Users\szimmn\IdeaProjects\snake\build\resources\main
Launcher Type: SUN_STANDARD

[Global flags]
     intx CICompilerCount                          = 12                                        {product} {ergonomic}
     uint ConcGCThreads                            = 4                                         {product} {ergonomic}
     uint G1ConcRefinementThreads                  = 15                                        {product} {ergonomic}
   size_t G1HeapRegionSize                         = 2097152                                   {product} {ergonomic}
    uintx GCDrainStackTargetSize                   = 64                                        {product} {ergonomic}
   size_t InitialHeapSize                          = 264241152                                 {product} {ergonomic}
   size_t MarkStackSize                            = 4194304                                   {product} {ergonomic}
   size_t MaxHeapSize                              = 4208984064                                {product} {ergonomic}
   size_t MaxNewSize                               = 2524971008                                {product} {ergonomic}
   size_t MinHeapDeltaBytes                        = 2097152                                   {product} {ergonomic}
   size_t MinHeapSize                              = 8388608                                   {product} {ergonomic}
    uintx NonNMethodCodeHeapSize                   = 7602480                                {pd product} {ergonomic}
    uintx NonProfiledCodeHeapSize                  = 122027880                              {pd product} {ergonomic}
    uintx ProfiledCodeHeapSize                     = 122027880                              {pd product} {ergonomic}
    uintx ReservedCodeCacheSize                    = 251658240                              {pd product} {ergonomic}
     bool SegmentedCodeCache                       = true                                      {product} {ergonomic}
   size_t SoftMaxHeapSize                          = 4208984064                             {manageable} {ergonomic}
     bool UseCompressedOops                        = true                           {product lp64_product} {ergonomic}
     bool UseG1GC                                  = true                                      {product} {ergonomic}
     bool UseLargePagesIndividualAllocation        = false                                  {pd product} {ergonomic}

Logging:
Log output configuration:
 #0: stdout all=warning uptime,level,tags foldmultilines=false
 #1: stderr all=off uptime,level,tags foldmultilines=false

Environment Variables:
JAVA_HOME=C:\Dev\Java\jdk-21
PATH=C:\Program Files\Common Files\Oracle\Java\javapath;C:\Program Files (x86)\Common Files\Oracle\Java\java8path;C:\Program Files (x86)\Common Files\Oracle\Java\javapath;C:\Program Files (x86)\VMware\VMware Workstation\bin\;C:\WINDOWS\system32;C:\WINDOWS;C:\WINDOWS\System32\Wbem;C:\WINDOWS\System32\WindowsPowerShell\v1.0\;C:\WINDOWS\System32\OpenSSH\;C:\Program Files\Microsoft VS Code\bin;C:\Program Files\Git\cmd;C:\Dev\Java\jdk-21\bin;C:\Program Files\PuTTY\;C:\Program Files\nodejs\;C:\Users\szimmn\AppData\Local\Programs\Python\Launcher\;C:\Program Files\MySQL\MySQL Shell 8.0\bin\;C:\Users\szimmn\AppData\Local\Programs\Python\Python311\Scripts\;C:\Users\szimmn\AppData\Local\Programs\Python\Python311\;C:\Users\szimmn\AppData\Local\Microsoft\WindowsApps;C:\Users\szimmn\AppData\Local\spicetify;C:\Users\szimmn\AppData\Local\JetBrains\Toolbox\scripts;C:\Users\szimmn\AppData\Roaming\npm
USERNAME=szimmn
OS=Windows_NT
PROCESSOR_IDENTIFIER=Intel64 Family 6 Model 151 Stepping 2, GenuineIntel
TMP=C:\Users\szimmn\AppData\Local\Temp
TEMP=C:\Users\szimmn\AppData\Local\Temp




---------------  S Y S T E M  ---------------

OS:
 Windows 11 , 64 bit Build 22621 (10.0.22621.4391)
OS uptime: 1 days 3:48 hours
Hyper-V role detected

CPU: total 20 (initial active 20) (10 cores per cpu, 2 threads per core) family 6 model 151 stepping 2 microcode 0x35, cx8, cmov, fxsr, ht, mmx, 3dnowpref, sse, sse2, sse3, ssse3, sse4.1, sse4.2, popcnt, lzcnt, tsc, tscinvbit, avx, avx2, aes, erms, clmul, bmi1, bmi2, adx, sha, fma, vzeroupper, clflush, clflushopt, clwb, hv, serialize, rdtscp, rdpid, fsrm, f16c, cet_ibt, cet_ss
Processor Information for all 20 processors :
  Max Mhz: 2100, Current Mhz: 2100, Mhz Limit: 2100

Memory: 4k page, system-wide physical 16053M (3479M free)
TotalPageFile size 65170M (AvailPageFile size 114M)
current process WorkingSet (physical memory assigned to process): 525M, peak: 525M
current process commit charge ("private bytes"): 49254M, peak: 50282M

vm_info: OpenJDK 64-Bit Server VM (21+35-2513) for windows-amd64 JRE (21+35-2513), built on 2023-08-09T20:25:10Z by "mach5one" with MS VC++ 17.1 (VS2022)

END.
